#
# A fatal error has been detected by the Java Runtime Environment:
#
#  EXCEPTION_ACCESS_VIOLATION (0xc0000005) at pc=0x00007ffb712ce0a9, pid=6084, tid=1840
#
# JRE version: OpenJDK Runtime Environment Microsoft-8035246 (17.0.8+7) (build 17.0.8+7-LTS)
# Java VM: OpenJDK 64-Bit Server VM Microsoft-8035246 (17.0.8+7-LTS, mixed mode, sharing, tiered, compressed oops, compressed class ptrs, g1 gc, windows-amd64)
# Problematic frame:
# V  [jvm.dll+0x2be0a9]
#
# No core dump will be written. Minidumps are not enabled by default on client versions of Windows
#
# If you would like to submit a bug report, please visit:
#   https://github.com/microsoft/openjdk/issues
#

---------------  S U M M A R Y ------------

Command Line: -XX:MaxMetaspaceSize=512m --add-opens=java.base/java.util=ALL-UNNAMED --add-opens=java.base/java.lang=ALL-UNNAMED --add-opens=java.base/java.lang.invoke=ALL-UNNAMED --add-opens=java.prefs/java.util.prefs=ALL-UNNAMED --add-opens=java.base/java.nio.charset=ALL-UNNAMED --add-opens=java.base/java.net=ALL-UNNAMED --add-opens=java.base/java.util.concurrent.atomic=ALL-UNNAMED -Xmx2048m -Dfile.encoding=windows-1252 -Duser.country=US -Duser.language=en -Duser.variant -javaagent:C:\Users\Gabriel\.gradle\wrapper\dists\gradle-8.3-all\6en3ugtfdg5xnpx44z4qbwgas\gradle-8.3\lib\agents\gradle-instrumentation-agent-8.3.jar org.gradle.launcher.daemon.bootstrap.GradleDaemon 8.3

Host: Intel(R) Core(TM) i3-9100F CPU @ 3.60GHz, 4 cores, 7G,  Windows 11 , 64 bit Build 26020 (10.0.26020.1000)
Time: Wed Jan 17 11:51:27 2024 E. South America Standard Time elapsed time: 53.836917 seconds (0d 0h 0m 53s)

---------------  T H R E A D  ---------------

Current thread (0x0000020a157d1390):  JavaThread "C2 CompilerThread0" daemon [_thread_in_native, id=1840, stack(0x000000cab0d00000,0x000000cab0e00000)]


Current CompileTask:
C2:  53836 15643   !   4       org.gradle.cache.internal.DefaultMultiProcessSafeIndexedCache::getIfPresent (25 bytes)

Stack: [0x000000cab0d00000,0x000000cab0e00000],  sp=0x000000cab0dfb640,  free space=1005k
Native frames: (J=compiled Java code, j=interpreted, Vv=VM code, C=native code)
V  [jvm.dll+0x2be0a9]
V  [jvm.dll+0x21ba8b]
V  [jvm.dll+0x21944b]
V  [jvm.dll+0x1a56b6]
V  [jvm.dll+0x2291ea]
V  [jvm.dll+0x22724c]
V  [jvm.dll+0x7efd0c]
V  [jvm.dll+0x7ea13a]
V  [jvm.dll+0x67ad85]
C  [ucrtbase.dll+0x6e240]
C  [KERNEL32.DLL+0x2c7e7]
C  [ntdll.dll+0x4c7c0]


siginfo: EXCEPTION_ACCESS_VIOLATION (0xc0000005), reading address 0x0000000000000028


Register to memory mapping:

RIP=0x00007ffb712ce0a9 jvm.dll
RAX=0x0000020a429e73a0 points into unknown readable memory: 0x0000000000000000 | 00 00 00 00 00 00 00 00
RBX=0x00000000000017d6 is an unknown value
RCX=0x0 is NULL
RDX=0x0 is NULL
RSP=0x000000cab0dfb640 is pointing into the stack for thread: 0x0000020a157d1390
RBP=0x000000cab0dfb6b0 is pointing into the stack for thread: 0x0000020a157d1390
RSI=0x0 is NULL
RDI=0x0000000000000048 is an unknown value
R8 =0x000000000000ffe0 is an unknown value
R9 =0x0 is NULL
R10=0x00007ffbc0ee0000 VCRUNTIME140.dll
R11=0x0000020a429e73c0 points into unknown readable memory: 0x0000000000000000 | 00 00 00 00 00 00 00 00
R12=0x0000000000000050 is an unknown value
R13=0x0 is NULL
R14=0x0 is NULL
R15=0x000000cab0dfe860 is pointing into the stack for thread: 0x0000020a157d1390


Registers:
RAX=0x0000020a429e73a0, RBX=0x00000000000017d6, RCX=0x0000000000000000, RDX=0x0000000000000000
RSP=0x000000cab0dfb640, RBP=0x000000cab0dfb6b0, RSI=0x0000000000000000, RDI=0x0000000000000048
R8 =0x000000000000ffe0, R9 =0x0000000000000000, R10=0x00007ffbc0ee0000, R11=0x0000020a429e73c0
R12=0x0000000000000050, R13=0x0000000000000000, R14=0x0000000000000000, R15=0x000000cab0dfe860
RIP=0x00007ffb712ce0a9, EFLAGS=0x0000000000010202

Top of Stack: (sp=0x000000cab0dfb640)
0x000000cab0dfb640:   00000000000017d6 0000000000000000
0x000000cab0dfb650:   000000cab0dfe860 00007ffb712338d1
0x000000cab0dfb660:   0000020a157ced40 00007ffb00002000
0x000000cab0dfb670:   0000020a429e73a0 0000020a00000000
0x000000cab0dfb680:   0000020a00000002 0000020a3b99e970
0x000000cab0dfb690:   0000000000000002 0000020a157ced40
0x000000cab0dfb6a0:   0000000000000000 0000000000000000
0x000000cab0dfb6b0:   0000020a157be7b0 0000020a773e44e0
0x000000cab0dfb6c0:   0000000000000048 00007ffb71954c08
0x000000cab0dfb6d0:   000000cab0dfb7e0 00007ffb7122ba8b
0x000000cab0dfb6e0:   000000cab0dfe860 00007ffb71954c08
0x000000cab0dfb6f0:   000000cab0dfe860 000000cab0dfb7e0
0x000000cab0dfb700:   0000020a00000000 00007ffb7162b7fb
0x000000cab0dfb710:   000000ca0000000f 000000cab0dfe860
0x000000cab0dfb720:   000000cab0dfb890 0000000000000000
0x000000cab0dfb730:   0000020a00000100 00007ffb71954c08 

Instructions: (pc=0x00007ffb712ce0a9)
0x00007ffb712cdfa9:   3b d0 75 0b ff c1 41 3b c9 7c dc 48 8b c2 c3 33
0x00007ffb712cdfb9:   c0 c3 cc cc cc cc cc 48 89 5c 24 18 55 56 57 41
0x00007ffb712cdfc9:   55 41 57 48 8b ec 48 83 ec 70 65 48 8b 04 25 58
0x00007ffb712cdfd9:   00 00 00 48 8b f2 44 8b 05 d2 8b 90 00 4c 8b f9
0x00007ffb712cdfe9:   4a 8b 1c c0 b8 50 00 00 00 80 3c 18 00 75 05 e8
0x00007ffb712cdff9:   8b 6f 5d 00 b8 20 00 00 00 48 8b 04 18 48 8b 98
0x00007ffb712ce009:   38 02 00 00 48 89 5d b0 c7 45 b8 04 00 00 00 48
0x00007ffb712ce019:   8b 43 18 48 83 f8 df 76 18 4c 8d 05 37 a9 65 00
0x00007ffb712ce029:   ba 20 00 00 00 48 8b cb e8 5a eb de ff 48 8b 43
0x00007ffb712ce039:   18 48 8d 48 20 48 3b 4b 20 76 11 45 33 c0 48 8b
0x00007ffb712ce049:   cb 41 8d 50 20 e8 fd e8 de ff eb 04 48 89 4b 18
0x00007ffb712ce059:   44 8b 45 b8 33 d2 49 c1 e0 03 48 8b c8 48 89 45
0x00007ffb712ce069:   c0 e8 e3 80 5d 00 45 33 ed 48 8d 4d d0 44 89 6d
0x00007ffb712ce079:   c8 e8 01 59 56 00 41 8b 9f 40 02 00 00 41 2b 9f
0x00007ffb712ce089:   68 02 00 00 44 89 6d f0 3b 5d b8 72 0b 8b d3 48
0x00007ffb712ce099:   8d 4d b0 e8 6f b3 39 00 48 8b 45 c0 4c 89 2c d8
0x00007ffb712ce0a9:   8b 7e 28 8b df c1 eb 05 3b 5d d0 72 0b 8b d3 48
0x00007ffb712ce0b9:   8d 4d d0 e8 1f 59 56 00 48 8b 45 d8 83 e7 1f 48
0x00007ffb712ce0c9:   8d 14 98 40 0f b6 cf 41 b8 01 00 00 00 41 d3 e0
0x00007ffb712ce0d9:   8b 0a 8b c1 41 0b c0 89 02 41 85 c8 75 21 8b 5d
0x00007ffb712ce0e9:   c8 8d 43 01 89 45 c8 3b 5d b8 72 0b 8b d3 48 8d
0x00007ffb712ce0f9:   4d b0 e8 10 b3 39 00 48 8b 45 c0 48 89 34 d8 44
0x00007ffb712ce109:   39 6d c8 0f 86 77 01 00 00 4c 89 a4 24 a0 00 00
0x00007ffb712ce119:   00 4c 89 b4 24 a8 00 00 00 48 8b 45 c0 41 8b cd
0x00007ffb712ce129:   48 8b 34 c8 8b 46 2c 25 ff 1f 00 00 3d 04 10 00
0x00007ffb712ce139:   00 0f 85 a7 00 00 00 bb 01 00 00 00 39 5e 18 76
0x00007ffb712ce149:   39 66 0f 1f 44 00 00 48 8b 46 08 8b cb 48 8b 14
0x00007ffb712ce159:   c8 48 85 d2 74 1d 48 83 7a 10 00 74 16 80 7a 2c
0x00007ffb712ce169:   84 74 10 e8 7f 7e ee ff 48 8b d0 49 8b cf e8 a4
0x00007ffb712ce179:   61 f6 ff ff c3 3b 5e 18 72 cd 48 8b 5e 10 8b 46
0x00007ffb712ce189:   20 4c 8d 34 c3 49 3b de 73 54 48 8b 3b 8b 47 2c
0x00007ffb712ce199:   83 e0 03 3c 03 75 2e 48 8b 07 48 8b cf ff 90 88 


Stack slot to memory mapping:
stack at sp + 0 slots: 0x00000000000017d6 is an unknown value
stack at sp + 1 slots: 0x0 is NULL
stack at sp + 2 slots: 0x000000cab0dfe860 is pointing into the stack for thread: 0x0000020a157d1390
stack at sp + 3 slots: 0x00007ffb712338d1 jvm.dll
stack at sp + 4 slots: 0x0000020a157ced40 points into unknown readable memory: 0x0000000000000006 | 06 00 00 00 00 00 00 00
stack at sp + 5 slots: 0x00007ffb00002000 is an unknown value
stack at sp + 6 slots: 0x0000020a429e73a0 points into unknown readable memory: 0x0000000000000000 | 00 00 00 00 00 00 00 00
stack at sp + 7 slots: 0x0000020a00000000 points into unknown readable memory: 0x0000000000000023 | 23 00 00 00 00 00 00 00


---------------  P R O C E S S  ---------------

Threads class SMR info:
_java_thread_list=0x0000020a37a45160, length=96, elements={
0x0000020a773cb9d0, 0x0000020a157b1930, 0x0000020a157b2e60, 0x0000020a157ccd10,
0x0000020a157cf5f0, 0x0000020a157cfec0, 0x0000020a157d0790, 0x0000020a157d1390,
0x0000020a157d96a0, 0x0000020a1581e290, 0x0000020a159fa490, 0x0000020a15ab12f0,
0x0000020a357d7990, 0x0000020a3589c880, 0x0000020a3718eca0, 0x0000020a3779de20,
0x0000020a3779e6d0, 0x0000020a36c4e9b0, 0x0000020a36c4e4a0, 0x0000020a36c4f3d0,
0x0000020a36c4eec0, 0x0000020a36c4d570, 0x0000020a36c4c130, 0x0000020a36c4df90,
0x0000020a36c4c640, 0x0000020a36c4cb50, 0x0000020a36c4d060, 0x0000020a36c4da80,
0x0000020a370bb320, 0x0000020a370bae10, 0x0000020a370b99d0, 0x0000020a370b6730,
0x0000020a370bb830, 0x0000020a370bd690, 0x0000020a370b6220, 0x0000020a370b7660,
0x0000020a370bbd40, 0x0000020a370b7b70, 0x0000020a370bdba0, 0x0000020a370b8080,
0x0000020a370b6c40, 0x0000020a370bc760, 0x0000020a370b8590, 0x0000020a370ba3f0,
0x0000020a370bcc70, 0x0000020a370bd180, 0x0000020a370b8aa0, 0x0000020a370ba900,
0x0000020a35674590, 0x0000020a35673150, 0x0000020a35673660, 0x0000020a35673b70,
0x0000020a356759d0, 0x0000020a356763f0, 0x0000020a35672c40, 0x0000020a35674080,
0x0000020a35674aa0, 0x0000020a35674fb0, 0x0000020a356754c0, 0x0000020a35bc21a0,
0x0000020a35bc5950, 0x0000020a35bc1780, 0x0000020a35bc6370, 0x0000020a35bc4510,
0x0000020a35bc30d0, 0x0000020a35bc4a20, 0x0000020a35bc2bc0, 0x0000020a35bc26b0,
0x0000020a35bc72a0, 0x0000020a35bc3af0, 0x0000020a35bc5e60, 0x0000020a35bc8bf0,
0x0000020a39b8f050, 0x0000020a39b8e120, 0x0000020a39b90490, 0x0000020a39b8f560,
0x0000020a39b89f50, 0x0000020a39b8d1f0, 0x0000020a3a942eb0, 0x0000020a39b8bdb0,
0x0000020a39b8cce0, 0x0000020a39b89a40, 0x0000020a39b8fa70, 0x0000020a39b8c2c0,
0x0000020a39b8c7d0, 0x0000020a39b8dc10, 0x0000020a39b8e630, 0x0000020a39b8ff80,
0x0000020a39b8eb40, 0x0000020a39b8a460, 0x0000020a39b8b390, 0x0000020a39b8a970,
0x0000020a39b8ae80, 0x0000020a39b8b8a0, 0x0000020a36c4f8e0, 0x0000020a42dbd120
}

Java Threads: ( => current thread )
  0x0000020a773cb9d0 JavaThread "main" [_thread_blocked, id=16936, stack(0x000000cab0000000,0x000000cab0100000)]
  0x0000020a157b1930 JavaThread "Reference Handler" daemon [_thread_blocked, id=11972, stack(0x000000cab0700000,0x000000cab0800000)]
  0x0000020a157b2e60 JavaThread "Finalizer" daemon [_thread_blocked, id=18372, stack(0x000000cab0800000,0x000000cab0900000)]
  0x0000020a157ccd10 JavaThread "Signal Dispatcher" daemon [_thread_blocked, id=6288, stack(0x000000cab0900000,0x000000cab0a00000)]
  0x0000020a157cf5f0 JavaThread "Attach Listener" daemon [_thread_blocked, id=18380, stack(0x000000cab0a00000,0x000000cab0b00000)]
  0x0000020a157cfec0 JavaThread "Service Thread" daemon [_thread_blocked, id=13532, stack(0x000000cab0b00000,0x000000cab0c00000)]
  0x0000020a157d0790 JavaThread "Monitor Deflation Thread" daemon [_thread_blocked, id=12736, stack(0x000000cab0c00000,0x000000cab0d00000)]
=>0x0000020a157d1390 JavaThread "C2 CompilerThread0" daemon [_thread_in_native, id=1840, stack(0x000000cab0d00000,0x000000cab0e00000)]
  0x0000020a157d96a0 JavaThread "C1 CompilerThread0" daemon [_thread_blocked, id=3304, stack(0x000000cab0e00000,0x000000cab0f00000)]
  0x0000020a1581e290 JavaThread "Sweeper thread" daemon [_thread_blocked, id=4432, stack(0x000000cab0f00000,0x000000cab1000000)]
  0x0000020a159fa490 JavaThread "Common-Cleaner" daemon [_thread_blocked, id=15796, stack(0x000000cab1000000,0x000000cab1100000)]
  0x0000020a15ab12f0 JavaThread "Notification Thread" daemon [_thread_blocked, id=16948, stack(0x000000cab1100000,0x000000cab1200000)]
  0x0000020a357d7990 JavaThread "Daemon health stats" [_thread_blocked, id=2428, stack(0x000000cab1700000,0x000000cab1800000)]
  0x0000020a3589c880 JavaThread "Incoming local TCP Connector on port 54126" [_thread_in_native, id=5880, stack(0x000000cab1300000,0x000000cab1400000)]
  0x0000020a3718eca0 JavaThread "Daemon periodic checks" [_thread_blocked, id=5812, stack(0x000000cab1800000,0x000000cab1900000)]
  0x0000020a3779de20 JavaThread "Daemon" [_thread_blocked, id=7204, stack(0x000000cab1900000,0x000000cab1a00000)]
  0x0000020a3779e6d0 JavaThread "Handler for socket connection from /127.0.0.1:54126 to /127.0.0.1:54127" [_thread_in_native, id=17172, stack(0x000000cab1a00000,0x000000cab1b00000)]
  0x0000020a36c4e9b0 JavaThread "Cancel handler" [_thread_blocked, id=17604, stack(0x000000cab1b00000,0x000000cab1c00000)]
  0x0000020a36c4e4a0 JavaThread "Daemon worker" [_thread_blocked, id=5848, stack(0x000000cab1c00000,0x000000cab1d00000)]
  0x0000020a36c4f3d0 JavaThread "Asynchronous log dispatcher for DefaultDaemonConnection: socket connection from /127.0.0.1:54126 to /127.0.0.1:54127" [_thread_blocked, id=16896, stack(0x000000cab1d00000,0x000000cab1e00000)]
  0x0000020a36c4eec0 JavaThread "Stdin handler" [_thread_blocked, id=10584, stack(0x000000cab1e00000,0x000000cab1f00000)]
  0x0000020a36c4d570 JavaThread "Daemon client event forwarder" [_thread_blocked, id=14708, stack(0x000000cab1f00000,0x000000cab2000000)]
  0x0000020a36c4c130 JavaThread "Cache worker for journal cache (C:\Users\Gabriel\.gradle\caches\journal-1)" [_thread_blocked, id=19384, stack(0x000000cab2000000,0x000000cab2100000)]
  0x0000020a36c4df90 JavaThread "File lock request listener" [_thread_in_native, id=14780, stack(0x000000cab2100000,0x000000cab2200000)]
  0x0000020a36c4c640 JavaThread "Cache worker for file hash cache (C:\Users\Gabriel\.gradle\caches\8.3\fileHashes)" [_thread_blocked, id=16236, stack(0x000000cab2200000,0x000000cab2300000)]
  0x0000020a36c4cb50 JavaThread "File watcher server" daemon [_thread_in_native, id=6440, stack(0x000000cab2400000,0x000000cab2500000)]
  0x0000020a36c4d060 JavaThread "File watcher consumer" daemon [_thread_blocked, id=4404, stack(0x000000cab2500000,0x000000cab2600000)]
  0x0000020a36c4da80 JavaThread "Cache worker for checksums cache (C:\Users\Gabriel\OneDrive\Documentos\ReactNative\UniversoCognitivo\android\.gradle\8.3\checksums)" [_thread_blocked, id=19272, stack(0x000000cab2600000,0x000000cab2700000)]
  0x0000020a370bb320 JavaThread "Cache worker for file hash cache (C:\Users\Gabriel\OneDrive\Documentos\ReactNative\UniversoCognitivo\android\.gradle\8.3\fileHashes)" [_thread_blocked, id=6748, stack(0x000000cab2700000,0x000000cab2800000)]
  0x0000020a370bae10 JavaThread "Cache worker for cache directory md-supplier (C:\Users\Gabriel\.gradle\caches\8.3\md-supplier)" [_thread_blocked, id=1716, stack(0x000000cab2800000,0x000000cab2900000)]
  0x0000020a370b99d0 JavaThread "Cache worker for file content cache (C:\Users\Gabriel\.gradle\caches\8.3\fileContent)" [_thread_blocked, id=15584, stack(0x000000cab2900000,0x000000cab2a00000)]
  0x0000020a370b6730 JavaThread "Cache worker for cache directory md-rule (C:\Users\Gabriel\.gradle\caches\8.3\md-rule)" [_thread_blocked, id=11252, stack(0x000000cab2c00000,0x000000cab2d00000)]
  0x0000020a370bb830 JavaThread "Cache worker for execution history cache (C:\Users\Gabriel\.gradle\caches\8.3\executionHistory)" [_thread_blocked, id=4908, stack(0x000000cab2d00000,0x000000cab2e00000)]
  0x0000020a370bd690 JavaThread "jar transforms" [_thread_blocked, id=6228, stack(0x000000cab2e00000,0x000000cab2f00000)]
  0x0000020a370b6220 JavaThread "jar transforms Thread 2" [_thread_blocked, id=15904, stack(0x000000cab2f00000,0x000000cab3000000)]
  0x0000020a370b7660 JavaThread "jar transforms Thread 3" [_thread_blocked, id=16992, stack(0x000000cab3000000,0x000000cab3100000)]
  0x0000020a370bbd40 JavaThread "jar transforms Thread 4" [_thread_blocked, id=11168, stack(0x000000cab3100000,0x000000cab3200000)]
  0x0000020a370b7b70 JavaThread "File lock release action executor" [_thread_blocked, id=8340, stack(0x000000cab3200000,0x000000cab3300000)]
  0x0000020a370bdba0 JavaThread "Cache worker for kotlin-dsl (C:\Users\Gabriel\.gradle\caches\8.3\kotlin-dsl)" [_thread_blocked, id=8732, stack(0x000000cab2300000,0x000000cab2400000)]
  0x0000020a370b8080 JavaThread "Unconstrained build operations" [_thread_blocked, id=10752, stack(0x000000cab3400000,0x000000cab3500000)]
  0x0000020a370b6c40 JavaThread "Unconstrained build operations Thread 2" [_thread_blocked, id=6904, stack(0x000000cab3500000,0x000000cab3600000)]
  0x0000020a370bc760 JavaThread "Cache worker for dependencies-accessors (C:\Users\Gabriel\OneDrive\Documentos\ReactNative\UniversoCognitivo\android\.gradle\8.3\dependencies-accessors)" [_thread_blocked, id=18256, stack(0x000000cab3600000,0x000000cab3700000)]
  0x0000020a370b8590 JavaThread "Cache worker for Build Output Cleanup Cache (C:\Users\Gabriel\OneDrive\Documentos\ReactNative\UniversoCognitivo\node_modules\@react-native\gradle-plugin\.gradle\buildOutputCleanup)" [_thread_blocked, id=10012, stack(0x000000cab3300000,0x000000cab3400000)]
  0x0000020a370ba3f0 JavaThread "Unconstrained build operations Thread 3" [_thread_blocked, id=18504, stack(0x000000cab3800000,0x000000cab3900000)]
  0x0000020a370bcc70 JavaThread "Unconstrained build operations Thread 4" [_thread_blocked, id=12872, stack(0x000000cab3900000,0x000000cab3a00000)]
  0x0000020a370bd180 JavaThread "Unconstrained build operations Thread 5" [_thread_blocked, id=17844, stack(0x000000cab3a00000,0x000000cab3b00000)]
  0x0000020a370b8aa0 JavaThread "Memory manager" [_thread_blocked, id=1668, stack(0x000000cab3b00000,0x000000cab3c00000)]
  0x0000020a370ba900 JavaThread "Cache worker for Build Output Cleanup Cache (C:\Users\Gabriel\OneDrive\Documentos\ReactNative\UniversoCognitivo\android\.gradle\buildOutputCleanup)" [_thread_blocked, id=13440, stack(0x000000cab3700000,0x000000cab3800000)]
  0x0000020a35674590 JavaThread "ForkJoinPool.commonPool-worker-1" daemon [_thread_blocked, id=15936, stack(0x000000cab3d00000,0x000000cab3e00000)]
  0x0000020a35673150 JavaThread "ForkJoinPool.commonPool-worker-2" daemon [_thread_blocked, id=2440, stack(0x000000cab3e00000,0x000000cab3f00000)]
  0x0000020a35673660 JavaThread "ForkJoinPool.commonPool-worker-3" daemon [_thread_blocked, id=16724, stack(0x000000cab3f00000,0x000000cab4000000)]
  0x0000020a35673b70 JavaThread "Exec process" daemon [_thread_blocked, id=3620, stack(0x000000cab4000000,0x000000cab4100000)]
  0x0000020a356759d0 JavaThread "Exec process Thread 2" daemon [_thread_blocked, id=18952, stack(0x000000cab4100000,0x000000cab4200000)]
  0x0000020a356763f0 JavaThread "Exec process Thread 3" daemon [_thread_blocked, id=9612, stack(0x000000cab4200000,0x000000cab4300000)]
  0x0000020a35672c40 JavaThread "included builds" [_thread_blocked, id=16080, stack(0x000000caafd00000,0x000000caafe00000)]
  0x0000020a35674080 JavaThread "Execution worker" [_thread_blocked, id=17664, stack(0x000000cab3c00000,0x000000cab3d00000)]
  0x0000020a35674aa0 JavaThread "Execution worker Thread 2" [_thread_blocked, id=15580, stack(0x000000cab4300000,0x000000cab4400000)]
  0x0000020a35674fb0 JavaThread "Execution worker Thread 3" [_thread_blocked, id=18648, stack(0x000000cab4400000,0x000000cab4500000)]
  0x0000020a356754c0 JavaThread "Cache worker for execution history cache (C:\Users\Gabriel\OneDrive\Documentos\ReactNative\UniversoCognitivo\node_modules\@react-native\gradle-plugin\.gradle\8.3\executionHistory)" [_thread_blocked, id=19376, stack(0x000000cab4500000,0x000000cab4600000)]
  0x0000020a35bc21a0 JavaThread "Unconstrained build operations Thread 6" [_thread_blocked, id=12532, stack(0x000000cab4600000,0x000000cab4700000)]
  0x0000020a35bc5950 JavaThread "Unconstrained build operations Thread 7" [_thread_blocked, id=16960, stack(0x000000cab4700000,0x000000cab4800000)]
  0x0000020a35bc1780 JavaThread "Unconstrained build operations Thread 8" [_thread_in_Java, id=17492, stack(0x000000cab4800000,0x000000cab4900000)]
  0x0000020a35bc6370 JavaThread "Unconstrained build operations Thread 9" [_thread_blocked, id=16688, stack(0x000000cab4900000,0x000000cab4a00000)]
  0x0000020a35bc4510 JavaThread "Unconstrained build operations Thread 10" [_thread_blocked, id=17040, stack(0x000000cab4a00000,0x000000cab4b00000)]
  0x0000020a35bc30d0 JavaThread "Unconstrained build operations Thread 11" [_thread_blocked, id=8716, stack(0x000000cab4b00000,0x000000cab4c00000)]
  0x0000020a35bc4a20 JavaThread "Unconstrained build operations Thread 12" [_thread_blocked, id=2808, stack(0x000000cab4c00000,0x000000cab4d00000)]
  0x0000020a35bc2bc0 JavaThread "Unconstrained build operations Thread 13" [_thread_blocked, id=9148, stack(0x000000cab4d00000,0x000000cab4e00000)]
  0x0000020a35bc26b0 JavaThread "Unconstrained build operations Thread 14" [_thread_blocked, id=10304, stack(0x000000cab5100000,0x000000cab5200000)]
  0x0000020a35bc72a0 JavaThread "Unconstrained build operations Thread 15" [_thread_blocked, id=15316, stack(0x000000cab5200000,0x000000cab5300000)]
  0x0000020a35bc3af0 JavaThread "Unconstrained build operations Thread 16" [_thread_blocked, id=4808, stack(0x000000cab5300000,0x000000cab5400000)]
  0x0000020a35bc5e60 JavaThread "Unconstrained build operations Thread 17" [_thread_blocked, id=4104, stack(0x000000cab5400000,0x000000cab5500000)]
  0x0000020a35bc8bf0 JavaThread "Unconstrained build operations Thread 18" [_thread_blocked, id=2264, stack(0x000000cab5500000,0x000000cab5600000)]
  0x0000020a39b8f050 JavaThread "Unconstrained build operations Thread 19" [_thread_blocked, id=16280, stack(0x000000cab5600000,0x000000cab5700000)]
  0x0000020a39b8e120 JavaThread "Unconstrained build operations Thread 20" [_thread_blocked, id=7700, stack(0x000000cab5700000,0x000000cab5800000)]
  0x0000020a39b90490 JavaThread "Unconstrained build operations Thread 21" [_thread_blocked, id=10476, stack(0x000000cab5800000,0x000000cab5900000)]
  0x0000020a39b8f560 JavaThread "Unconstrained build operations Thread 22" [_thread_blocked, id=18764, stack(0x000000cab5900000,0x000000cab5a00000)]
  0x0000020a39b89f50 JavaThread "Unconstrained build operations Thread 23" [_thread_blocked, id=8916, stack(0x000000cab5a00000,0x000000cab5b00000)]
  0x0000020a39b8d1f0 JavaThread "Unconstrained build operations Thread 24" [_thread_blocked, id=2336, stack(0x000000cab5b00000,0x000000cab5c00000)]
  0x0000020a3a942eb0 JavaThread "C2 CompilerThread1" daemon [_thread_blocked, id=18404, stack(0x000000cab5000000,0x000000cab5100000)]
  0x0000020a39b8bdb0 JavaThread "Unconstrained build operations Thread 25" [_thread_blocked, id=3440, stack(0x000000cab5c00000,0x000000cab5d00000)]
  0x0000020a39b8cce0 JavaThread "Unconstrained build operations Thread 26" [_thread_blocked, id=3508, stack(0x000000cab5d00000,0x000000cab5e00000)]
  0x0000020a39b89a40 JavaThread "Unconstrained build operations Thread 27" [_thread_blocked, id=11104, stack(0x000000cab5e00000,0x000000cab5f00000)]
  0x0000020a39b8fa70 JavaThread "Unconstrained build operations Thread 28" [_thread_blocked, id=4396, stack(0x000000cab5f00000,0x000000cab6000000)]
  0x0000020a39b8c2c0 JavaThread "Unconstrained build operations Thread 29" [_thread_blocked, id=12804, stack(0x000000cab6000000,0x000000cab6100000)]
  0x0000020a39b8c7d0 JavaThread "Unconstrained build operations Thread 30" [_thread_blocked, id=7836, stack(0x000000cab6100000,0x000000cab6200000)]
  0x0000020a39b8dc10 JavaThread "Unconstrained build operations Thread 31" [_thread_blocked, id=5556, stack(0x000000cab6200000,0x000000cab6300000)]
  0x0000020a39b8e630 JavaThread "Unconstrained build operations Thread 32" [_thread_blocked, id=6836, stack(0x000000cab6300000,0x000000cab6400000)]
  0x0000020a39b8ff80 JavaThread "Unconstrained build operations Thread 33" [_thread_blocked, id=14496, stack(0x000000cab6400000,0x000000cab6500000)]
  0x0000020a39b8eb40 JavaThread "Unconstrained build operations Thread 34" [_thread_blocked, id=15600, stack(0x000000cab6500000,0x000000cab6600000)]
  0x0000020a39b8a460 JavaThread "Unconstrained build operations Thread 35" [_thread_blocked, id=15132, stack(0x000000cab6600000,0x000000cab6700000)]
  0x0000020a39b8b390 JavaThread "Unconstrained build operations Thread 36" [_thread_blocked, id=5536, stack(0x000000cab6700000,0x000000cab6800000)]
  0x0000020a39b8a970 JavaThread "Unconstrained build operations Thread 37" [_thread_blocked, id=16444, stack(0x000000cab6800000,0x000000cab6900000)]
  0x0000020a39b8ae80 JavaThread "Unconstrained build operations Thread 38" [_thread_blocked, id=16928, stack(0x000000cab6900000,0x000000cab6a00000)]
  0x0000020a39b8b8a0 JavaThread "Unconstrained build operations Thread 39" [_thread_blocked, id=9032, stack(0x000000cab6a00000,0x000000cab6b00000)]
  0x0000020a36c4f8e0 JavaThread "Unconstrained build operations Thread 40" [_thread_blocked, id=14512, stack(0x000000cab6b00000,0x000000cab6c00000)]
  0x0000020a42dbd120 JavaThread "Cache worker for execution history cache (C:\Users\Gabriel\OneDrive\Documentos\ReactNative\UniversoCognitivo\android\.gradle\8.3\executionHistory)" [_thread_blocked, id=12008, stack(0x000000cab6c00000,0x000000cab6d00000)]

Other Threads:
  0x0000020a157ac0c0 VMThread "VM Thread" [stack: 0x000000cab0600000,0x000000cab0700000] [id=6672]
  0x0000020a773ce660 WatcherThread [stack: 0x000000cab1200000,0x000000cab1300000] [id=14364]
  0x0000020a774287a0 GCTaskThread "GC Thread#0" [stack: 0x000000cab0100000,0x000000cab0200000] [id=5328]
  0x0000020a3509b280 GCTaskThread "GC Thread#1" [stack: 0x000000cab1400000,0x000000cab1500000] [id=16968]
  0x0000020a3520a440 GCTaskThread "GC Thread#2" [stack: 0x000000cab1500000,0x000000cab1600000] [id=7912]
  0x0000020a357d9180 GCTaskThread "GC Thread#3" [stack: 0x000000cab1600000,0x000000cab1700000] [id=10484]
  0x0000020a774395f0 ConcurrentGCThread "G1 Main Marker" [stack: 0x000000cab0200000,0x000000cab0300000] [id=10340]
  0x0000020a77439f00 ConcurrentGCThread "G1 Conc#0" [stack: 0x000000cab0300000,0x000000cab0400000] [id=11064]
  0x0000020a7746dbe0 ConcurrentGCThread "G1 Refine#0" [stack: 0x000000cab0400000,0x000000cab0500000] [id=18984]
  0x0000020a36f26d70 ConcurrentGCThread "G1 Refine#1" [stack: 0x000000cab2a00000,0x000000cab2b00000] [id=2436]
  0x0000020a37efd030 ConcurrentGCThread "G1 Refine#2" [stack: 0x000000cab2b00000,0x000000cab2c00000] [id=15620]
  0x0000020a7746e510 ConcurrentGCThread "G1 Service" [stack: 0x000000cab0500000,0x000000cab0600000] [id=1160]

Threads with active compile tasks:
C2 CompilerThread0    53944 15643   !   4       org.gradle.cache.internal.DefaultMultiProcessSafeIndexedCache::getIfPresent (25 bytes)

VM state: not at safepoint (normal execution)

VM Mutex/Monitor currently owned by a thread: None

Heap address: 0x0000000080000000, size: 2048 MB, Compressed Oops mode: 32-bit

CDS archive(s) mapped at: [0x0000020a16000000-0x0000020a16bd0000-0x0000020a16bd0000), size 12386304, SharedBaseAddress: 0x0000020a16000000, ArchiveRelocationMode: 1.
Compressed class space mapped at: 0x0000020a17000000-0x0000020a31000000, reserved size: 436207616
Narrow klass base: 0x0000020a16000000, Narrow klass shift: 0, Narrow klass range: 0x100000000

GC Precious Log:
 CPUs: 4 total, 4 available
 Memory: 8126M
 Large Page Support: Disabled
 NUMA Support: Disabled
 Compressed Oops: Enabled (32-bit)
 Heap Region Size: 1M
 Heap Min Capacity: 8M
 Heap Initial Capacity: 128M
 Heap Max Capacity: 2G
 Pre-touch: Disabled
 Parallel Workers: 4
 Concurrent Workers: 1
 Concurrent Refinement Workers: 4
 Periodic GC: Disabled

Heap:
 garbage-first heap   total 236544K, used 195392K [0x0000000080000000, 0x0000000100000000)
  region size 1024K, 12 young (12288K), 3 survivors (3072K)
 Metaspace       used 103065K, committed 104128K, reserved 557056K
  class space    used 14432K, committed 14912K, reserved 425984K

Heap Regions: E=young(eden), S=young(survivor), O=old, HS=humongous(starts), HC=humongous(continues), CS=collection set, F=free, OA=open archive, CA=closed archive, TAMS=top-at-mark-start (previous, next)
|   0|0x0000000080000000, 0x0000000080100000, 0x0000000080100000|100%| O|  |TAMS 0x0000000080100000, 0x0000000080000000| Untracked 
|   1|0x0000000080100000, 0x0000000080200000, 0x0000000080200000|100%| O|  |TAMS 0x0000000080200000, 0x0000000080100000| Untracked 
|   2|0x0000000080200000, 0x0000000080300000, 0x0000000080300000|100%|HS|  |TAMS 0x0000000080300000, 0x0000000080200000| Complete 
|   3|0x0000000080300000, 0x0000000080400000, 0x0000000080400000|100%|HC|  |TAMS 0x0000000080400000, 0x0000000080300000| Complete 
|   4|0x0000000080400000, 0x0000000080500000, 0x0000000080500000|100%|HC|  |TAMS 0x0000000080500000, 0x0000000080400000| Complete 
|   5|0x0000000080500000, 0x0000000080600000, 0x0000000080600000|100%|HC|  |TAMS 0x0000000080600000, 0x0000000080500000| Complete 
|   6|0x0000000080600000, 0x0000000080700000, 0x0000000080700000|100%| O|  |TAMS 0x0000000080700000, 0x0000000080600000| Untracked 
|   7|0x0000000080700000, 0x0000000080800000, 0x0000000080800000|100%| O|  |TAMS 0x0000000080800000, 0x0000000080700000| Untracked 
|   8|0x0000000080800000, 0x0000000080900000, 0x0000000080900000|100%| O|  |TAMS 0x0000000080900000, 0x0000000080800000| Untracked 
|   9|0x0000000080900000, 0x0000000080a00000, 0x0000000080a00000|100%| O|  |TAMS 0x0000000080a00000, 0x0000000080900000| Untracked 
|  10|0x0000000080a00000, 0x0000000080b00000, 0x0000000080b00000|100%| O|  |TAMS 0x0000000080b00000, 0x0000000080a00000| Untracked 
|  11|0x0000000080b00000, 0x0000000080c00000, 0x0000000080c00000|100%| O|  |TAMS 0x0000000080c00000, 0x0000000080b00000| Untracked 
|  12|0x0000000080c00000, 0x0000000080d00000, 0x0000000080d00000|100%| O|  |TAMS 0x0000000080d00000, 0x0000000080c00000| Untracked 
|  13|0x0000000080d00000, 0x0000000080e00000, 0x0000000080e00000|100%| O|  |TAMS 0x0000000080d00000, 0x0000000080d00000| Untracked 
|  14|0x0000000080e00000, 0x0000000080f00000, 0x0000000080f00000|100%| O|  |TAMS 0x0000000080f00000, 0x0000000080e00000| Untracked 
|  15|0x0000000080f00000, 0x0000000081000000, 0x0000000081000000|100%| O|  |TAMS 0x0000000081000000, 0x0000000080f00000| Untracked 
|  16|0x0000000081000000, 0x0000000081100000, 0x0000000081100000|100%| O|  |TAMS 0x0000000081100000, 0x0000000081000000| Untracked 
|  17|0x0000000081100000, 0x0000000081200000, 0x0000000081200000|100%| O|  |TAMS 0x0000000081200000, 0x0000000081100000| Untracked 
|  18|0x0000000081200000, 0x0000000081300000, 0x0000000081300000|100%| O|  |TAMS 0x0000000081300000, 0x0000000081200000| Untracked 
|  19|0x0000000081300000, 0x0000000081400000, 0x0000000081400000|100%| O|  |TAMS 0x0000000081400000, 0x0000000081300000| Untracked 
|  20|0x0000000081400000, 0x00000000814f9800, 0x0000000081500000| 97%| O|  |TAMS 0x00000000814f9800, 0x0000000081400000| Untracked 
|  21|0x0000000081500000, 0x0000000081600000, 0x0000000081600000|100%| O|  |TAMS 0x0000000081600000, 0x0000000081500000| Untracked 
|  22|0x0000000081600000, 0x0000000081700000, 0x0000000081700000|100%| O|  |TAMS 0x0000000081600000, 0x0000000081600000| Untracked 
|  23|0x0000000081700000, 0x0000000081800000, 0x0000000081800000|100%| O|  |TAMS 0x0000000081800000, 0x0000000081700000| Untracked 
|  24|0x0000000081800000, 0x0000000081900000, 0x0000000081900000|100%| O|  |TAMS 0x0000000081900000, 0x0000000081800000| Untracked 
|  25|0x0000000081900000, 0x0000000081a00000, 0x0000000081a00000|100%| O|  |TAMS 0x0000000081a00000, 0x0000000081900000| Untracked 
|  26|0x0000000081a00000, 0x0000000081b00000, 0x0000000081b00000|100%| O|  |TAMS 0x0000000081b00000, 0x0000000081a00000| Untracked 
|  27|0x0000000081b00000, 0x0000000081c00000, 0x0000000081c00000|100%| O|  |TAMS 0x0000000081c00000, 0x0000000081b00000| Untracked 
|  28|0x0000000081c00000, 0x0000000081d00000, 0x0000000081d00000|100%| O|  |TAMS 0x0000000081d00000, 0x0000000081c00000| Untracked 
|  29|0x0000000081d00000, 0x0000000081e00000, 0x0000000081e00000|100%|HS|  |TAMS 0x0000000081e00000, 0x0000000081d00000| Complete 
|  30|0x0000000081e00000, 0x0000000081f00000, 0x0000000081f00000|100%|HC|  |TAMS 0x0000000081f00000, 0x0000000081e00000| Complete 
|  31|0x0000000081f00000, 0x0000000082000000, 0x0000000082000000|100%|HS|  |TAMS 0x0000000082000000, 0x0000000081f00000| Complete 
|  32|0x0000000082000000, 0x0000000082100000, 0x0000000082100000|100%|HC|  |TAMS 0x0000000082100000, 0x0000000082000000| Complete 
|  33|0x0000000082100000, 0x0000000082200000, 0x0000000082200000|100%| O|  |TAMS 0x0000000082200000, 0x0000000082100000| Untracked 
|  34|0x0000000082200000, 0x0000000082300000, 0x0000000082300000|100%| O|  |TAMS 0x0000000082300000, 0x0000000082200000| Untracked 
|  35|0x0000000082300000, 0x0000000082400000, 0x0000000082400000|100%| O|  |TAMS 0x0000000082400000, 0x0000000082300000| Untracked 
|  36|0x0000000082400000, 0x0000000082500000, 0x0000000082500000|100%| O|  |TAMS 0x0000000082500000, 0x0000000082400000| Untracked 
|  37|0x0000000082500000, 0x0000000082600000, 0x0000000082600000|100%| O|  |TAMS 0x0000000082600000, 0x0000000082500000| Untracked 
|  38|0x0000000082600000, 0x0000000082700000, 0x0000000082700000|100%| O|  |TAMS 0x0000000082700000, 0x0000000082600000| Untracked 
|  39|0x0000000082700000, 0x0000000082800000, 0x0000000082800000|100%|HS|  |TAMS 0x0000000082800000, 0x0000000082700000| Complete 
|  40|0x0000000082800000, 0x0000000082900000, 0x0000000082900000|100%|HC|  |TAMS 0x0000000082900000, 0x0000000082800000| Complete 
|  41|0x0000000082900000, 0x0000000082a00000, 0x0000000082a00000|100%|HC|  |TAMS 0x0000000082a00000, 0x0000000082900000| Complete 
|  42|0x0000000082a00000, 0x0000000082b00000, 0x0000000082b00000|100%|HC|  |TAMS 0x0000000082b00000, 0x0000000082a00000| Complete 
|  43|0x0000000082b00000, 0x0000000082c00000, 0x0000000082c00000|100%| O|  |TAMS 0x0000000082c00000, 0x0000000082b00000| Untracked 
|  44|0x0000000082c00000, 0x0000000082d00000, 0x0000000082d00000|100%| O|  |TAMS 0x0000000082c00000, 0x0000000082c00000| Untracked 
|  45|0x0000000082d00000, 0x0000000082e00000, 0x0000000082e00000|100%| O|  |TAMS 0x0000000082e00000, 0x0000000082d00000| Untracked 
|  46|0x0000000082e00000, 0x0000000082f00000, 0x0000000082f00000|100%| O|  |TAMS 0x0000000082f00000, 0x0000000082e00000| Untracked 
|  47|0x0000000082f00000, 0x0000000083000000, 0x0000000083000000|100%| O|  |TAMS 0x0000000083000000, 0x0000000082f00000| Untracked 
|  48|0x0000000083000000, 0x0000000083100000, 0x0000000083100000|100%| O|  |TAMS 0x0000000083100000, 0x0000000083000000| Untracked 
|  49|0x0000000083100000, 0x0000000083200000, 0x0000000083200000|100%|HS|  |TAMS 0x0000000083200000, 0x0000000083100000| Complete 
|  50|0x0000000083200000, 0x0000000083300000, 0x0000000083300000|100%|HC|  |TAMS 0x0000000083300000, 0x0000000083200000| Complete 
|  51|0x0000000083300000, 0x0000000083400000, 0x0000000083400000|100%|HC|  |TAMS 0x0000000083400000, 0x0000000083300000| Complete 
|  52|0x0000000083400000, 0x0000000083500000, 0x0000000083500000|100%|HC|  |TAMS 0x0000000083500000, 0x0000000083400000| Complete 
|  53|0x0000000083500000, 0x0000000083600000, 0x0000000083600000|100%| O|  |TAMS 0x0000000083600000, 0x0000000083500000| Untracked 
|  54|0x0000000083600000, 0x0000000083700000, 0x0000000083700000|100%| O|  |TAMS 0x0000000083700000, 0x0000000083600000| Untracked 
|  55|0x0000000083700000, 0x0000000083800000, 0x0000000083800000|100%| O|  |TAMS 0x0000000083800000, 0x0000000083700000| Untracked 
|  56|0x0000000083800000, 0x0000000083900000, 0x0000000083900000|100%| O|  |TAMS 0x0000000083900000, 0x0000000083800000| Untracked 
|  57|0x0000000083900000, 0x0000000083a00000, 0x0000000083a00000|100%| O|  |TAMS 0x0000000083a00000, 0x0000000083900000| Untracked 
|  58|0x0000000083a00000, 0x0000000083b00000, 0x0000000083b00000|100%| O|  |TAMS 0x0000000083b00000, 0x0000000083a00000| Untracked 
|  59|0x0000000083b00000, 0x0000000083c00000, 0x0000000083c00000|100%| O|  |TAMS 0x0000000083c00000, 0x0000000083b00000| Untracked 
|  60|0x0000000083c00000, 0x0000000083d00000, 0x0000000083d00000|100%| O|  |TAMS 0x0000000083d00000, 0x0000000083c00000| Untracked 
|  61|0x0000000083d00000, 0x0000000083e00000, 0x0000000083e00000|100%| O|  |TAMS 0x0000000083e00000, 0x0000000083d00000| Untracked 
|  62|0x0000000083e00000, 0x0000000083f00000, 0x0000000083f00000|100%| O|  |TAMS 0x0000000083f00000, 0x0000000083e00000| Untracked 
|  63|0x0000000083f00000, 0x0000000084000000, 0x0000000084000000|100%| O|  |TAMS 0x0000000084000000, 0x0000000083f00000| Untracked 
|  64|0x0000000084000000, 0x0000000084100000, 0x0000000084100000|100%| O|  |TAMS 0x0000000084100000, 0x0000000084000000| Untracked 
|  65|0x0000000084100000, 0x0000000084200000, 0x0000000084200000|100%| O|  |TAMS 0x0000000084200000, 0x0000000084100000| Untracked 
|  66|0x0000000084200000, 0x0000000084300000, 0x0000000084300000|100%|HS|  |TAMS 0x0000000084300000, 0x0000000084200000| Complete 
|  67|0x0000000084300000, 0x0000000084400000, 0x0000000084400000|100%|HS|  |TAMS 0x0000000084400000, 0x0000000084300000| Complete 
|  68|0x0000000084400000, 0x0000000084500000, 0x0000000084500000|100%|HS|  |TAMS 0x0000000084500000, 0x0000000084400000| Complete 
|  69|0x0000000084500000, 0x0000000084600000, 0x0000000084600000|100%| O|  |TAMS 0x0000000084600000, 0x0000000084500000| Untracked 
|  70|0x0000000084600000, 0x0000000084700000, 0x0000000084700000|100%|HS|  |TAMS 0x0000000084700000, 0x0000000084600000| Complete 
|  71|0x0000000084700000, 0x0000000084800000, 0x0000000084800000|100%| O|  |TAMS 0x0000000084800000, 0x0000000084700000| Untracked 
|  72|0x0000000084800000, 0x0000000084900000, 0x0000000084900000|100%| O|  |TAMS 0x0000000084900000, 0x0000000084800000| Untracked 
|  73|0x0000000084900000, 0x0000000084a00000, 0x0000000084a00000|100%| O|  |TAMS 0x0000000084a00000, 0x0000000084900000| Untracked 
|  74|0x0000000084a00000, 0x0000000084b00000, 0x0000000084b00000|100%| O|  |TAMS 0x0000000084b00000, 0x0000000084a00000| Untracked 
|  75|0x0000000084b00000, 0x0000000084c00000, 0x0000000084c00000|100%| O|  |TAMS 0x0000000084c00000, 0x0000000084b00000| Untracked 
|  76|0x0000000084c00000, 0x0000000084d00000, 0x0000000084d00000|100%| O|  |TAMS 0x0000000084d00000, 0x0000000084c00000| Untracked 
|  77|0x0000000084d00000, 0x0000000084e00000, 0x0000000084e00000|100%| O|  |TAMS 0x0000000084e00000, 0x0000000084d00000| Untracked 
|  78|0x0000000084e00000, 0x0000000084f00000, 0x0000000084f00000|100%| O|  |TAMS 0x0000000084f00000, 0x0000000084e00000| Untracked 
|  79|0x0000000084f00000, 0x0000000085000000, 0x0000000085000000|100%| O|  |TAMS 0x0000000084ff8c00, 0x0000000084f00000| Untracked 
|  80|0x0000000085000000, 0x0000000085100000, 0x0000000085100000|100%| O|  |TAMS 0x0000000085000000, 0x0000000085000000| Untracked 
|  81|0x0000000085100000, 0x0000000085200000, 0x0000000085200000|100%| O|  |TAMS 0x0000000085100000, 0x0000000085100000| Untracked 
|  82|0x0000000085200000, 0x0000000085300000, 0x0000000085300000|100%| O|  |TAMS 0x0000000085200000, 0x0000000085200000| Untracked 
|  83|0x0000000085300000, 0x0000000085400000, 0x0000000085400000|100%| O|  |TAMS 0x0000000085300000, 0x0000000085300000| Untracked 
|  84|0x0000000085400000, 0x0000000085500000, 0x0000000085500000|100%| O|  |TAMS 0x0000000085400000, 0x0000000085400000| Untracked 
|  85|0x0000000085500000, 0x0000000085600000, 0x0000000085600000|100%| O|  |TAMS 0x0000000085500000, 0x0000000085500000| Untracked 
|  86|0x0000000085600000, 0x0000000085700000, 0x0000000085700000|100%| O|  |TAMS 0x0000000085600000, 0x0000000085600000| Untracked 
|  87|0x0000000085700000, 0x0000000085800000, 0x0000000085800000|100%| O|  |TAMS 0x0000000085700000, 0x0000000085700000| Untracked 
|  88|0x0000000085800000, 0x0000000085900000, 0x0000000085900000|100%| O|  |TAMS 0x0000000085800000, 0x0000000085800000| Untracked 
|  89|0x0000000085900000, 0x0000000085a00000, 0x0000000085a00000|100%| O|  |TAMS 0x0000000085900000, 0x0000000085900000| Untracked 
|  90|0x0000000085a00000, 0x0000000085b00000, 0x0000000085b00000|100%| O|  |TAMS 0x0000000085a00000, 0x0000000085a00000| Untracked 
|  91|0x0000000085b00000, 0x0000000085c00000, 0x0000000085c00000|100%| O|  |TAMS 0x0000000085b00000, 0x0000000085b00000| Untracked 
|  92|0x0000000085c00000, 0x0000000085d00000, 0x0000000085d00000|100%|HS|  |TAMS 0x0000000085c00000, 0x0000000085c00000| Complete 
|  93|0x0000000085d00000, 0x0000000085e00000, 0x0000000085e00000|100%|HS|  |TAMS 0x0000000085d00000, 0x0000000085d00000| Complete 
|  94|0x0000000085e00000, 0x0000000085f00000, 0x0000000085f00000|100%| O|  |TAMS 0x0000000085e00000, 0x0000000085e00000| Untracked 
|  95|0x0000000085f00000, 0x0000000086000000, 0x0000000086000000|100%|HS|  |TAMS 0x0000000085f00000, 0x0000000085f00000| Complete 
|  96|0x0000000086000000, 0x0000000086100000, 0x0000000086100000|100%|HC|  |TAMS 0x0000000086000000, 0x0000000086000000| Complete 
|  97|0x0000000086100000, 0x0000000086200000, 0x0000000086200000|100%| O|  |TAMS 0x0000000086100000, 0x0000000086100000| Untracked 
|  98|0x0000000086200000, 0x0000000086300000, 0x0000000086300000|100%| O|  |TAMS 0x0000000086200000, 0x0000000086200000| Untracked 
|  99|0x0000000086300000, 0x0000000086400000, 0x0000000086400000|100%| O|  |TAMS 0x0000000086300000, 0x0000000086300000| Untracked 
| 100|0x0000000086400000, 0x0000000086500000, 0x0000000086500000|100%| O|  |TAMS 0x0000000086400000, 0x0000000086400000| Untracked 
| 101|0x0000000086500000, 0x0000000086600000, 0x0000000086600000|100%| O|  |TAMS 0x0000000086500000, 0x0000000086500000| Untracked 
| 102|0x0000000086600000, 0x0000000086700000, 0x0000000086700000|100%| O|  |TAMS 0x0000000086600000, 0x0000000086600000| Untracked 
| 103|0x0000000086700000, 0x0000000086800000, 0x0000000086800000|100%| O|  |TAMS 0x0000000086700000, 0x0000000086700000| Untracked 
| 104|0x0000000086800000, 0x0000000086900000, 0x0000000086900000|100%| O|  |TAMS 0x0000000086800000, 0x0000000086800000| Untracked 
| 105|0x0000000086900000, 0x0000000086a00000, 0x0000000086a00000|100%| O|  |TAMS 0x0000000086900000, 0x0000000086900000| Untracked 
| 106|0x0000000086a00000, 0x0000000086b00000, 0x0000000086b00000|100%| O|  |TAMS 0x0000000086a00000, 0x0000000086a00000| Untracked 
| 107|0x0000000086b00000, 0x0000000086c00000, 0x0000000086c00000|100%| O|  |TAMS 0x0000000086b00000, 0x0000000086b00000| Untracked 
| 108|0x0000000086c00000, 0x0000000086d00000, 0x0000000086d00000|100%| O|  |TAMS 0x0000000086c00000, 0x0000000086c00000| Untracked 
| 109|0x0000000086d00000, 0x0000000086e00000, 0x0000000086e00000|100%| O|  |TAMS 0x0000000086d00000, 0x0000000086d00000| Untracked 
| 110|0x0000000086e00000, 0x0000000086f00000, 0x0000000086f00000|100%| O|  |TAMS 0x0000000086e00000, 0x0000000086e00000| Untracked 
| 111|0x0000000086f00000, 0x0000000087000000, 0x0000000087000000|100%| O|  |TAMS 0x0000000086f00000, 0x0000000086f00000| Untracked 
| 112|0x0000000087000000, 0x0000000087100000, 0x0000000087100000|100%| O|  |TAMS 0x0000000087000000, 0x0000000087000000| Untracked 
| 113|0x0000000087100000, 0x0000000087200000, 0x0000000087200000|100%| O|  |TAMS 0x0000000087100000, 0x0000000087100000| Untracked 
| 114|0x0000000087200000, 0x0000000087300000, 0x0000000087300000|100%| O|  |TAMS 0x0000000087200000, 0x0000000087200000| Untracked 
| 115|0x0000000087300000, 0x0000000087400000, 0x0000000087400000|100%| O|  |TAMS 0x0000000087300000, 0x0000000087300000| Untracked 
| 116|0x0000000087400000, 0x0000000087500000, 0x0000000087500000|100%| O|  |TAMS 0x0000000087400000, 0x0000000087400000| Untracked 
| 117|0x0000000087500000, 0x0000000087600000, 0x0000000087600000|100%| O|  |TAMS 0x0000000087500000, 0x0000000087500000| Untracked 
| 118|0x0000000087600000, 0x0000000087700000, 0x0000000087700000|100%| O|  |TAMS 0x0000000087600000, 0x0000000087600000| Untracked 
| 119|0x0000000087700000, 0x0000000087800000, 0x0000000087800000|100%| O|  |TAMS 0x0000000087700000, 0x0000000087700000| Untracked 
| 120|0x0000000087800000, 0x0000000087900000, 0x0000000087900000|100%| O|  |TAMS 0x0000000087800000, 0x0000000087800000| Untracked 
| 121|0x0000000087900000, 0x0000000087a00000, 0x0000000087a00000|100%| O|  |TAMS 0x0000000087900000, 0x0000000087900000| Untracked 
| 122|0x0000000087a00000, 0x0000000087b00000, 0x0000000087b00000|100%| O|  |TAMS 0x0000000087a00000, 0x0000000087a00000| Untracked 
| 123|0x0000000087b00000, 0x0000000087c00000, 0x0000000087c00000|100%| O|  |TAMS 0x0000000087b00000, 0x0000000087b00000| Untracked 
| 124|0x0000000087c00000, 0x0000000087d00000, 0x0000000087d00000|100%| O|  |TAMS 0x0000000087c00000, 0x0000000087c00000| Untracked 
| 125|0x0000000087d00000, 0x0000000087e00000, 0x0000000087e00000|100%| O|  |TAMS 0x0000000087d00000, 0x0000000087d00000| Untracked 
| 126|0x0000000087e00000, 0x0000000087f00000, 0x0000000087f00000|100%| O|  |TAMS 0x0000000087e00000, 0x0000000087e00000| Untracked 
| 127|0x0000000087f00000, 0x0000000088000000, 0x0000000088000000|100%| O|  |TAMS 0x0000000087f00000, 0x0000000087f00000| Untracked 
| 128|0x0000000088000000, 0x0000000088100000, 0x0000000088100000|100%| O|  |TAMS 0x0000000088000000, 0x0000000088000000| Untracked 
| 129|0x0000000088100000, 0x0000000088200000, 0x0000000088200000|100%| O|  |TAMS 0x0000000088100000, 0x0000000088100000| Untracked 
| 130|0x0000000088200000, 0x0000000088300000, 0x0000000088300000|100%|HS|  |TAMS 0x0000000088200000, 0x0000000088200000| Complete 
| 131|0x0000000088300000, 0x0000000088400000, 0x0000000088400000|100%|HS|  |TAMS 0x0000000088300000, 0x0000000088300000| Complete 
| 132|0x0000000088400000, 0x0000000088500000, 0x0000000088500000|100%| O|  |TAMS 0x0000000088400000, 0x0000000088400000| Untracked 
| 133|0x0000000088500000, 0x0000000088600000, 0x0000000088600000|100%| O|  |TAMS 0x0000000088500000, 0x0000000088500000| Untracked 
| 134|0x0000000088600000, 0x0000000088700000, 0x0000000088700000|100%| O|  |TAMS 0x0000000088600000, 0x0000000088600000| Untracked 
| 135|0x0000000088700000, 0x0000000088800000, 0x0000000088800000|100%| O|  |TAMS 0x0000000088700000, 0x0000000088700000| Untracked 
| 136|0x0000000088800000, 0x0000000088900000, 0x0000000088900000|100%| O|  |TAMS 0x0000000088800000, 0x0000000088800000| Untracked 
| 137|0x0000000088900000, 0x0000000088a00000, 0x0000000088a00000|100%| O|  |TAMS 0x0000000088900000, 0x0000000088900000| Untracked 
| 138|0x0000000088a00000, 0x0000000088b00000, 0x0000000088b00000|100%| O|  |TAMS 0x0000000088a00000, 0x0000000088a00000| Untracked 
| 139|0x0000000088b00000, 0x0000000088c00000, 0x0000000088c00000|100%| O|  |TAMS 0x0000000088b00000, 0x0000000088b00000| Untracked 
| 140|0x0000000088c00000, 0x0000000088d00000, 0x0000000088d00000|100%| O|  |TAMS 0x0000000088c00000, 0x0000000088c00000| Untracked 
| 141|0x0000000088d00000, 0x0000000088e00000, 0x0000000088e00000|100%|HS|  |TAMS 0x0000000088d00000, 0x0000000088d00000| Complete 
| 142|0x0000000088e00000, 0x0000000088f00000, 0x0000000088f00000|100%| O|  |TAMS 0x0000000088e00000, 0x0000000088e00000| Untracked 
| 143|0x0000000088f00000, 0x0000000089000000, 0x0000000089000000|100%| O|  |TAMS 0x0000000088f00000, 0x0000000088f00000| Untracked 
| 144|0x0000000089000000, 0x0000000089100000, 0x0000000089100000|100%| O|  |TAMS 0x0000000089000000, 0x0000000089000000| Untracked 
| 145|0x0000000089100000, 0x0000000089200000, 0x0000000089200000|100%| O|  |TAMS 0x0000000089100000, 0x0000000089100000| Untracked 
| 146|0x0000000089200000, 0x0000000089300000, 0x0000000089300000|100%| O|  |TAMS 0x0000000089200000, 0x0000000089200000| Untracked 
| 147|0x0000000089300000, 0x0000000089400000, 0x0000000089400000|100%| O|  |TAMS 0x0000000089300000, 0x0000000089300000| Untracked 
| 148|0x0000000089400000, 0x0000000089500000, 0x0000000089500000|100%| O|  |TAMS 0x0000000089400000, 0x0000000089400000| Untracked 
| 149|0x0000000089500000, 0x0000000089600000, 0x0000000089600000|100%| O|  |TAMS 0x0000000089500000, 0x0000000089500000| Untracked 
| 150|0x0000000089600000, 0x0000000089700000, 0x0000000089700000|100%| O|  |TAMS 0x0000000089600000, 0x0000000089600000| Untracked 
| 151|0x0000000089700000, 0x0000000089800000, 0x0000000089800000|100%| O|  |TAMS 0x0000000089700000, 0x0000000089700000| Untracked 
| 152|0x0000000089800000, 0x0000000089900000, 0x0000000089900000|100%| O|  |TAMS 0x0000000089800000, 0x0000000089800000| Untracked 
| 153|0x0000000089900000, 0x0000000089a00000, 0x0000000089a00000|100%| O|  |TAMS 0x0000000089900000, 0x0000000089900000| Untracked 
| 154|0x0000000089a00000, 0x0000000089b00000, 0x0000000089b00000|100%| O|  |TAMS 0x0000000089a00000, 0x0000000089a00000| Untracked 
| 155|0x0000000089b00000, 0x0000000089c00000, 0x0000000089c00000|100%| O|  |TAMS 0x0000000089b00000, 0x0000000089b00000| Untracked 
| 156|0x0000000089c00000, 0x0000000089d00000, 0x0000000089d00000|100%| O|  |TAMS 0x0000000089c00000, 0x0000000089c00000| Untracked 
| 157|0x0000000089d00000, 0x0000000089e00000, 0x0000000089e00000|100%| O|  |TAMS 0x0000000089d00000, 0x0000000089d00000| Untracked 
| 158|0x0000000089e00000, 0x0000000089f00000, 0x0000000089f00000|100%| O|  |TAMS 0x0000000089e00000, 0x0000000089e00000| Untracked 
| 159|0x0000000089f00000, 0x000000008a000000, 0x000000008a000000|100%| O|  |TAMS 0x0000000089f00000, 0x0000000089f00000| Untracked 
| 160|0x000000008a000000, 0x000000008a100000, 0x000000008a100000|100%| O|  |TAMS 0x000000008a000000, 0x000000008a000000| Untracked 
| 161|0x000000008a100000, 0x000000008a200000, 0x000000008a200000|100%| O|  |TAMS 0x000000008a100000, 0x000000008a100000| Untracked 
| 162|0x000000008a200000, 0x000000008a300000, 0x000000008a300000|100%| O|  |TAMS 0x000000008a200000, 0x000000008a200000| Untracked 
| 163|0x000000008a300000, 0x000000008a400000, 0x000000008a400000|100%| O|  |TAMS 0x000000008a300000, 0x000000008a300000| Untracked 
| 164|0x000000008a400000, 0x000000008a500000, 0x000000008a500000|100%| O|  |TAMS 0x000000008a400000, 0x000000008a400000| Untracked 
| 165|0x000000008a500000, 0x000000008a600000, 0x000000008a600000|100%| O|  |TAMS 0x000000008a500000, 0x000000008a500000| Untracked 
| 166|0x000000008a600000, 0x000000008a700000, 0x000000008a700000|100%| O|  |TAMS 0x000000008a600000, 0x000000008a600000| Untracked 
| 167|0x000000008a700000, 0x000000008a800000, 0x000000008a800000|100%| O|  |TAMS 0x000000008a700000, 0x000000008a700000| Untracked 
| 168|0x000000008a800000, 0x000000008a900000, 0x000000008a900000|100%| O|  |TAMS 0x000000008a800000, 0x000000008a800000| Untracked 
| 169|0x000000008a900000, 0x000000008aa00000, 0x000000008aa00000|100%| O|  |TAMS 0x000000008a900000, 0x000000008a900000| Untracked 
| 170|0x000000008aa00000, 0x000000008ab00000, 0x000000008ab00000|100%| O|  |TAMS 0x000000008aa00000, 0x000000008aa00000| Untracked 
| 171|0x000000008ab00000, 0x000000008ac00000, 0x000000008ac00000|100%| O|  |TAMS 0x000000008ab00000, 0x000000008ab00000| Untracked 
| 172|0x000000008ac00000, 0x000000008ad00000, 0x000000008ad00000|100%| O|  |TAMS 0x000000008ac00000, 0x000000008ac00000| Untracked 
| 173|0x000000008ad00000, 0x000000008ae00000, 0x000000008ae00000|100%| O|  |TAMS 0x000000008ad00000, 0x000000008ad00000| Untracked 
| 174|0x000000008ae00000, 0x000000008af00000, 0x000000008af00000|100%| O|  |TAMS 0x000000008ae00000, 0x000000008ae00000| Untracked 
| 175|0x000000008af00000, 0x000000008b000000, 0x000000008b000000|100%| O|  |TAMS 0x000000008af00000, 0x000000008af00000| Untracked 
| 176|0x000000008b000000, 0x000000008b100000, 0x000000008b100000|100%| O|  |TAMS 0x000000008b000000, 0x000000008b000000| Untracked 
| 177|0x000000008b100000, 0x000000008b200000, 0x000000008b200000|100%| O|  |TAMS 0x000000008b100000, 0x000000008b100000| Untracked 
| 178|0x000000008b200000, 0x000000008b300000, 0x000000008b300000|100%| O|  |TAMS 0x000000008b200000, 0x000000008b200000| Untracked 
| 179|0x000000008b300000, 0x000000008b3d6a00, 0x000000008b400000| 83%| O|  |TAMS 0x000000008b300000, 0x000000008b300000| Untracked 
| 180|0x000000008b400000, 0x000000008b400000, 0x000000008b500000|  0%| F|  |TAMS 0x000000008b400000, 0x000000008b400000| Untracked 
| 181|0x000000008b500000, 0x000000008b500000, 0x000000008b600000|  0%| F|  |TAMS 0x000000008b500000, 0x000000008b500000| Untracked 
| 182|0x000000008b600000, 0x000000008b600000, 0x000000008b700000|  0%| F|  |TAMS 0x000000008b600000, 0x000000008b600000| Untracked 
| 183|0x000000008b700000, 0x000000008b700000, 0x000000008b800000|  0%| F|  |TAMS 0x000000008b700000, 0x000000008b700000| Untracked 
| 184|0x000000008b800000, 0x000000008b800000, 0x000000008b900000|  0%| F|  |TAMS 0x000000008b800000, 0x000000008b800000| Untracked 
| 185|0x000000008b900000, 0x000000008b900000, 0x000000008ba00000|  0%| F|  |TAMS 0x000000008b900000, 0x000000008b900000| Untracked 
| 186|0x000000008ba00000, 0x000000008ba00000, 0x000000008bb00000|  0%| F|  |TAMS 0x000000008ba00000, 0x000000008ba00000| Untracked 
| 187|0x000000008bb00000, 0x000000008bb00000, 0x000000008bc00000|  0%| F|  |TAMS 0x000000008bb00000, 0x000000008bb00000| Untracked 
| 188|0x000000008bc00000, 0x000000008bc00000, 0x000000008bd00000|  0%| F|  |TAMS 0x000000008bc00000, 0x000000008bc00000| Untracked 
| 189|0x000000008bd00000, 0x000000008bd00000, 0x000000008be00000|  0%| F|  |TAMS 0x000000008bd00000, 0x000000008bd00000| Untracked 
| 190|0x000000008be00000, 0x000000008be00000, 0x000000008bf00000|  0%| F|  |TAMS 0x000000008be00000, 0x000000008be00000| Untracked 
| 191|0x000000008bf00000, 0x000000008bf00000, 0x000000008c000000|  0%| F|  |TAMS 0x000000008bf00000, 0x000000008bf00000| Untracked 
| 192|0x000000008c000000, 0x000000008c000000, 0x000000008c100000|  0%| F|  |TAMS 0x000000008c000000, 0x000000008c000000| Untracked 
| 193|0x000000008c100000, 0x000000008c100000, 0x000000008c200000|  0%| F|  |TAMS 0x000000008c100000, 0x000000008c100000| Untracked 
| 194|0x000000008c200000, 0x000000008c200000, 0x000000008c300000|  0%| F|  |TAMS 0x000000008c200000, 0x000000008c200000| Untracked 
| 195|0x000000008c300000, 0x000000008c300000, 0x000000008c400000|  0%| F|  |TAMS 0x000000008c300000, 0x000000008c300000| Untracked 
| 196|0x000000008c400000, 0x000000008c400000, 0x000000008c500000|  0%| F|  |TAMS 0x000000008c400000, 0x000000008c400000| Untracked 
| 197|0x000000008c500000, 0x000000008c500000, 0x000000008c600000|  0%| F|  |TAMS 0x000000008c500000, 0x000000008c500000| Untracked 
| 198|0x000000008c600000, 0x000000008c600000, 0x000000008c700000|  0%| F|  |TAMS 0x000000008c600000, 0x000000008c600000| Untracked 
| 199|0x000000008c700000, 0x000000008c700000, 0x000000008c800000|  0%| F|  |TAMS 0x000000008c700000, 0x000000008c700000| Untracked 
| 200|0x000000008c800000, 0x000000008c800000, 0x000000008c900000|  0%| F|  |TAMS 0x000000008c800000, 0x000000008c800000| Untracked 
| 201|0x000000008c900000, 0x000000008c900000, 0x000000008ca00000|  0%| F|  |TAMS 0x000000008c900000, 0x000000008c900000| Untracked 
| 202|0x000000008ca00000, 0x000000008ca00000, 0x000000008cb00000|  0%| F|  |TAMS 0x000000008ca00000, 0x000000008ca00000| Untracked 
| 203|0x000000008cb00000, 0x000000008cb00000, 0x000000008cc00000|  0%| F|  |TAMS 0x000000008cb00000, 0x000000008cb00000| Untracked 
| 204|0x000000008cc00000, 0x000000008cc00000, 0x000000008cd00000|  0%| F|  |TAMS 0x000000008cc00000, 0x000000008cc00000| Untracked 
| 205|0x000000008cd00000, 0x000000008ce00000, 0x000000008ce00000|100%| S|CS|TAMS 0x000000008cd00000, 0x000000008cd00000| Complete 
| 206|0x000000008ce00000, 0x000000008cf00000, 0x000000008cf00000|100%| S|CS|TAMS 0x000000008ce00000, 0x000000008ce00000| Complete 
| 207|0x000000008cf00000, 0x000000008cf00000, 0x000000008d000000|  0%| F|  |TAMS 0x000000008cf00000, 0x000000008cf00000| Untracked 
| 208|0x000000008d000000, 0x000000008d000000, 0x000000008d100000|  0%| F|  |TAMS 0x000000008d000000, 0x000000008d000000| Untracked 
| 209|0x000000008d100000, 0x000000008d200000, 0x000000008d200000|100%| S|CS|TAMS 0x000000008d100000, 0x000000008d100000| Complete 
| 210|0x000000008d200000, 0x000000008d200000, 0x000000008d300000|  0%| F|  |TAMS 0x000000008d200000, 0x000000008d200000| Untracked 
| 211|0x000000008d300000, 0x000000008d300000, 0x000000008d400000|  0%| F|  |TAMS 0x000000008d300000, 0x000000008d300000| Untracked 
| 212|0x000000008d400000, 0x000000008d400000, 0x000000008d500000|  0%| F|  |TAMS 0x000000008d400000, 0x000000008d400000| Untracked 
| 213|0x000000008d500000, 0x000000008d500000, 0x000000008d600000|  0%| F|  |TAMS 0x000000008d500000, 0x000000008d500000| Untracked 
| 214|0x000000008d600000, 0x000000008d600000, 0x000000008d700000|  0%| F|  |TAMS 0x000000008d600000, 0x000000008d600000| Untracked 
| 215|0x000000008d700000, 0x000000008d700000, 0x000000008d800000|  0%| F|  |TAMS 0x000000008d700000, 0x000000008d700000| Untracked 
| 216|0x000000008d800000, 0x000000008d800000, 0x000000008d900000|  0%| F|  |TAMS 0x000000008d800000, 0x000000008d800000| Untracked 
| 217|0x000000008d900000, 0x000000008d900000, 0x000000008da00000|  0%| F|  |TAMS 0x000000008d900000, 0x000000008d900000| Untracked 
| 218|0x000000008da00000, 0x000000008da00000, 0x000000008db00000|  0%| F|  |TAMS 0x000000008da00000, 0x000000008da00000| Untracked 
| 219|0x000000008db00000, 0x000000008db00000, 0x000000008dc00000|  0%| F|  |TAMS 0x000000008db00000, 0x000000008db00000| Untracked 
| 220|0x000000008dc00000, 0x000000008dc00000, 0x000000008dd00000|  0%| F|  |TAMS 0x000000008dc00000, 0x000000008dc00000| Untracked 
| 221|0x000000008dd00000, 0x000000008dd00000, 0x000000008de00000|  0%| F|  |TAMS 0x000000008dd00000, 0x000000008dd00000| Untracked 
| 222|0x000000008de00000, 0x000000008de8fcf0, 0x000000008df00000| 56%| E|  |TAMS 0x000000008de00000, 0x000000008de00000| Complete 
| 223|0x000000008df00000, 0x000000008e000000, 0x000000008e000000|100%| E|CS|TAMS 0x000000008df00000, 0x000000008df00000| Complete 
| 224|0x000000008e000000, 0x000000008e100000, 0x000000008e100000|100%| E|CS|TAMS 0x000000008e000000, 0x000000008e000000| Complete 
| 225|0x000000008e100000, 0x000000008e200000, 0x000000008e200000|100%| E|CS|TAMS 0x000000008e100000, 0x000000008e100000| Complete 
| 226|0x000000008e200000, 0x000000008e300000, 0x000000008e300000|100%| E|CS|TAMS 0x000000008e200000, 0x000000008e200000| Complete 
| 227|0x000000008e300000, 0x000000008e400000, 0x000000008e400000|100%| E|CS|TAMS 0x000000008e300000, 0x000000008e300000| Complete 
| 228|0x000000008e400000, 0x000000008e500000, 0x000000008e500000|100%| E|CS|TAMS 0x000000008e400000, 0x000000008e400000| Complete 
| 229|0x000000008e500000, 0x000000008e600000, 0x000000008e600000|100%| E|CS|TAMS 0x000000008e500000, 0x000000008e500000| Complete 
| 230|0x000000008e600000, 0x000000008e700000, 0x000000008e700000|100%| E|CS|TAMS 0x000000008e600000, 0x000000008e600000| Complete 

Card table byte_map: [0x0000020a7f9c0000,0x0000020a7fdc0000] _byte_map_base: 0x0000020a7f5c0000

Marking Bits (Prev, Next): (CMBitMap*) 0x0000020a77428d00, (CMBitMap*) 0x0000020a77428cc0
 Prev Bits: [0x0000020a11400000, 0x0000020a13400000)
 Next Bits: [0x0000020a0f400000, 0x0000020a11400000)

Polling page: 0x0000020a75b60000

Metaspace:

Usage:
  Non-class:     86.56 MB used.
      Class:     14.09 MB used.
       Both:    100.65 MB used.

Virtual space:
  Non-class space:      128.00 MB reserved,      87.12 MB ( 68%) committed,  2 nodes.
      Class space:      416.00 MB reserved,      14.56 MB (  4%) committed,  1 nodes.
             Both:      544.00 MB reserved,     101.69 MB ( 19%) committed. 

Chunk freelists:
   Non-Class:  7.95 MB
       Class:  1.45 MB
        Both:  9.40 MB

MaxMetaspaceSize: 512.00 MB
CompressedClassSpaceSize: 416.00 MB
Initial GC threshold: 21.00 MB
Current GC threshold: 116.50 MB
CDS: on
MetaspaceReclaimPolicy: balanced
 - commit_granule_bytes: 65536.
 - commit_granule_words: 8192.
 - virtual_space_node_default_size: 8388608.
 - enlarge_chunks_in_place: 1.
 - new_chunks_are_fully_committed: 0.
 - uncommit_free_chunks: 1.
 - use_allocation_guard: 0.
 - handle_deallocations: 1.


Internal statistics:

num_allocs_failed_limit: 6.
num_arena_births: 1428.
num_arena_deaths: 0.
num_vsnodes_births: 3.
num_vsnodes_deaths: 0.
num_space_committed: 1627.
num_space_uncommitted: 0.
num_chunks_returned_to_freelist: 6.
num_chunks_taken_from_freelist: 5998.
num_chunk_merges: 6.
num_chunk_splits: 3850.
num_chunks_enlarged: 2477.
num_inconsistent_stats: 0.

CodeHeap 'non-profiled nmethods': size=120000Kb used=9877Kb max_used=9877Kb free=110122Kb
 bounds [0x0000020a07ad0000, 0x0000020a08480000, 0x0000020a0f000000]
CodeHeap 'profiled nmethods': size=120000Kb used=26531Kb max_used=26531Kb free=93468Kb
 bounds [0x0000020a00000000, 0x0000020a019f0000, 0x0000020a07530000]
CodeHeap 'non-nmethods': size=5760Kb used=2415Kb max_used=2533Kb free=3344Kb
 bounds [0x0000020a07530000, 0x0000020a077d0000, 0x0000020a07ad0000]
 total_blobs=14426 nmethods=13475 adapters=863
 compilation: enabled
              stopped_count=0, restarted_count=0
 full_count=0

Compilation events (20 events):
Event: 53.767 Thread 0x0000020a157d1390 nmethod 15642 0x0000020a08465110 code [0x0000020a084652a0, 0x0000020a084653d8]
Event: 53.768 Thread 0x0000020a157d1390 15643   !   4       org.gradle.cache.internal.DefaultMultiProcessSafeIndexedCache::getIfPresent (25 bytes)
Event: 53.770 Thread 0x0000020a3a942eb0 nmethod 15635 0x0000020a08465510 code [0x0000020a08465740, 0x0000020a08466fd8]
Event: 53.770 Thread 0x0000020a3a942eb0 15646       4       java.util.ArrayDeque::peekLast (19 bytes)
Event: 53.771 Thread 0x0000020a3a942eb0 nmethod 15646 0x0000020a08468010 code [0x0000020a08468180, 0x0000020a08468238]
Event: 53.771 Thread 0x0000020a3a942eb0 15644       4       com.google.common.cache.LocalCache$Segment::recordWrite (72 bytes)
Event: 53.789 Thread 0x0000020a3a942eb0 nmethod 15644 0x0000020a08468310 code [0x0000020a08468520, 0x0000020a08469458]
Event: 53.789 Thread 0x0000020a3a942eb0 15645       4       com.google.common.cache.LocalCache$Segment::setValue (82 bytes)
Event: 53.792 Thread 0x0000020a3a942eb0 nmethod 15645 0x0000020a08469e10 code [0x0000020a08469fc0, 0x0000020a0846a348]
Event: 53.792 Thread 0x0000020a3a942eb0 15647       4       java.util.concurrent.locks.LockSupport::park (23 bytes)
Event: 53.794 Thread 0x0000020a3a942eb0 nmethod 15647 0x0000020a0846a690 code [0x0000020a0846a820, 0x0000020a0846a9e8]
Event: 53.794 Thread 0x0000020a3a942eb0 15648       4       com.google.common.cache.LocalCache::isExpired (57 bytes)
Event: 53.795 Thread 0x0000020a3a942eb0 nmethod 15648 0x0000020a0846aa90 code [0x0000020a0846ac20, 0x0000020a0846ad78]
Event: 53.798 Thread 0x0000020a3a942eb0 15649       4       java.nio.file.attribute.FileTime::toMillis (98 bytes)
Event: 53.799 Thread 0x0000020a3a942eb0 nmethod 15649 0x0000020a0846af10 code [0x0000020a0846b080, 0x0000020a0846b1d8]
Event: 53.799 Thread 0x0000020a3a942eb0 15650   !   4       java.util.concurrent.FutureTask::run (123 bytes)
Event: 53.805 Thread 0x0000020a3a942eb0 nmethod 15650 0x0000020a0846b310 code [0x0000020a0846b4c0, 0x0000020a0846bac8]
Event: 53.805 Thread 0x0000020a3a942eb0 15651       4       sun.nio.fs.WindowsPath::getFileName (87 bytes)
Event: 53.819 Thread 0x0000020a3a942eb0 nmethod 15651 0x0000020a0846be10 code [0x0000020a0846bfe0, 0x0000020a0846ccf8]
Event: 53.819 Thread 0x0000020a3a942eb0 15652       4       org.gradle.cache.internal.btree.BTreePersistentIndexedCache$IndexBlock::find (18 bytes)

GC Heap History (20 events):
Event: 47.428 GC heap before
{Heap before GC invocations=55 (full 0):
 garbage-first heap   total 236544K, used 192116K [0x0000000080000000, 0x0000000100000000)
  region size 1024K, 47 young (48128K), 7 survivors (7168K)
 Metaspace       used 96037K, committed 97024K, reserved 557056K
  class space    used 13518K, committed 14016K, reserved 425984K
}
Event: 47.441 GC heap after
{Heap after GC invocations=56 (full 0):
 garbage-first heap   total 236544K, used 162601K [0x0000000080000000, 0x0000000100000000)
  region size 1024K, 6 young (6144K), 6 survivors (6144K)
 Metaspace       used 96037K, committed 97024K, reserved 557056K
  class space    used 13518K, committed 14016K, reserved 425984K
}
Event: 49.489 GC heap before
{Heap before GC invocations=56 (full 0):
 garbage-first heap   total 236544K, used 194345K [0x0000000080000000, 0x0000000100000000)
  region size 1024K, 37 young (37888K), 6 survivors (6144K)
 Metaspace       used 98035K, committed 99072K, reserved 557056K
  class space    used 13842K, committed 14336K, reserved 425984K
}
Event: 49.497 GC heap after
{Heap after GC invocations=57 (full 0):
 garbage-first heap   total 236544K, used 166703K [0x0000000080000000, 0x0000000100000000)
  region size 1024K, 3 young (3072K), 3 survivors (3072K)
 Metaspace       used 98035K, committed 99072K, reserved 557056K
  class space    used 13842K, committed 14336K, reserved 425984K
}
Event: 50.191 GC heap before
{Heap before GC invocations=57 (full 0):
 garbage-first heap   total 236544K, used 196399K [0x0000000080000000, 0x0000000100000000)
  region size 1024K, 32 young (32768K), 3 survivors (3072K)
 Metaspace       used 100842K, committed 101888K, reserved 557056K
  class space    used 14184K, committed 14656K, reserved 425984K
}
Event: 50.202 GC heap after
{Heap after GC invocations=58 (full 0):
 garbage-first heap   total 236544K, used 169158K [0x0000000080000000, 0x0000000100000000)
  region size 1024K, 3 young (3072K), 3 survivors (3072K)
 Metaspace       used 100842K, committed 101888K, reserved 557056K
  class space    used 14184K, committed 14656K, reserved 425984K
}
Event: 50.969 GC heap before
{Heap before GC invocations=58 (full 0):
 garbage-first heap   total 236544K, used 198854K [0x0000000080000000, 0x0000000100000000)
  region size 1024K, 32 young (32768K), 3 survivors (3072K)
 Metaspace       used 101563K, committed 102528K, reserved 557056K
  class space    used 14253K, committed 14720K, reserved 425984K
}
Event: 50.977 GC heap after
{Heap after GC invocations=59 (full 0):
 garbage-first heap   total 236544K, used 173661K [0x0000000080000000, 0x0000000100000000)
  region size 1024K, 4 young (4096K), 4 survivors (4096K)
 Metaspace       used 101563K, committed 102528K, reserved 557056K
  class space    used 14253K, committed 14720K, reserved 425984K
}
Event: 51.839 GC heap before
{Heap before GC invocations=59 (full 0):
 garbage-first heap   total 236544K, used 199261K [0x0000000080000000, 0x0000000100000000)
  region size 1024K, 29 young (29696K), 4 survivors (4096K)
 Metaspace       used 101703K, committed 102720K, reserved 557056K
  class space    used 14253K, committed 14720K, reserved 425984K
}
Event: 51.848 GC heap after
{Heap after GC invocations=60 (full 0):
 garbage-first heap   total 236544K, used 176839K [0x0000000080000000, 0x0000000100000000)
  region size 1024K, 3 young (3072K), 3 survivors (3072K)
 Metaspace       used 101703K, committed 102720K, reserved 557056K
  class space    used 14253K, committed 14720K, reserved 425984K
}
Event: 52.381 GC heap before
{Heap before GC invocations=60 (full 0):
 garbage-first heap   total 236544K, used 201415K [0x0000000080000000, 0x0000000100000000)
  region size 1024K, 27 young (27648K), 3 survivors (3072K)
 Metaspace       used 101876K, committed 102912K, reserved 557056K
  class space    used 14269K, committed 14720K, reserved 425984K
}
Event: 52.388 GC heap after
{Heap after GC invocations=61 (full 0):
 garbage-first heap   total 236544K, used 179692K [0x0000000080000000, 0x0000000100000000)
  region size 1024K, 4 young (4096K), 4 survivors (4096K)
 Metaspace       used 101876K, committed 102912K, reserved 557056K
  class space    used 14269K, committed 14720K, reserved 425984K
}
Event: 52.719 GC heap before
{Heap before GC invocations=61 (full 0):
 garbage-first heap   total 236544K, used 200172K [0x0000000080000000, 0x0000000100000000)
  region size 1024K, 25 young (25600K), 4 survivors (4096K)
 Metaspace       used 102468K, committed 103488K, reserved 557056K
  class space    used 14376K, committed 14848K, reserved 425984K
}
Event: 52.725 GC heap after
{Heap after GC invocations=62 (full 0):
 garbage-first heap   total 236544K, used 182291K [0x0000000080000000, 0x0000000100000000)
  region size 1024K, 3 young (3072K), 3 survivors (3072K)
 Metaspace       used 102468K, committed 103488K, reserved 557056K
  class space    used 14376K, committed 14848K, reserved 425984K
}
Event: 53.081 GC heap before
{Heap before GC invocations=62 (full 0):
 garbage-first heap   total 236544K, used 201747K [0x0000000080000000, 0x0000000100000000)
  region size 1024K, 23 young (23552K), 3 survivors (3072K)
 Metaspace       used 102708K, committed 103808K, reserved 557056K
  class space    used 14385K, committed 14912K, reserved 425984K
}
Event: 53.085 GC heap after
{Heap after GC invocations=63 (full 0):
 garbage-first heap   total 236544K, used 183215K [0x0000000080000000, 0x0000000100000000)
  region size 1024K, 1 young (1024K), 1 survivors (1024K)
 Metaspace       used 102708K, committed 103808K, reserved 557056K
  class space    used 14385K, committed 14912K, reserved 425984K
}
Event: 53.354 GC heap before
{Heap before GC invocations=63 (full 0):
 garbage-first heap   total 236544K, used 204719K [0x0000000080000000, 0x0000000100000000)
  region size 1024K, 22 young (22528K), 1 survivors (1024K)
 Metaspace       used 102913K, committed 104000K, reserved 557056K
  class space    used 14411K, committed 14912K, reserved 425984K
}
Event: 53.357 GC heap after
{Heap after GC invocations=64 (full 0):
 garbage-first heap   total 236544K, used 183844K [0x0000000080000000, 0x0000000100000000)
  region size 1024K, 2 young (2048K), 2 survivors (2048K)
 Metaspace       used 102913K, committed 104000K, reserved 557056K
  class space    used 14411K, committed 14912K, reserved 425984K
}
Event: 53.740 GC heap before
{Heap before GC invocations=64 (full 0):
 garbage-first heap   total 236544K, used 204324K [0x0000000080000000, 0x0000000100000000)
  region size 1024K, 23 young (23552K), 2 survivors (2048K)
 Metaspace       used 103063K, committed 104128K, reserved 557056K
  class space    used 14432K, committed 14912K, reserved 425984K
}
Event: 53.745 GC heap after
{Heap after GC invocations=65 (full 0):
 garbage-first heap   total 236544K, used 187200K [0x0000000080000000, 0x0000000100000000)
  region size 1024K, 3 young (3072K), 3 survivors (3072K)
 Metaspace       used 103063K, committed 104128K, reserved 557056K
  class space    used 14432K, committed 14912K, reserved 425984K
}

Dll operation events (14 events):
Event: 0.018 Loaded shared library C:\Program Files\Microsoft\jdk-17.0.8.7-hotspot\bin\java.dll
Event: 0.041 Loaded shared library C:\Program Files\Microsoft\jdk-17.0.8.7-hotspot\bin\jsvml.dll
Event: 0.106 Loaded shared library C:\Program Files\Microsoft\jdk-17.0.8.7-hotspot\bin\zip.dll
Event: 0.112 Loaded shared library C:\Program Files\Microsoft\jdk-17.0.8.7-hotspot\bin\instrument.dll
Event: 0.116 Loaded shared library C:\Program Files\Microsoft\jdk-17.0.8.7-hotspot\bin\net.dll
Event: 0.118 Loaded shared library C:\Program Files\Microsoft\jdk-17.0.8.7-hotspot\bin\nio.dll
Event: 0.122 Loaded shared library C:\Program Files\Microsoft\jdk-17.0.8.7-hotspot\bin\zip.dll
Event: 0.287 Loaded shared library C:\Program Files\Microsoft\jdk-17.0.8.7-hotspot\bin\jimage.dll
Event: 0.361 Loaded shared library C:\Program Files\Microsoft\jdk-17.0.8.7-hotspot\bin\verify.dll
Event: 0.503 Loaded shared library C:\Users\Gabriel\.gradle\native\68d5fa5c4cc2d200863cafc0d521ce42e7d3e7ee720ec0a83991735586a16f82\windows-amd64\native-platform.dll
Event: 0.543 Loaded shared library C:\Users\Gabriel\.gradle\native\e376f236ea51e6404a007f0833ffe2c6e607c4080706a723a18a27aeea778392\windows-amd64\native-platform-file-events.dll
Event: 1.822 Loaded shared library C:\Program Files\Microsoft\jdk-17.0.8.7-hotspot\bin\management.dll
Event: 1.824 Loaded shared library C:\Program Files\Microsoft\jdk-17.0.8.7-hotspot\bin\management_ext.dll
Event: 2.507 Loaded shared library C:\Program Files\Microsoft\jdk-17.0.8.7-hotspot\bin\sunmscapi.dll

Deoptimization events (20 events):
Event: 53.540 Thread 0x0000020a35674aa0 Uncommon trap: trap_request=0xffffffc6 fr.pc=0x0000020a083bde48 relative=0x00000000000000a8
Event: 53.540 Thread 0x0000020a35674aa0 Uncommon trap: reason=bimorphic_or_optimized_type_check action=maybe_recompile pc=0x0000020a083bde48 method=org.gradle.execution.plan.ActionNode.hasPendingPreExecutionNodes()Z @ 11 c2
Event: 53.540 Thread 0x0000020a35674aa0 DEOPT PACKING pc=0x0000020a083bde48 sp=0x000000cab43fee00
Event: 53.540 Thread 0x0000020a35674aa0 DEOPT UNPACKING pc=0x0000020a075869a3 sp=0x000000cab43fed88 mode 2
Event: 53.615 Thread 0x0000020a35bc5950 Uncommon trap: trap_request=0xffffffbe fr.pc=0x0000020a08448f8c relative=0x00000000000003ec
Event: 53.615 Thread 0x0000020a35bc5950 Uncommon trap: reason=profile_predicate action=maybe_recompile pc=0x0000020a08448f8c method=java.util.Collections.indexedBinarySearch(Ljava/util/List;Ljava/lang/Object;Ljava/util/Comparator;)I @ 15 c2
Event: 53.615 Thread 0x0000020a35bc5950 DEOPT PACKING pc=0x0000020a08448f8c sp=0x000000cab47fbfe0
Event: 53.615 Thread 0x0000020a35bc5950 DEOPT UNPACKING pc=0x0000020a075869a3 sp=0x000000cab47fbea0 mode 2
Event: 53.615 Thread 0x0000020a35bc5950 Uncommon trap: trap_request=0xffffffbe fr.pc=0x0000020a08448f8c relative=0x00000000000003ec
Event: 53.615 Thread 0x0000020a35bc5950 Uncommon trap: reason=profile_predicate action=maybe_recompile pc=0x0000020a08448f8c method=java.util.Collections.indexedBinarySearch(Ljava/util/List;Ljava/lang/Object;Ljava/util/Comparator;)I @ 15 c2
Event: 53.615 Thread 0x0000020a35bc5950 DEOPT PACKING pc=0x0000020a08448f8c sp=0x000000cab47fbfe0
Event: 53.615 Thread 0x0000020a35bc5950 DEOPT UNPACKING pc=0x0000020a075869a3 sp=0x000000cab47fbea0 mode 2
Event: 53.615 Thread 0x0000020a35bc5950 Uncommon trap: trap_request=0xffffffbe fr.pc=0x0000020a08448f8c relative=0x00000000000003ec
Event: 53.615 Thread 0x0000020a35bc5950 Uncommon trap: reason=profile_predicate action=maybe_recompile pc=0x0000020a08448f8c method=java.util.Collections.indexedBinarySearch(Ljava/util/List;Ljava/lang/Object;Ljava/util/Comparator;)I @ 15 c2
Event: 53.615 Thread 0x0000020a35bc5950 DEOPT PACKING pc=0x0000020a08448f8c sp=0x000000cab47fc0a0
Event: 53.615 Thread 0x0000020a35bc5950 DEOPT UNPACKING pc=0x0000020a075869a3 sp=0x000000cab47fbf60 mode 2
Event: 53.615 Thread 0x0000020a35bc5950 Uncommon trap: trap_request=0xffffffbe fr.pc=0x0000020a08448f8c relative=0x00000000000003ec
Event: 53.615 Thread 0x0000020a35bc5950 Uncommon trap: reason=profile_predicate action=maybe_recompile pc=0x0000020a08448f8c method=java.util.Collections.indexedBinarySearch(Ljava/util/List;Ljava/lang/Object;Ljava/util/Comparator;)I @ 15 c2
Event: 53.615 Thread 0x0000020a35bc5950 DEOPT PACKING pc=0x0000020a08448f8c sp=0x000000cab47fc0a0
Event: 53.615 Thread 0x0000020a35bc5950 DEOPT UNPACKING pc=0x0000020a075869a3 sp=0x000000cab47fbf60 mode 2

Classes unloaded (0 events):
No events

Classes redefined (0 events):
No events

Internal exceptions (20 events):
Event: 49.868 Thread 0x0000020a36c4e4a0 Exception <a 'sun/nio/fs/WindowsException'{0x000000008d927d58}> (0x000000008d927d58) 
thrown [s\src\hotspot\share\prims\jni.cpp, line 516]
Event: 49.868 Thread 0x0000020a36c4e4a0 Exception <a 'sun/nio/fs/WindowsException'{0x000000008d9293f8}> (0x000000008d9293f8) 
thrown [s\src\hotspot\share\prims\jni.cpp, line 516]
Event: 50.202 Thread 0x0000020a157b2e60 Implicit null exception at 0x0000020a07f53300 to 0x0000020a07f53ac8
Event: 50.814 Thread 0x0000020a36c4e4a0 Exception <a 'java/lang/IncompatibleClassChangeError'{0x000000008d0c44c0}: Found class java.lang.Object, but interface was expected> (0x000000008d0c44c0) 
thrown [s\src\hotspot\share\interpreter\linkResolver.cpp, line 826]
Event: 51.000 Thread 0x0000020a36c4e4a0 Exception <a 'sun/nio/fs/WindowsException'{0x000000008e4393d8}> (0x000000008e4393d8) 
thrown [s\src\hotspot\share\prims\jni.cpp, line 516]
Event: 51.001 Thread 0x0000020a36c4e4a0 Exception <a 'sun/nio/fs/WindowsException'{0x000000008e43aa28}> (0x000000008e43aa28) 
thrown [s\src\hotspot\share\prims\jni.cpp, line 516]
Event: 51.001 Thread 0x0000020a36c4e4a0 Exception <a 'sun/nio/fs/WindowsException'{0x000000008e43c0c8}> (0x000000008e43c0c8) 
thrown [s\src\hotspot\share\prims\jni.cpp, line 516]
Event: 51.001 Thread 0x0000020a36c4e4a0 Exception <a 'sun/nio/fs/WindowsException'{0x000000008e43d768}> (0x000000008e43d768) 
thrown [s\src\hotspot\share\prims\jni.cpp, line 516]
Event: 52.565 Thread 0x0000020a35672c40 Exception <a 'java/lang/NoSuchMethodError'{0x000000008da7bec0}: 'void java.lang.invoke.DirectMethodHandle$Holder.invokeStatic(java.lang.Object, java.lang.Object, java.lang.Object, java.lang.Object, int, java.lang.Object, java.lang.Object)'> (0x000000008da7bec0) 
thrown [s\src\hotspot\share\interpreter\linkResolver.cpp, line 759]
Event: 52.593 Thread 0x0000020a39b89a40 Exception <a 'java/lang/NoSuchMethodError'{0x000000008d80b328}: 'java.lang.Object java.lang.invoke.DirectMethodHandle$Holder.invokeSpecialIFC(java.lang.Object, java.lang.Object, java.lang.Object)'> (0x000000008d80b328) 
thrown [s\src\hotspot\share\interpreter\linkResolver.cpp, line 759]
Event: 52.593 Thread 0x0000020a39b8cce0 Exception <a 'java/lang/NoSuchMethodError'{0x000000008d82ac10}: 'java.lang.Object java.lang.invoke.DirectMethodHandle$Holder.invokeSpecialIFC(java.lang.Object, java.lang.Object, java.lang.Object)'> (0x000000008d82ac10) 
thrown [s\src\hotspot\share\interpreter\linkResolver.cpp, line 759]
Event: 52.594 Thread 0x0000020a39b8bdb0 Exception <a 'java/lang/NoSuchMethodError'{0x000000008d81d6e8}: 'java.lang.Object java.lang.invoke.DirectMethodHandle$Holder.invokeSpecialIFC(java.lang.Object, java.lang.Object, java.lang.Object)'> (0x000000008d81d6e8) 
thrown [s\src\hotspot\share\interpreter\linkResolver.cpp, line 759]
Event: 52.824 Thread 0x0000020a39b8cce0 Exception <a 'java/lang/NoSuchMethodError'{0x000000008e016920}: 'void java.lang.invoke.DirectMethodHandle$Holder.invokeVirtual(java.lang.Object, java.lang.Object)'> (0x000000008e016920) 
thrown [s\src\hotspot\share\interpreter\linkResolver.cpp, line 759]
Event: 53.365 Thread 0x0000020a35674080 Exception <a 'java/lang/ClassNotFoundException'{0x000000008e681d40}: groovy/util/FileTreeBuilderBeanInfo> (0x000000008e681d40) 
thrown [s\src\hotspot\share\classfile\systemDictionary.cpp, line 256]
Event: 53.366 Thread 0x0000020a35674080 Exception <a 'java/lang/ClassNotFoundException'{0x000000008e6e2da0}: groovy/util/FileTreeBuilderCustomizer> (0x000000008e6e2da0) 
thrown [s\src\hotspot\share\classfile\systemDictionary.cpp, line 256]
Event: 53.371 Thread 0x0000020a35674080 Exception <a 'java/lang/ClassNotFoundException'{0x000000008e51ade0}: java/io/BufferedWriterBeanInfo> (0x000000008e51ade0) 
thrown [s\src\hotspot\share\classfile\systemDictionary.cpp, line 256]
Event: 53.371 Thread 0x0000020a35674080 Exception <a 'java/lang/ClassNotFoundException'{0x000000008e520468}: java/io/WriterBeanInfo> (0x000000008e520468) 
thrown [s\src\hotspot\share\classfile\systemDictionary.cpp, line 256]
Event: 53.371 Thread 0x0000020a35674080 Exception <a 'java/lang/ClassNotFoundException'{0x000000008e525818}: java/io/WriterCustomizer> (0x000000008e525818) 
thrown [s\src\hotspot\share\classfile\systemDictionary.cpp, line 256]
Event: 53.372 Thread 0x0000020a35674080 Exception <a 'java/lang/ClassNotFoundException'{0x000000008e533b58}: java/io/BufferedWriterCustomizer> (0x000000008e533b58) 
thrown [s\src\hotspot\share\classfile\systemDictionary.cpp, line 256]
Event: 53.431 Thread 0x0000020a35674080 Exception <a 'java/lang/NoSuchMethodError'{0x000000008e5e80e0}: static Lcom/android/build/api/variant/BuildConfigField;.<clinit>()V> (0x000000008e5e80e0) 
thrown [s\src\hotspot\share\prims\jni.cpp, line 1107]

VM Operations (20 events):
Event: 52.573 Executing VM operation: HandshakeAllThreads
Event: 52.573 Executing VM operation: HandshakeAllThreads done
Event: 52.611 Executing VM operation: HandshakeAllThreads
Event: 52.611 Executing VM operation: HandshakeAllThreads done
Event: 52.620 Executing VM operation: HandshakeAllThreads
Event: 52.620 Executing VM operation: HandshakeAllThreads done
Event: 52.656 Executing VM operation: ICBufferFull
Event: 52.656 Executing VM operation: ICBufferFull done
Event: 52.719 Executing VM operation: G1CollectForAllocation
Event: 52.725 Executing VM operation: G1CollectForAllocation done
Event: 53.080 Executing VM operation: G1CollectForAllocation
Event: 53.085 Executing VM operation: G1CollectForAllocation done
Event: 53.354 Executing VM operation: G1CollectForAllocation
Event: 53.358 Executing VM operation: G1CollectForAllocation done
Event: 53.618 Executing VM operation: HandshakeAllThreads
Event: 53.618 Executing VM operation: HandshakeAllThreads done
Event: 53.623 Executing VM operation: ICBufferFull
Event: 53.623 Executing VM operation: ICBufferFull done
Event: 53.740 Executing VM operation: G1CollectForAllocation
Event: 53.745 Executing VM operation: G1CollectForAllocation done

Events (20 events):
Event: 53.160 Thread 0x0000020a39b8b8a0 Thread added: 0x0000020a39b8b8a0
Event: 53.160 Thread 0x0000020a36c4f8e0 Thread added: 0x0000020a36c4f8e0
Event: 53.284 Thread 0x0000020a42dbd120 Thread added: 0x0000020a42dbd120
Event: 53.371 loading class java/io/BufferedWriterBeanInfo
Event: 53.371 loading class java/io/BufferedWriterBeanInfo done
Event: 53.371 loading class java/io/BufferedWriterBeanInfo
Event: 53.371 loading class java/io/BufferedWriterBeanInfo done
Event: 53.371 loading class java/io/WriterBeanInfo
Event: 53.371 loading class java/io/WriterBeanInfo done
Event: 53.371 loading class java/io/WriterBeanInfo
Event: 53.371 loading class java/io/WriterBeanInfo done
Event: 53.371 loading class java/io/WriterCustomizer
Event: 53.371 loading class java/io/WriterCustomizer done
Event: 53.371 loading class java/io/WriterCustomizer
Event: 53.371 loading class java/io/WriterCustomizer done
Event: 53.372 loading class java/io/BufferedWriterCustomizer
Event: 53.372 loading class java/io/BufferedWriterCustomizer done
Event: 53.372 loading class java/io/BufferedWriterCustomizer
Event: 53.372 loading class java/io/BufferedWriterCustomizer done
Event: 53.624 Thread 0x0000020a1581e290 flushing nmethod 0x0000020a0037a610


Dynamic libraries:
0x00007ff611660000 - 0x00007ff61166e000 	C:\Program Files\Microsoft\jdk-17.0.8.7-hotspot\bin\java.exe
0x00007ffbe2140000 - 0x00007ffbe2387000 	C:\WINDOWS\SYSTEM32\ntdll.dll
0x00007ffbe0760000 - 0x00007ffbe082a000 	C:\WINDOWS\System32\KERNEL32.DLL
0x00007ffbdf8c0000 - 0x00007ffbdfc37000 	C:\WINDOWS\System32\KERNELBASE.dll
0x00007ffbdf780000 - 0x00007ffbdf8bc000 	C:\WINDOWS\System32\ucrtbase.dll
0x00007ffbc0b00000 - 0x00007ffbc0b17000 	C:\Program Files\Microsoft\jdk-17.0.8.7-hotspot\bin\jli.dll
0x00007ffbc0ee0000 - 0x00007ffbc0efb000 	C:\Program Files\Microsoft\jdk-17.0.8.7-hotspot\bin\VCRUNTIME140.dll
0x00007ffbdff00000 - 0x00007ffbe00c1000 	C:\WINDOWS\System32\USER32.dll
0x00007ffbdf750000 - 0x00007ffbdf777000 	C:\WINDOWS\System32\win32u.dll
0x00007ffbe0310000 - 0x00007ffbe033a000 	C:\WINDOWS\System32\GDI32.dll
0x00007ffbc2910000 - 0x00007ffbc2ba1000 	C:\WINDOWS\WinSxS\amd64_microsoft.windows.common-controls_6595b64144ccf1df_6.0.26020.1000_none_3bd837a8e6b1a503\COMCTL32.dll
0x00007ffbdfd10000 - 0x00007ffbdfe30000 	C:\WINDOWS\System32\gdi32full.dll
0x00007ffbe1140000 - 0x00007ffbe11e7000 	C:\WINDOWS\System32\msvcrt.dll
0x00007ffbdf620000 - 0x00007ffbdf6c5000 	C:\WINDOWS\System32\msvcp_win.dll
0x00007ffbe0f40000 - 0x00007ffbe0f71000 	C:\WINDOWS\System32\IMM32.DLL
0x00007ffbc18f0000 - 0x00007ffbc18fc000 	C:\Program Files\Microsoft\jdk-17.0.8.7-hotspot\bin\vcruntime140_1.dll
0x00007ffb7b490000 - 0x00007ffb7b51d000 	C:\Program Files\Microsoft\jdk-17.0.8.7-hotspot\bin\msvcp140.dll
0x00007ffb71010000 - 0x00007ffb71c75000 	C:\Program Files\Microsoft\jdk-17.0.8.7-hotspot\bin\server\jvm.dll
0x00007ffbe1400000 - 0x00007ffbe14b2000 	C:\WINDOWS\System32\ADVAPI32.dll
0x00007ffbe0d90000 - 0x00007ffbe0e35000 	C:\WINDOWS\System32\sechost.dll
0x00007ffbdfc40000 - 0x00007ffbdfc66000 	C:\WINDOWS\System32\bcrypt.dll
0x00007ffbe12e0000 - 0x00007ffbe13f6000 	C:\WINDOWS\System32\RPCRT4.dll
0x00007ffbdf340000 - 0x00007ffbdf38f000 	C:\WINDOWS\SYSTEM32\POWRPROF.dll
0x00007ffbdabf0000 - 0x00007ffbdabfa000 	C:\WINDOWS\SYSTEM32\WSOCK32.dll
0x00007ffbe10c0000 - 0x00007ffbe1134000 	C:\WINDOWS\System32\WS2_32.dll
0x00007ffbd8610000 - 0x00007ffbd8645000 	C:\WINDOWS\SYSTEM32\WINMM.dll
0x00007ffbda310000 - 0x00007ffbda31b000 	C:\WINDOWS\SYSTEM32\VERSION.dll
0x00007ffbdf270000 - 0x00007ffbdf285000 	C:\WINDOWS\SYSTEM32\UMPDC.dll
0x00007ffbde370000 - 0x00007ffbde389000 	C:\WINDOWS\SYSTEM32\kernel.appcore.dll
0x00007ffbc14c0000 - 0x00007ffbc14ca000 	C:\Program Files\Microsoft\jdk-17.0.8.7-hotspot\bin\jimage.dll
0x00007ffbdcd40000 - 0x00007ffbdcf77000 	C:\WINDOWS\SYSTEM32\DBGHELP.DLL
0x00007ffbe1d00000 - 0x00007ffbe2070000 	C:\WINDOWS\System32\combase.dll
0x00007ffbe0830000 - 0x00007ffbe0906000 	C:\WINDOWS\System32\OLEAUT32.dll
0x00007ffbaf3b0000 - 0x00007ffbaf3e9000 	C:\WINDOWS\SYSTEM32\dbgcore.DLL
0x00007ffbdfc70000 - 0x00007ffbdfd04000 	C:\WINDOWS\System32\bcryptPrimitives.dll
0x00007ffbc1230000 - 0x00007ffbc123e000 	C:\Program Files\Microsoft\jdk-17.0.8.7-hotspot\bin\instrument.dll
0x00007ffb8f5d0000 - 0x00007ffb8f5f5000 	C:\Program Files\Microsoft\jdk-17.0.8.7-hotspot\bin\java.dll
0x00007ffb7b360000 - 0x00007ffb7b437000 	C:\Program Files\Microsoft\jdk-17.0.8.7-hotspot\bin\jsvml.dll
0x00007ffbe14d0000 - 0x00007ffbe1c8f000 	C:\WINDOWS\System32\SHELL32.dll
0x00007ffbdd360000 - 0x00007ffbddbb8000 	C:\WINDOWS\SYSTEM32\windows.storage.dll
0x00007ffbe1200000 - 0x00007ffbe12d7000 	C:\WINDOWS\System32\SHCORE.dll
0x00007ffbe00d0000 - 0x00007ffbe012d000 	C:\WINDOWS\System32\shlwapi.dll
0x00007ffbdf3c0000 - 0x00007ffbdf3e4000 	C:\WINDOWS\SYSTEM32\profapi.dll
0x00007ffbb4f10000 - 0x00007ffbb4f28000 	C:\Program Files\Microsoft\jdk-17.0.8.7-hotspot\bin\zip.dll
0x00007ffbc0910000 - 0x00007ffbc0929000 	C:\Program Files\Microsoft\jdk-17.0.8.7-hotspot\bin\net.dll
0x00007ffbd8950000 - 0x00007ffbd8a6d000 	C:\WINDOWS\SYSTEM32\WINHTTP.dll
0x00007ffbde800000 - 0x00007ffbde868000 	C:\WINDOWS\system32\mswsock.dll
0x00007ffbb6b20000 - 0x00007ffbb6b36000 	C:\Program Files\Microsoft\jdk-17.0.8.7-hotspot\bin\nio.dll
0x00007ffbc0ca0000 - 0x00007ffbc0cb0000 	C:\Program Files\Microsoft\jdk-17.0.8.7-hotspot\bin\verify.dll
0x00007ffbbd710000 - 0x00007ffbbd737000 	C:\Users\Gabriel\.gradle\native\68d5fa5c4cc2d200863cafc0d521ce42e7d3e7ee720ec0a83991735586a16f82\windows-amd64\native-platform.dll
0x00007ffb7ad20000 - 0x00007ffb7ae64000 	C:\Users\Gabriel\.gradle\native\e376f236ea51e6404a007f0833ffe2c6e607c4080706a723a18a27aeea778392\windows-amd64\native-platform-file-events.dll
0x00007ffbd9930000 - 0x00007ffbd9939000 	C:\Program Files\Microsoft\jdk-17.0.8.7-hotspot\bin\management.dll
0x00007ffbc1360000 - 0x00007ffbc136b000 	C:\Program Files\Microsoft\jdk-17.0.8.7-hotspot\bin\management_ext.dll
0x00007ffbe14c0000 - 0x00007ffbe14c8000 	C:\WINDOWS\System32\PSAPI.DLL
0x00007ffbdeae0000 - 0x00007ffbdeafc000 	C:\WINDOWS\SYSTEM32\CRYPTSP.dll
0x00007ffbde2d0000 - 0x00007ffbde308000 	C:\WINDOWS\system32\rsaenh.dll
0x00007ffbde8c0000 - 0x00007ffbde8eb000 	C:\WINDOWS\SYSTEM32\USERENV.dll
0x00007ffbdead0000 - 0x00007ffbdeadc000 	C:\WINDOWS\SYSTEM32\CRYPTBASE.dll
0x00007ffbdddd0000 - 0x00007ffbdde00000 	C:\WINDOWS\SYSTEM32\IPHLPAPI.DLL
0x00007ffbe0e40000 - 0x00007ffbe0e4a000 	C:\WINDOWS\System32\NSI.dll
0x00007ffbd85f0000 - 0x00007ffbd860d000 	C:\WINDOWS\SYSTEM32\dhcpcsvc6.DLL
0x00007ffbd85c0000 - 0x00007ffbd85e0000 	C:\WINDOWS\SYSTEM32\dhcpcsvc.DLL
0x00007ffbdde50000 - 0x00007ffbddf68000 	C:\WINDOWS\SYSTEM32\DNSAPI.dll
0x00007ffbc1350000 - 0x00007ffbc135e000 	C:\Program Files\Microsoft\jdk-17.0.8.7-hotspot\bin\sunmscapi.dll
0x00007ffbdf4a0000 - 0x00007ffbdf616000 	C:\WINDOWS\System32\CRYPT32.dll
0x00007ffbdecd0000 - 0x00007ffbded00000 	C:\WINDOWS\SYSTEM32\ncrypt.dll
0x00007ffbdec80000 - 0x00007ffbdecbf000 	C:\WINDOWS\SYSTEM32\NTASN1.dll
0x00007ffbc0ea0000 - 0x00007ffbc0ea8000 	C:\WINDOWS\system32\wshunix.dll
0x00007ffbaf240000 - 0x00007ffbaf258000 	C:\WINDOWS\system32\napinsp.dll
0x00007ffbaf370000 - 0x00007ffbaf383000 	C:\WINDOWS\System32\winrnr.dll
0x00007ffbaf2b0000 - 0x00007ffbaf2d2000 	C:\WINDOWS\system32\nlansp_c.dll
0x00007ffbb8710000 - 0x00007ffbb8726000 	C:\WINDOWS\system32\wshbth.dll
0x00007ffbd9150000 - 0x00007ffbd915b000 	C:\Windows\System32\rasadhlp.dll
0x00007ffbd7f40000 - 0x00007ffbd7fc5000 	C:\WINDOWS\System32\fwpuclnt.dll

dbghelp: loaded successfully - version: 4.0.5 - missing functions: none
symbol engine: initialized successfully - sym options: 0x614 - pdb path: .;C:\Program Files\Microsoft\jdk-17.0.8.7-hotspot\bin;C:\WINDOWS\SYSTEM32;C:\WINDOWS\WinSxS\amd64_microsoft.windows.common-controls_6595b64144ccf1df_6.0.26020.1000_none_3bd837a8e6b1a503;C:\Program Files\Microsoft\jdk-17.0.8.7-hotspot\bin\server;C:\Users\Gabriel\.gradle\native\68d5fa5c4cc2d200863cafc0d521ce42e7d3e7ee720ec0a83991735586a16f82\windows-amd64;C:\Users\Gabriel\.gradle\native\e376f236ea51e6404a007f0833ffe2c6e607c4080706a723a18a27aeea778392\windows-amd64

VM Arguments:
jvm_args: -XX:MaxMetaspaceSize=512m --add-opens=java.base/java.util=ALL-UNNAMED --add-opens=java.base/java.lang=ALL-UNNAMED --add-opens=java.base/java.lang.invoke=ALL-UNNAMED --add-opens=java.prefs/java.util.prefs=ALL-UNNAMED --add-opens=java.base/java.nio.charset=ALL-UNNAMED --add-opens=java.base/java.net=ALL-UNNAMED --add-opens=java.base/java.util.concurrent.atomic=ALL-UNNAMED -Xmx2048m -Dfile.encoding=windows-1252 -Duser.country=US -Duser.language=en -Duser.variant -javaagent:C:\Users\Gabriel\.gradle\wrapper\dists\gradle-8.3-all\6en3ugtfdg5xnpx44z4qbwgas\gradle-8.3\lib\agents\gradle-instrumentation-agent-8.3.jar 
java_command: org.gradle.launcher.daemon.bootstrap.GradleDaemon 8.3
java_class_path (initial): C:\Users\Gabriel\.gradle\wrapper\dists\gradle-8.3-all\6en3ugtfdg5xnpx44z4qbwgas\gradle-8.3\lib\gradle-launcher-8.3.jar
Launcher Type: SUN_STANDARD

[Global flags]
     intx CICompilerCount                          = 3                                         {product} {ergonomic}
   size_t CompressedClassSpaceSize                 = 436207616                                 {product} {ergonomic}
     uint ConcGCThreads                            = 1                                         {product} {ergonomic}
     uint G1ConcRefinementThreads                  = 4                                         {product} {ergonomic}
   size_t G1HeapRegionSize                         = 1048576                                   {product} {ergonomic}
    uintx GCDrainStackTargetSize                   = 64                                        {product} {ergonomic}
   size_t InitialHeapSize                          = 134217728                                 {product} {ergonomic}
   size_t MarkStackSize                            = 4194304                                   {product} {ergonomic}
   size_t MaxHeapSize                              = 2147483648                                {product} {command line}
   size_t MaxMetaspaceSize                         = 536870912                                 {product} {command line}
   size_t MaxNewSize                               = 1287651328                                {product} {ergonomic}
   size_t MinHeapDeltaBytes                        = 1048576                                   {product} {ergonomic}
   size_t MinHeapSize                              = 8388608                                   {product} {ergonomic}
    uintx NonNMethodCodeHeapSize                   = 5832780                                {pd product} {ergonomic}
    uintx NonProfiledCodeHeapSize                  = 122912730                              {pd product} {ergonomic}
    uintx ProfiledCodeHeapSize                     = 122912730                              {pd product} {ergonomic}
    uintx ReservedCodeCacheSize                    = 251658240                              {pd product} {ergonomic}
     bool SegmentedCodeCache                       = true                                      {product} {ergonomic}
   size_t SoftMaxHeapSize                          = 2147483648                             {manageable} {ergonomic}
     bool UseCompressedClassPointers               = true                           {product lp64_product} {ergonomic}
     bool UseCompressedOops                        = true                           {product lp64_product} {ergonomic}
     bool UseG1GC                                  = true                                      {product} {ergonomic}
     bool UseLargePagesIndividualAllocation        = false                                  {pd product} {ergonomic}

Logging:
Log output configuration:
 #0: stdout all=warning uptime,level,tags
 #1: stderr all=off uptime,level,tags

Environment Variables:
JAVA_HOME=C:\Program Files\Microsoft\jdk-17.0.8.7-hotspot\
CLASSPATH=C:\Users\Gabriel\OneDrive\Documentos\ReactNative\UniversoCognitivo\android\\gradle\wrapper\gradle-wrapper.jar
PATH=C:\Users\Gabriel\OneDrive\Documentos\ReactNative\UniversoCognitivo\node_modules\.bin;C:\Users\Gabriel\OneDrive\Documentos\ReactNative\UniversoCognitivo\node_modules\.bin;C:\Users\Gabriel\OneDrive\Documentos\ReactNative\node_modules\.bin;C:\Users\Gabriel\OneDrive\Documentos\node_modules\.bin;C:\Users\Gabriel\OneDrive\node_modules\.bin;C:\Users\Gabriel\node_modules\.bin;C:\Users\node_modules\.bin;C:\node_modules\.bin;C:\Users\Gabriel\AppData\Roaming\npm\node_modules\npm\node_modules\@npmcli\run-script\lib\node-gyp-bin;C:\Users\Gabriel\OneDrive\Documentos\ReactNative\UniversoCognitivo\node_modules\.bin;C:\Users\Gabriel\OneDrive\Documentos\ReactNative\UniversoCognitivo\node_modules\.bin;C:\Users\Gabriel\OneDrive\Documentos\ReactNative\node_modules\.bin;C:\Users\Gabriel\OneDrive\Documentos\node_modules\.bin;C:\Users\Gabriel\OneDrive\node_modules\.bin;C:\Users\Gabriel\node_modules\.bin;C:\Users\node_modules\.bin;C:\node_modules\.bin;C:\Users\Gabriel\AppData\Roaming\npm\node_modules\npm\node_modules\@npmcli\run-script\lib\node-gyp-bin;C:\Program Files\Microsoft\jdk-17.0.8.7-hotspot\bin;C:\Python27\;C:\Python27\Scripts;C:\Program Files\Eclipse Adoptium\jdk-11.0.21.9-hotspot\bin;C:\Program Files\Common Files\Oracle\Java\javapath;C:\Program Files (x86)\Common Files\Oracle\Java\javapath;C:\WINDOWS\system32;C:\WINDOWS;C:\WINDOWS\System32\Wbem;C:\WINDOWS\System32\WindowsPowerShell\v1.0\;C:\WINDOWS\System32\OpenSSH\;C:\Program Files\dotnet\;C:\ProgramData\UNIVALI\Portugol Studio;C:\Program Files\NVIDIA Corporation\NVIDIA NvDLISR;C:\Program Files (x86)\NVIDIA Corporation\PhysX\Common;C:\xampp\php;C:\Program Files\Git\cmd;C:\ProgramData\chocolatey\bin;C:\Users\Gabriel\AppData\Local\Microsoft\WindowsApps;C:\Users\Gabriel\AppData\Local\Programs\Microsoft VS Code Insiders\bin;C:\Users\Gabriel\.dotnet\tools;C:\Users\Gabriel\AppData\Local\Programs\Microsoft VS Code\bin;C:\Users\Gabriel\AppData\Local\GitHubDesktop\bin;C:\Users\Gabriel\AppData\Local\Programs\Hyper\resources\bin;C:\Users
USERNAME=Gabriel
LANG=en_US.UTF-8
OS=Windows_NT
PROCESSOR_IDENTIFIER=Intel64 Family 6 Model 158 Stepping 10, GenuineIntel
TMP=C:\Users\Gabriel\AppData\Local\Temp
TEMP=C:\Users\Gabriel\AppData\Local\Temp



---------------  S Y S T E M  ---------------

OS:
 Windows 11 , 64 bit Build 26020 (10.0.26020.1000)
OS uptime: 0 days 2:52 hours

CPU: total 4 (initial active 4) (4 cores per cpu, 1 threads per core) family 6 model 158 stepping 10 microcode 0xde, cx8, cmov, fxsr, mmx, 3dnowpref, sse, sse2, sse3, ssse3, sse4.1, sse4.2, popcnt, lzcnt, tsc, tscinvbit, avx, avx2, aes, erms, clmul, bmi1, bmi2, adx, fma, vzeroupper, clflush, clflushopt
Processor Information for all 4 processors :
  Max Mhz: 3600, Current Mhz: 3600, Mhz Limit: 3600

Memory: 4k page, system-wide physical 8126M (344M free)
TotalPageFile size 20701M (AvailPageFile size 914M)
current process WorkingSet (physical memory assigned to process): 546M, peak: 549M
current process commit charge ("private bytes"): 584M, peak: 587M

vm_info: OpenJDK 64-Bit Server VM (17.0.8+7-LTS) for windows-amd64 JRE (17.0.8+7-LTS), built on Jul  7 2023 17:21:55 by "MicrosoftCorporation" with MS VC++ 16.10 / 16.11 (VS2019)

END.
