#
# A fatal error has been detected by the Java Runtime Environment:
#
#  EXCEPTION_ACCESS_VIOLATION (0xc0000005) at pc=0x00007ffe54bce0a9, pid=15568, tid=17432
#
# JRE version: OpenJDK Runtime Environment Microsoft-8035246 (17.0.8+7) (build 17.0.8+7-LTS)
# Java VM: OpenJDK 64-Bit Server VM Microsoft-8035246 (17.0.8+7-LTS, mixed mode, sharing, tiered, compressed oops, compressed class ptrs, g1 gc, windows-amd64)
# Problematic frame:
# V  [jvm.dll+0x2be0a9]
#
# No core dump will be written. Minidumps are not enabled by default on client versions of Windows
#
# If you would like to submit a bug report, please visit:
#   https://github.com/microsoft/openjdk/issues
#

---------------  S U M M A R Y ------------

Command Line: -XX:MaxMetaspaceSize=512m --add-opens=java.base/java.util=ALL-UNNAMED --add-opens=java.base/java.lang=ALL-UNNAMED --add-opens=java.base/java.lang.invoke=ALL-UNNAMED --add-opens=java.prefs/java.util.prefs=ALL-UNNAMED --add-opens=java.base/java.nio.charset=ALL-UNNAMED --add-opens=java.base/java.net=ALL-UNNAMED --add-opens=java.base/java.util.concurrent.atomic=ALL-UNNAMED -Xmx2048m -Dfile.encoding=windows-1252 -Duser.country=US -Duser.language=en -Duser.variant -javaagent:C:\Users\Gabriel\.gradle\wrapper\dists\gradle-8.3-all\6en3ugtfdg5xnpx44z4qbwgas\gradle-8.3\lib\agents\gradle-instrumentation-agent-8.3.jar org.gradle.launcher.daemon.bootstrap.GradleDaemon 8.3

Host: Intel(R) Core(TM) i3-9100F CPU @ 3.60GHz, 4 cores, 7G,  Windows 11 , 64 bit Build 26020 (10.0.26020.1000)
Time: Fri Jan 19 10:10:22 2024 E. South America Standard Time elapsed time: 54.737175 seconds (0d 0h 0m 54s)

---------------  T H R E A D  ---------------

Current thread (0x000001826ebfb940):  JavaThread "C2 CompilerThread0" daemon [_thread_in_native, id=17432, stack(0x00000064d9a00000,0x00000064d9b00000)]


Current CompileTask:
C2:  54737 15628   !   4       org.gradle.cache.internal.DefaultMultiProcessSafeIndexedCache::getIfPresent (25 bytes)

Stack: [0x00000064d9a00000,0x00000064d9b00000],  sp=0x00000064d9afb840,  free space=1006k
Native frames: (J=compiled Java code, j=interpreted, Vv=VM code, C=native code)
V  [jvm.dll+0x2be0a9]
V  [jvm.dll+0x21ba8b]
V  [jvm.dll+0x21944b]
V  [jvm.dll+0x1a56b6]
V  [jvm.dll+0x2291ea]
V  [jvm.dll+0x22724c]
V  [jvm.dll+0x7efd0c]
V  [jvm.dll+0x7ea13a]
V  [jvm.dll+0x67ad85]
C  [ucrtbase.dll+0x6e240]
C  [KERNEL32.DLL+0x2c7e7]
C  [ntdll.dll+0x4c7c0]


siginfo: EXCEPTION_ACCESS_VIOLATION (0xc0000005), reading address 0x0000000000000028


Register to memory mapping:

RIP=0x00007ffe54bce0a9 jvm.dll
RAX=0x000001827f7f4090 points into unknown readable memory: 0x0000000000000000 | 00 00 00 00 00 00 00 00
RBX=0x00000000000017d6 is an unknown value
RCX=0x0 is NULL
RDX=0x0 is NULL
RSP=0x00000064d9afb840 is pointing into the stack for thread: 0x000001826ebfb940
RBP=0x00000064d9afb8b0 is pointing into the stack for thread: 0x000001826ebfb940
RSI=0x0 is NULL
RDI=0x0000000000000048 is an unknown value
R8 =0x000000000000ffe0 is an unknown value
R9 =0x0 is NULL
R10=0x00007ffea83c0000 VCRUNTIME140.dll
R11=0x000001827f7f40b0 points into unknown readable memory: 0x0000000000000000 | 00 00 00 00 00 00 00 00
R12=0x0000000000000050 is an unknown value
R13=0x0 is NULL
R14=0x0 is NULL
R15=0x00000064d9afea60 is pointing into the stack for thread: 0x000001826ebfb940


Registers:
RAX=0x000001827f7f4090, RBX=0x00000000000017d6, RCX=0x0000000000000000, RDX=0x0000000000000000
RSP=0x00000064d9afb840, RBP=0x00000064d9afb8b0, RSI=0x0000000000000000, RDI=0x0000000000000048
R8 =0x000000000000ffe0, R9 =0x0000000000000000, R10=0x00007ffea83c0000, R11=0x000001827f7f40b0
R12=0x0000000000000050, R13=0x0000000000000000, R14=0x0000000000000000, R15=0x00000064d9afea60
RIP=0x00007ffe54bce0a9, EFLAGS=0x0000000000010202

Top of Stack: (sp=0x00000064d9afb840)
0x00000064d9afb840:   00000000000017d6 0000000000000000
0x00000064d9afb850:   00000064d9afea60 00007ffe54b338d1
0x00000064d9afb860:   000001826ebee510 00007ffe00002000
0x00000064d9afb870:   000001827f7f4090 0000018200000000
0x00000064d9afb880:   0000018200000002 000001827ea19480
0x00000064d9afb890:   0000000000000002 000001826ebee510
0x00000064d9afb8a0:   0000000000000000 0000000000000000
0x00000064d9afb8b0:   000001826ebdd700 00000182508b4de0
0x00000064d9afb8c0:   0000000000000048 00007ffe55254c08
0x00000064d9afb8d0:   00000064d9afb9e0 00007ffe54b2ba8b
0x00000064d9afb8e0:   00000064d9afea60 00007ffe55254c08
0x00000064d9afb8f0:   00000064d9afea60 00000064d9afb9e0
0x00000064d9afb900:   0000018200000000 00007ffe54f2b7fb
0x00000064d9afb910:   000000640000000f 00000064d9afea60
0x00000064d9afb920:   00000064d9afba90 0000000000000000
0x00000064d9afb930:   0000018200000100 00007ffe55254c08 

Instructions: (pc=0x00007ffe54bce0a9)
0x00007ffe54bcdfa9:   3b d0 75 0b ff c1 41 3b c9 7c dc 48 8b c2 c3 33
0x00007ffe54bcdfb9:   c0 c3 cc cc cc cc cc 48 89 5c 24 18 55 56 57 41
0x00007ffe54bcdfc9:   55 41 57 48 8b ec 48 83 ec 70 65 48 8b 04 25 58
0x00007ffe54bcdfd9:   00 00 00 48 8b f2 44 8b 05 d2 8b 90 00 4c 8b f9
0x00007ffe54bcdfe9:   4a 8b 1c c0 b8 50 00 00 00 80 3c 18 00 75 05 e8
0x00007ffe54bcdff9:   8b 6f 5d 00 b8 20 00 00 00 48 8b 04 18 48 8b 98
0x00007ffe54bce009:   38 02 00 00 48 89 5d b0 c7 45 b8 04 00 00 00 48
0x00007ffe54bce019:   8b 43 18 48 83 f8 df 76 18 4c 8d 05 37 a9 65 00
0x00007ffe54bce029:   ba 20 00 00 00 48 8b cb e8 5a eb de ff 48 8b 43
0x00007ffe54bce039:   18 48 8d 48 20 48 3b 4b 20 76 11 45 33 c0 48 8b
0x00007ffe54bce049:   cb 41 8d 50 20 e8 fd e8 de ff eb 04 48 89 4b 18
0x00007ffe54bce059:   44 8b 45 b8 33 d2 49 c1 e0 03 48 8b c8 48 89 45
0x00007ffe54bce069:   c0 e8 e3 80 5d 00 45 33 ed 48 8d 4d d0 44 89 6d
0x00007ffe54bce079:   c8 e8 01 59 56 00 41 8b 9f 40 02 00 00 41 2b 9f
0x00007ffe54bce089:   68 02 00 00 44 89 6d f0 3b 5d b8 72 0b 8b d3 48
0x00007ffe54bce099:   8d 4d b0 e8 6f b3 39 00 48 8b 45 c0 4c 89 2c d8
0x00007ffe54bce0a9:   8b 7e 28 8b df c1 eb 05 3b 5d d0 72 0b 8b d3 48
0x00007ffe54bce0b9:   8d 4d d0 e8 1f 59 56 00 48 8b 45 d8 83 e7 1f 48
0x00007ffe54bce0c9:   8d 14 98 40 0f b6 cf 41 b8 01 00 00 00 41 d3 e0
0x00007ffe54bce0d9:   8b 0a 8b c1 41 0b c0 89 02 41 85 c8 75 21 8b 5d
0x00007ffe54bce0e9:   c8 8d 43 01 89 45 c8 3b 5d b8 72 0b 8b d3 48 8d
0x00007ffe54bce0f9:   4d b0 e8 10 b3 39 00 48 8b 45 c0 48 89 34 d8 44
0x00007ffe54bce109:   39 6d c8 0f 86 77 01 00 00 4c 89 a4 24 a0 00 00
0x00007ffe54bce119:   00 4c 89 b4 24 a8 00 00 00 48 8b 45 c0 41 8b cd
0x00007ffe54bce129:   48 8b 34 c8 8b 46 2c 25 ff 1f 00 00 3d 04 10 00
0x00007ffe54bce139:   00 0f 85 a7 00 00 00 bb 01 00 00 00 39 5e 18 76
0x00007ffe54bce149:   39 66 0f 1f 44 00 00 48 8b 46 08 8b cb 48 8b 14
0x00007ffe54bce159:   c8 48 85 d2 74 1d 48 83 7a 10 00 74 16 80 7a 2c
0x00007ffe54bce169:   84 74 10 e8 7f 7e ee ff 48 8b d0 49 8b cf e8 a4
0x00007ffe54bce179:   61 f6 ff ff c3 3b 5e 18 72 cd 48 8b 5e 10 8b 46
0x00007ffe54bce189:   20 4c 8d 34 c3 49 3b de 73 54 48 8b 3b 8b 47 2c
0x00007ffe54bce199:   83 e0 03 3c 03 75 2e 48 8b 07 48 8b cf ff 90 88 


Stack slot to memory mapping:
stack at sp + 0 slots: 0x00000000000017d6 is an unknown value
stack at sp + 1 slots: 0x0 is NULL
stack at sp + 2 slots: 0x00000064d9afea60 is pointing into the stack for thread: 0x000001826ebfb940
stack at sp + 3 slots: 0x00007ffe54b338d1 jvm.dll
stack at sp + 4 slots: 0x000001826ebee510 points into unknown readable memory: 0x0000000000000006 | 06 00 00 00 00 00 00 00
stack at sp + 5 slots: 0x00007ffe00002000 is an unknown value
stack at sp + 6 slots: 0x000001827f7f4090 points into unknown readable memory: 0x0000000000000000 | 00 00 00 00 00 00 00 00
stack at sp + 7 slots: 0x0000018200000000 is pointing into metadata


---------------  P R O C E S S  ---------------

Threads class SMR info:
_java_thread_list=0x000001821b598dd0, length=95, elements={
0x000001825089e050, 0x000001826ebd2e10, 0x000001826ebd4540, 0x000001826ebec430,
0x000001826ebef000, 0x000001826ebf2640, 0x000001826ebf5aa0, 0x000001826ebfb940,
0x000001826ec0a200, 0x000001826ec0ba90, 0x00000182730c93d0, 0x00000182731a3370,
0x000001827433b8e0, 0x0000018273ec2560, 0x0000018275308770, 0x00000182751b42f0,
0x0000018274945030, 0x0000018274883cf0, 0x00000182748823a0, 0x0000018274884c20,
0x0000018274881e90, 0x0000018274882dc0, 0x00000182748837e0, 0x0000018274884200,
0x0000018274885130, 0x0000018274885640, 0x00000182748832d0, 0x00000182748828b0,
0x0000018276a0caf0, 0x0000018276a09340, 0x0000018276a0a270, 0x0000018276a0e440,
0x0000018276a0b6b0, 0x0000018276a0d510, 0x0000018276a107b0, 0x0000018276a0f370,
0x0000018276a0a780, 0x0000018276a0c0d0, 0x0000018276a102a0, 0x0000018276a0bbc0,
0x0000018276a0da20, 0x0000018276a0ee60, 0x0000018276a0f880, 0x0000018276a0fd90,
0x0000018276a10cc0, 0x0000018276a09850, 0x00000182773979b0, 0x00000182773983d0,
0x00000182773974a0, 0x0000018277397ec0, 0x0000018277398df0, 0x0000018277396060,
0x0000018277399300, 0x0000018277399810, 0x00000182777231d0, 0x00000182777227b0,
0x0000018277720440, 0x0000018277720950, 0x0000018277721d90, 0x000001827771ff30,
0x0000018277720e60, 0x0000018277724100, 0x000001827771e0d0, 0x0000018277722cc0,
0x0000018277723bf0, 0x000001827771f510, 0x000001827771dbc0, 0x000001827771f000,
0x000001827771cc90, 0x0000018277724610, 0x00000182790c4470, 0x00000182733cc9c0,
0x00000182733c87f0, 0x00000182733cced0, 0x00000182733c78c0, 0x00000182733c8d00,
0x00000182733c5a60, 0x00000182733c6ea0, 0x00000182733c73b0, 0x00000182733cab60,
0x00000182733c82e0, 0x00000182733c9c30, 0x00000182733c9720, 0x00000182733cb070,
0x00000182733ca650, 0x00000182733ca140, 0x00000182733cba90, 0x00000182733cbfa0,
0x0000018274884710, 0x0000018276a0ac90, 0x0000018277396a80, 0x000001821b6f0d00,
0x000001821b6f1210, 0x000001821b6f44b0, 0x000001821b6f2140
}

Java Threads: ( => current thread )
  0x000001825089e050 JavaThread "main" [_thread_blocked, id=16664, stack(0x00000064d8d00000,0x00000064d8e00000)]
  0x000001826ebd2e10 JavaThread "Reference Handler" daemon [_thread_blocked, id=2352, stack(0x00000064d9400000,0x00000064d9500000)]
  0x000001826ebd4540 JavaThread "Finalizer" daemon [_thread_blocked, id=17412, stack(0x00000064d9500000,0x00000064d9600000)]
  0x000001826ebec430 JavaThread "Signal Dispatcher" daemon [_thread_blocked, id=17416, stack(0x00000064d9600000,0x00000064d9700000)]
  0x000001826ebef000 JavaThread "Attach Listener" daemon [_thread_blocked, id=17420, stack(0x00000064d9700000,0x00000064d9800000)]
  0x000001826ebf2640 JavaThread "Service Thread" daemon [_thread_blocked, id=17424, stack(0x00000064d9800000,0x00000064d9900000)]
  0x000001826ebf5aa0 JavaThread "Monitor Deflation Thread" daemon [_thread_blocked, id=17428, stack(0x00000064d9900000,0x00000064d9a00000)]
=>0x000001826ebfb940 JavaThread "C2 CompilerThread0" daemon [_thread_in_native, id=17432, stack(0x00000064d9a00000,0x00000064d9b00000)]
  0x000001826ec0a200 JavaThread "C1 CompilerThread0" daemon [_thread_blocked, id=17436, stack(0x00000064d9b00000,0x00000064d9c00000)]
  0x000001826ec0ba90 JavaThread "Sweeper thread" daemon [_thread_blocked, id=17440, stack(0x00000064d9c00000,0x00000064d9d00000)]
  0x00000182730c93d0 JavaThread "Common-Cleaner" daemon [_thread_blocked, id=17444, stack(0x00000064d9d00000,0x00000064d9e00000)]
  0x00000182731a3370 JavaThread "Notification Thread" daemon [_thread_blocked, id=17448, stack(0x00000064d9e00000,0x00000064d9f00000)]
  0x000001827433b8e0 JavaThread "Daemon health stats" [_thread_blocked, id=17576, stack(0x00000064da400000,0x00000064da500000)]
  0x0000018273ec2560 JavaThread "Incoming local TCP Connector on port 50103" [_thread_in_native, id=17612, stack(0x00000064da500000,0x00000064da600000)]
  0x0000018275308770 JavaThread "Daemon periodic checks" [_thread_blocked, id=17620, stack(0x00000064da600000,0x00000064da700000)]
  0x00000182751b42f0 JavaThread "Daemon" [_thread_blocked, id=17676, stack(0x00000064da700000,0x00000064da800000)]
  0x0000018274945030 JavaThread "Handler for socket connection from /127.0.0.1:50103 to /127.0.0.1:50104" [_thread_in_native, id=17680, stack(0x00000064da800000,0x00000064da900000)]
  0x0000018274883cf0 JavaThread "Cancel handler" [_thread_blocked, id=17696, stack(0x00000064da900000,0x00000064daa00000)]
  0x00000182748823a0 JavaThread "Daemon worker" [_thread_blocked, id=17700, stack(0x00000064daa00000,0x00000064dab00000)]
  0x0000018274884c20 JavaThread "Asynchronous log dispatcher for DefaultDaemonConnection: socket connection from /127.0.0.1:50103 to /127.0.0.1:50104" [_thread_blocked, id=17712, stack(0x00000064dab00000,0x00000064dac00000)]
  0x0000018274881e90 JavaThread "Stdin handler" [_thread_blocked, id=17716, stack(0x00000064dac00000,0x00000064dad00000)]
  0x0000018274882dc0 JavaThread "Daemon client event forwarder" [_thread_blocked, id=17720, stack(0x00000064dad00000,0x00000064dae00000)]
  0x00000182748837e0 JavaThread "Cache worker for journal cache (C:\Users\Gabriel\.gradle\caches\journal-1)" [_thread_blocked, id=17732, stack(0x00000064dae00000,0x00000064daf00000)]
  0x0000018274884200 JavaThread "File lock request listener" [_thread_in_native, id=17736, stack(0x00000064daf00000,0x00000064db000000)]
  0x0000018274885130 JavaThread "Cache worker for file hash cache (C:\Users\Gabriel\.gradle\caches\8.3\fileHashes)" [_thread_blocked, id=17744, stack(0x00000064db000000,0x00000064db100000)]
  0x0000018274885640 JavaThread "File watcher server" daemon [_thread_in_native, id=17768, stack(0x00000064db100000,0x00000064db200000)]
  0x00000182748832d0 JavaThread "File watcher consumer" daemon [_thread_blocked, id=17772, stack(0x00000064db200000,0x00000064db300000)]
  0x00000182748828b0 JavaThread "Cache worker for checksums cache (C:\Users\Gabriel\OneDrive\Documentos\ReactNative\UniversoCognitivo\android\.gradle\8.3\checksums)" [_thread_blocked, id=17788, stack(0x00000064db300000,0x00000064db400000)]
  0x0000018276a0caf0 JavaThread "Cache worker for file hash cache (C:\Users\Gabriel\OneDrive\Documentos\ReactNative\UniversoCognitivo\android\.gradle\8.3\fileHashes)" [_thread_blocked, id=17792, stack(0x00000064db400000,0x00000064db500000)]
  0x0000018276a09340 JavaThread "Cache worker for cache directory md-supplier (C:\Users\Gabriel\.gradle\caches\8.3\md-supplier)" [_thread_blocked, id=17796, stack(0x00000064db500000,0x00000064db600000)]
  0x0000018276a0a270 JavaThread "Cache worker for file content cache (C:\Users\Gabriel\.gradle\caches\8.3\fileContent)" [_thread_blocked, id=17800, stack(0x00000064db600000,0x00000064db700000)]
  0x0000018276a0e440 JavaThread "Cache worker for cache directory md-rule (C:\Users\Gabriel\.gradle\caches\8.3\md-rule)" [_thread_blocked, id=17820, stack(0x00000064db900000,0x00000064dba00000)]
  0x0000018276a0b6b0 JavaThread "Cache worker for execution history cache (C:\Users\Gabriel\.gradle\caches\8.3\executionHistory)" [_thread_blocked, id=17840, stack(0x00000064dba00000,0x00000064dbb00000)]
  0x0000018276a0d510 JavaThread "jar transforms" [_thread_blocked, id=17860, stack(0x00000064dbb00000,0x00000064dbc00000)]
  0x0000018276a107b0 JavaThread "jar transforms Thread 2" [_thread_blocked, id=17864, stack(0x00000064dbc00000,0x00000064dbd00000)]
  0x0000018276a0f370 JavaThread "jar transforms Thread 3" [_thread_blocked, id=17952, stack(0x00000064dbd00000,0x00000064dbe00000)]
  0x0000018276a0a780 JavaThread "jar transforms Thread 4" [_thread_blocked, id=17996, stack(0x00000064dbe00000,0x00000064dbf00000)]
  0x0000018276a0c0d0 JavaThread "Cache worker for kotlin-dsl (C:\Users\Gabriel\.gradle\caches\8.3\kotlin-dsl)" [_thread_blocked, id=18416, stack(0x00000064dbf00000,0x00000064dc000000)]
  0x0000018276a102a0 JavaThread "Unconstrained build operations" [_thread_blocked, id=17484, stack(0x00000064dc000000,0x00000064dc100000)]
  0x0000018276a0bbc0 JavaThread "Unconstrained build operations Thread 2" [_thread_blocked, id=17496, stack(0x00000064dc100000,0x00000064dc200000)]
  0x0000018276a0da20 JavaThread "Cache worker for dependencies-accessors (C:\Users\Gabriel\OneDrive\Documentos\ReactNative\UniversoCognitivo\android\.gradle\8.3\dependencies-accessors)" [_thread_blocked, id=2168, stack(0x00000064dc200000,0x00000064dc300000)]
  0x0000018276a0ee60 JavaThread "Cache worker for Build Output Cleanup Cache (C:\Users\Gabriel\OneDrive\Documentos\ReactNative\UniversoCognitivo\node_modules\@react-native\gradle-plugin\.gradle\buildOutputCleanup)" [_thread_blocked, id=9348, stack(0x00000064dc300000,0x00000064dc400000)]
  0x0000018276a0f880 JavaThread "Unconstrained build operations Thread 3" [_thread_blocked, id=17692, stack(0x00000064dc400000,0x00000064dc500000)]
  0x0000018276a0fd90 JavaThread "Unconstrained build operations Thread 4" [_thread_blocked, id=17688, stack(0x00000064dc500000,0x00000064dc600000)]
  0x0000018276a10cc0 JavaThread "Unconstrained build operations Thread 5" [_thread_blocked, id=17684, stack(0x00000064dc600000,0x00000064dc700000)]
  0x0000018276a09850 JavaThread "Memory manager" [_thread_blocked, id=15960, stack(0x00000064da300000,0x00000064da400000)]
  0x00000182773979b0 JavaThread "Cache worker for Build Output Cleanup Cache (C:\Users\Gabriel\OneDrive\Documentos\ReactNative\UniversoCognitivo\android\.gradle\buildOutputCleanup)" [_thread_blocked, id=17752, stack(0x00000064dc800000,0x00000064dc900000)]
  0x00000182773983d0 JavaThread "ForkJoinPool.commonPool-worker-1" daemon [_thread_blocked, id=15784, stack(0x00000064dc900000,0x00000064dca00000)]
  0x00000182773974a0 JavaThread "ForkJoinPool.commonPool-worker-2" daemon [_thread_blocked, id=8424, stack(0x00000064dca00000,0x00000064dcb00000)]
  0x0000018277397ec0 JavaThread "ForkJoinPool.commonPool-worker-3" daemon [_thread_blocked, id=7640, stack(0x00000064dcb00000,0x00000064dcc00000)]
  0x0000018277398df0 JavaThread "Exec process" daemon [_thread_blocked, id=17900, stack(0x00000064dcc00000,0x00000064dcd00000)]
  0x0000018277396060 JavaThread "Exec process Thread 2" daemon [_thread_blocked, id=3116, stack(0x00000064dcd00000,0x00000064dce00000)]
  0x0000018277399300 JavaThread "Exec process Thread 3" daemon [_thread_blocked, id=9480, stack(0x00000064dce00000,0x00000064dcf00000)]
  0x0000018277399810 JavaThread "included builds" [_thread_blocked, id=14016, stack(0x00000064dc700000,0x00000064dc800000)]
  0x00000182777231d0 JavaThread "Execution worker" [_thread_blocked, id=17724, stack(0x00000064dcf00000,0x00000064dd000000)]
  0x00000182777227b0 JavaThread "Execution worker Thread 2" [_thread_blocked, id=15252, stack(0x00000064dd000000,0x00000064dd100000)]
  0x0000018277720440 JavaThread "Execution worker Thread 3" [_thread_blocked, id=8332, stack(0x00000064dd100000,0x00000064dd200000)]
  0x0000018277720950 JavaThread "Cache worker for execution history cache (C:\Users\Gabriel\OneDrive\Documentos\ReactNative\UniversoCognitivo\node_modules\@react-native\gradle-plugin\.gradle\8.3\executionHistory)" [_thread_blocked, id=9556, stack(0x00000064dd200000,0x00000064dd300000)]
  0x0000018277721d90 JavaThread "Unconstrained build operations Thread 6" [_thread_blocked, id=17992, stack(0x00000064dd300000,0x00000064dd400000)]
  0x000001827771ff30 JavaThread "Unconstrained build operations Thread 7" [_thread_blocked, id=18376, stack(0x00000064dd400000,0x00000064dd500000)]
  0x0000018277720e60 JavaThread "Unconstrained build operations Thread 8" [_thread_blocked, id=17948, stack(0x00000064dd500000,0x00000064dd600000)]
  0x0000018277724100 JavaThread "Unconstrained build operations Thread 9" [_thread_blocked, id=17928, stack(0x00000064dd600000,0x00000064dd700000)]
  0x000001827771e0d0 JavaThread "Unconstrained build operations Thread 10" [_thread_blocked, id=17936, stack(0x00000064dd700000,0x00000064dd800000)]
  0x0000018277722cc0 JavaThread "Unconstrained build operations Thread 11" [_thread_blocked, id=17740, stack(0x00000064dd800000,0x00000064dd900000)]
  0x0000018277723bf0 JavaThread "Unconstrained build operations Thread 12" [_thread_blocked, id=17836, stack(0x00000064dd900000,0x00000064dda00000)]
  0x000001827771f510 JavaThread "Unconstrained build operations Thread 13" [_thread_blocked, id=17876, stack(0x00000064dda00000,0x00000064ddb00000)]
  0x000001827771dbc0 JavaThread "Unconstrained build operations Thread 14" [_thread_blocked, id=16676, stack(0x00000064ddd00000,0x00000064dde00000)]
  0x000001827771f000 JavaThread "Unconstrained build operations Thread 15" [_thread_blocked, id=7628, stack(0x00000064dde00000,0x00000064ddf00000)]
  0x000001827771cc90 JavaThread "Unconstrained build operations Thread 16" [_thread_blocked, id=17584, stack(0x00000064ddf00000,0x00000064de000000)]
  0x0000018277724610 JavaThread "Unconstrained build operations Thread 17" [_thread_blocked, id=17628, stack(0x00000064de000000,0x00000064de100000)]
  0x00000182790c4470 JavaThread "C2 CompilerThread1" daemon [_thread_in_native, id=15972, stack(0x00000064ddc00000,0x00000064ddd00000)]
  0x00000182733cc9c0 JavaThread "Unconstrained build operations Thread 18" [_thread_blocked, id=9208, stack(0x00000064de100000,0x00000064de200000)]
  0x00000182733c87f0 JavaThread "Unconstrained build operations Thread 19" [_thread_blocked, id=10144, stack(0x00000064de200000,0x00000064de300000)]
  0x00000182733cced0 JavaThread "Unconstrained build operations Thread 20" [_thread_blocked, id=14332, stack(0x00000064de300000,0x00000064de400000)]
  0x00000182733c78c0 JavaThread "Unconstrained build operations Thread 21" [_thread_blocked, id=18044, stack(0x00000064de400000,0x00000064de500000)]
  0x00000182733c8d00 JavaThread "Unconstrained build operations Thread 22" [_thread_blocked, id=17556, stack(0x00000064de500000,0x00000064de600000)]
  0x00000182733c5a60 JavaThread "Unconstrained build operations Thread 23" [_thread_blocked, id=12328, stack(0x00000064de600000,0x00000064de700000)]
  0x00000182733c6ea0 JavaThread "Unconstrained build operations Thread 24" [_thread_blocked, id=12380, stack(0x00000064de700000,0x00000064de800000)]
  0x00000182733c73b0 JavaThread "Unconstrained build operations Thread 25" [_thread_blocked, id=17528, stack(0x00000064de800000,0x00000064de900000)]
  0x00000182733cab60 JavaThread "Unconstrained build operations Thread 26" [_thread_blocked, id=17544, stack(0x00000064de900000,0x00000064dea00000)]
  0x00000182733c82e0 JavaThread "Unconstrained build operations Thread 27" [_thread_blocked, id=17608, stack(0x00000064dea00000,0x00000064deb00000)]
  0x00000182733c9c30 JavaThread "Unconstrained build operations Thread 28" [_thread_blocked, id=17588, stack(0x00000064deb00000,0x00000064dec00000)]
  0x00000182733c9720 JavaThread "Unconstrained build operations Thread 29" [_thread_blocked, id=17592, stack(0x00000064dec00000,0x00000064ded00000)]
  0x00000182733cb070 JavaThread "Unconstrained build operations Thread 30" [_thread_blocked, id=17596, stack(0x00000064ded00000,0x00000064dee00000)]
  0x00000182733ca650 JavaThread "Unconstrained build operations Thread 31" [_thread_blocked, id=17604, stack(0x00000064dee00000,0x00000064def00000)]
  0x00000182733ca140 JavaThread "Unconstrained build operations Thread 32" [_thread_blocked, id=18372, stack(0x00000064def00000,0x00000064df000000)]
  0x00000182733cba90 JavaThread "Unconstrained build operations Thread 33" [_thread_blocked, id=18208, stack(0x00000064df000000,0x00000064df100000)]
  0x00000182733cbfa0 JavaThread "Unconstrained build operations Thread 34" [_thread_blocked, id=16852, stack(0x00000064df100000,0x00000064df200000)]
  0x0000018274884710 JavaThread "Unconstrained build operations Thread 35" [_thread_blocked, id=4136, stack(0x00000064df200000,0x00000064df300000)]
  0x0000018276a0ac90 JavaThread "Unconstrained build operations Thread 36" [_thread_blocked, id=8888, stack(0x00000064df300000,0x00000064df400000)]
  0x0000018277396a80 JavaThread "Unconstrained build operations Thread 37" [_thread_blocked, id=6016, stack(0x00000064df400000,0x00000064df500000)]
  0x000001821b6f0d00 JavaThread "Unconstrained build operations Thread 38" [_thread_blocked, id=18228, stack(0x00000064df500000,0x00000064df600000)]
  0x000001821b6f1210 JavaThread "Unconstrained build operations Thread 39" [_thread_blocked, id=17512, stack(0x00000064df600000,0x00000064df700000)]
  0x000001821b6f44b0 JavaThread "Unconstrained build operations Thread 40" [_thread_blocked, id=3364, stack(0x00000064df700000,0x00000064df800000)]
  0x000001821b6f2140 JavaThread "Cache worker for execution history cache (C:\Users\Gabriel\OneDrive\Documentos\ReactNative\UniversoCognitivo\android\.gradle\8.3\executionHistory)" [_thread_blocked, id=15476, stack(0x00000064df800000,0x00000064df900000)]

Other Threads:
  0x000001826ebcdc40 VMThread "VM Thread" [stack: 0x00000064d9300000,0x00000064d9400000] [id=4412]
  0x0000018250910800 WatcherThread [stack: 0x00000064d9f00000,0x00000064da000000] [id=17452]
  0x000001824efeec50 GCTaskThread "GC Thread#0" [stack: 0x00000064d8e00000,0x00000064d8f00000] [id=11724]
  0x00000182738ec3a0 GCTaskThread "GC Thread#1" [stack: 0x00000064da100000,0x00000064da200000] [id=17464]
  0x00000182738ec660 GCTaskThread "GC Thread#2" [stack: 0x00000064da200000,0x00000064da300000] [id=17468]
  0x0000018273f90b50 GCTaskThread "GC Thread#3" [stack: 0x00000064da000000,0x00000064da100000] [id=17548]
  0x0000018250906ee0 ConcurrentGCThread "G1 Main Marker" [stack: 0x00000064d8f00000,0x00000064d9000000] [id=11708]
  0x0000018250908090 ConcurrentGCThread "G1 Conc#0" [stack: 0x00000064d9000000,0x00000064d9100000] [id=12320]
  0x000001825093e2e0 ConcurrentGCThread "G1 Refine#0" [stack: 0x00000064d9100000,0x00000064d9200000] [id=17252]
  0x0000018275475ff0 ConcurrentGCThread "G1 Refine#1" [stack: 0x00000064db700000,0x00000064db800000] [id=17804]
  0x0000018275551760 ConcurrentGCThread "G1 Refine#2" [stack: 0x00000064db800000,0x00000064db900000] [id=17808]
  0x000001826ea840e0 ConcurrentGCThread "G1 Service" [stack: 0x00000064d9200000,0x00000064d9300000] [id=16448]

Threads with active compile tasks:
C2 CompilerThread0    54834 15628   !   4       org.gradle.cache.internal.DefaultMultiProcessSafeIndexedCache::getIfPresent (25 bytes)
C2 CompilerThread1    54834 15624   !   4       java.nio.file.FileTreeWalker::next (144 bytes)

VM state: not at safepoint (normal execution)

VM Mutex/Monitor currently owned by a thread: None

Heap address: 0x0000000080000000, size: 2048 MB, Compressed Oops mode: 32-bit

CDS archive(s) mapped at: [0x0000018200000000-0x0000018200bd0000-0x0000018200bd0000), size 12386304, SharedBaseAddress: 0x0000018200000000, ArchiveRelocationMode: 1.
Compressed class space mapped at: 0x0000018201000000-0x000001821b000000, reserved size: 436207616
Narrow klass base: 0x0000018200000000, Narrow klass shift: 0, Narrow klass range: 0x100000000

GC Precious Log:
 CPUs: 4 total, 4 available
 Memory: 8126M
 Large Page Support: Disabled
 NUMA Support: Disabled
 Compressed Oops: Enabled (32-bit)
 Heap Region Size: 1M
 Heap Min Capacity: 8M
 Heap Initial Capacity: 128M
 Heap Max Capacity: 2G
 Pre-touch: Disabled
 Parallel Workers: 4
 Concurrent Workers: 1
 Concurrent Refinement Workers: 4
 Periodic GC: Disabled

Heap:
 garbage-first heap   total 261120K, used 205283K [0x0000000080000000, 0x0000000100000000)
  region size 1024K, 23 young (23552K), 5 survivors (5120K)
 Metaspace       used 103002K, committed 104192K, reserved 557056K
  class space    used 14448K, committed 14976K, reserved 425984K

Heap Regions: E=young(eden), S=young(survivor), O=old, HS=humongous(starts), HC=humongous(continues), CS=collection set, F=free, OA=open archive, CA=closed archive, TAMS=top-at-mark-start (previous, next)
|   0|0x0000000080000000, 0x0000000080100000, 0x0000000080100000|100%| O|  |TAMS 0x0000000080100000, 0x0000000080000000| Untracked 
|   1|0x0000000080100000, 0x0000000080200000, 0x0000000080200000|100%| O|  |TAMS 0x0000000080200000, 0x0000000080100000| Untracked 
|   2|0x0000000080200000, 0x0000000080300000, 0x0000000080300000|100%|HS|  |TAMS 0x0000000080300000, 0x0000000080200000| Complete 
|   3|0x0000000080300000, 0x0000000080400000, 0x0000000080400000|100%|HC|  |TAMS 0x0000000080400000, 0x0000000080300000| Complete 
|   4|0x0000000080400000, 0x0000000080500000, 0x0000000080500000|100%|HC|  |TAMS 0x0000000080500000, 0x0000000080400000| Complete 
|   5|0x0000000080500000, 0x0000000080600000, 0x0000000080600000|100%|HC|  |TAMS 0x0000000080600000, 0x0000000080500000| Complete 
|   6|0x0000000080600000, 0x0000000080700000, 0x0000000080700000|100%| O|  |TAMS 0x0000000080700000, 0x0000000080600000| Untracked 
|   7|0x0000000080700000, 0x0000000080800000, 0x0000000080800000|100%| O|  |TAMS 0x0000000080800000, 0x0000000080700000| Untracked 
|   8|0x0000000080800000, 0x0000000080900000, 0x0000000080900000|100%| O|  |TAMS 0x0000000080900000, 0x0000000080800000| Untracked 
|   9|0x0000000080900000, 0x0000000080a00000, 0x0000000080a00000|100%| O|  |TAMS 0x0000000080a00000, 0x0000000080900000| Untracked 
|  10|0x0000000080a00000, 0x0000000080b00000, 0x0000000080b00000|100%| O|  |TAMS 0x0000000080b00000, 0x0000000080a00000| Untracked 
|  11|0x0000000080b00000, 0x0000000080c00000, 0x0000000080c00000|100%| O|  |TAMS 0x0000000080c00000, 0x0000000080b00000| Untracked 
|  12|0x0000000080c00000, 0x0000000080d00000, 0x0000000080d00000|100%| O|  |TAMS 0x0000000080d00000, 0x0000000080c00000| Untracked 
|  13|0x0000000080d00000, 0x0000000080e00000, 0x0000000080e00000|100%| O|  |TAMS 0x0000000080e00000, 0x0000000080d00000| Untracked 
|  14|0x0000000080e00000, 0x0000000080f00000, 0x0000000080f00000|100%| O|  |TAMS 0x0000000080f00000, 0x0000000080e00000| Untracked 
|  15|0x0000000080f00000, 0x0000000081000000, 0x0000000081000000|100%| O|  |TAMS 0x0000000081000000, 0x0000000080f00000| Untracked 
|  16|0x0000000081000000, 0x0000000081100000, 0x0000000081100000|100%| O|  |TAMS 0x0000000081100000, 0x0000000081000000| Untracked 
|  17|0x0000000081100000, 0x0000000081200000, 0x0000000081200000|100%| O|  |TAMS 0x0000000081200000, 0x0000000081100000| Untracked 
|  18|0x0000000081200000, 0x0000000081300000, 0x0000000081300000|100%| O|  |TAMS 0x0000000081300000, 0x0000000081200000| Untracked 
|  19|0x0000000081300000, 0x0000000081400000, 0x0000000081400000|100%| O|  |TAMS 0x0000000081400000, 0x0000000081300000| Untracked 
|  20|0x0000000081400000, 0x0000000081500000, 0x0000000081500000|100%| O|  |TAMS 0x0000000081500000, 0x0000000081400000| Untracked 
|  21|0x0000000081500000, 0x0000000081600000, 0x0000000081600000|100%| O|  |TAMS 0x0000000081600000, 0x0000000081500000| Untracked 
|  22|0x0000000081600000, 0x0000000081700000, 0x0000000081700000|100%| O|  |TAMS 0x0000000081700000, 0x0000000081600000| Untracked 
|  23|0x0000000081700000, 0x0000000081800000, 0x0000000081800000|100%| O|  |TAMS 0x0000000081800000, 0x0000000081700000| Untracked 
|  24|0x0000000081800000, 0x0000000081900000, 0x0000000081900000|100%| O|  |TAMS 0x0000000081900000, 0x0000000081800000| Untracked 
|  25|0x0000000081900000, 0x0000000081a00000, 0x0000000081a00000|100%| O|  |TAMS 0x0000000081a00000, 0x0000000081900000| Untracked 
|  26|0x0000000081a00000, 0x0000000081b00000, 0x0000000081b00000|100%| O|  |TAMS 0x0000000081b00000, 0x0000000081a00000| Untracked 
|  27|0x0000000081b00000, 0x0000000081c00000, 0x0000000081c00000|100%| O|  |TAMS 0x0000000081c00000, 0x0000000081b00000| Untracked 
|  28|0x0000000081c00000, 0x0000000081d00000, 0x0000000081d00000|100%| O|  |TAMS 0x0000000081d00000, 0x0000000081c00000| Untracked 
|  29|0x0000000081d00000, 0x0000000081e00000, 0x0000000081e00000|100%| O|  |TAMS 0x0000000081e00000, 0x0000000081d00000| Untracked 
|  30|0x0000000081e00000, 0x0000000081f00000, 0x0000000081f00000|100%|HS|  |TAMS 0x0000000081f00000, 0x0000000081e00000| Complete 
|  31|0x0000000081f00000, 0x0000000082000000, 0x0000000082000000|100%|HC|  |TAMS 0x0000000082000000, 0x0000000081f00000| Complete 
|  32|0x0000000082000000, 0x0000000082100000, 0x0000000082100000|100%| O|  |TAMS 0x0000000082100000, 0x0000000082000000| Untracked 
|  33|0x0000000082100000, 0x0000000082200000, 0x0000000082200000|100%| O|  |TAMS 0x0000000082200000, 0x0000000082100000| Untracked 
|  34|0x0000000082200000, 0x0000000082300000, 0x0000000082300000|100%| O|  |TAMS 0x0000000082300000, 0x0000000082200000| Untracked 
|  35|0x0000000082300000, 0x0000000082400000, 0x0000000082400000|100%| O|  |TAMS 0x0000000082400000, 0x0000000082300000| Untracked 
|  36|0x0000000082400000, 0x0000000082500000, 0x0000000082500000|100%| O|  |TAMS 0x0000000082500000, 0x0000000082400000| Untracked 
|  37|0x0000000082500000, 0x0000000082600000, 0x0000000082600000|100%| O|  |TAMS 0x0000000082600000, 0x0000000082500000| Untracked 
|  38|0x0000000082600000, 0x0000000082700000, 0x0000000082700000|100%| O|  |TAMS 0x0000000082700000, 0x0000000082600000| Untracked 
|  39|0x0000000082700000, 0x0000000082800000, 0x0000000082800000|100%|HS|  |TAMS 0x0000000082800000, 0x0000000082700000| Complete 
|  40|0x0000000082800000, 0x0000000082900000, 0x0000000082900000|100%|HC|  |TAMS 0x0000000082900000, 0x0000000082800000| Complete 
|  41|0x0000000082900000, 0x0000000082a00000, 0x0000000082a00000|100%| O|  |TAMS 0x0000000082a00000, 0x0000000082900000| Untracked 
|  42|0x0000000082a00000, 0x0000000082b00000, 0x0000000082b00000|100%| O|  |TAMS 0x0000000082b00000, 0x0000000082a00000| Untracked 
|  43|0x0000000082b00000, 0x0000000082c00000, 0x0000000082c00000|100%|HS|  |TAMS 0x0000000082c00000, 0x0000000082b00000| Complete 
|  44|0x0000000082c00000, 0x0000000082d00000, 0x0000000082d00000|100%|HC|  |TAMS 0x0000000082d00000, 0x0000000082c00000| Complete 
|  45|0x0000000082d00000, 0x0000000082e00000, 0x0000000082e00000|100%|HC|  |TAMS 0x0000000082e00000, 0x0000000082d00000| Complete 
|  46|0x0000000082e00000, 0x0000000082f00000, 0x0000000082f00000|100%|HC|  |TAMS 0x0000000082f00000, 0x0000000082e00000| Complete 
|  47|0x0000000082f00000, 0x0000000083000000, 0x0000000083000000|100%| O|  |TAMS 0x0000000083000000, 0x0000000082f00000| Untracked 
|  48|0x0000000083000000, 0x0000000083100000, 0x0000000083100000|100%| O|  |TAMS 0x0000000083100000, 0x0000000083000000| Untracked 
|  49|0x0000000083100000, 0x0000000083200000, 0x0000000083200000|100%| O|  |TAMS 0x0000000083200000, 0x0000000083100000| Untracked 
|  50|0x0000000083200000, 0x0000000083300000, 0x0000000083300000|100%| O|  |TAMS 0x0000000083300000, 0x0000000083200000| Untracked 
|  51|0x0000000083300000, 0x0000000083400000, 0x0000000083400000|100%|HS|  |TAMS 0x0000000083400000, 0x0000000083300000| Complete 
|  52|0x0000000083400000, 0x0000000083500000, 0x0000000083500000|100%|HC|  |TAMS 0x0000000083500000, 0x0000000083400000| Complete 
|  53|0x0000000083500000, 0x0000000083600000, 0x0000000083600000|100%|HC|  |TAMS 0x0000000083600000, 0x0000000083500000| Complete 
|  54|0x0000000083600000, 0x0000000083700000, 0x0000000083700000|100%|HC|  |TAMS 0x0000000083700000, 0x0000000083600000| Complete 
|  55|0x0000000083700000, 0x0000000083800000, 0x0000000083800000|100%| O|  |TAMS 0x0000000083800000, 0x0000000083700000| Untracked 
|  56|0x0000000083800000, 0x0000000083900000, 0x0000000083900000|100%| O|  |TAMS 0x0000000083900000, 0x0000000083800000| Untracked 
|  57|0x0000000083900000, 0x0000000083a00000, 0x0000000083a00000|100%| O|  |TAMS 0x0000000083a00000, 0x0000000083900000| Untracked 
|  58|0x0000000083a00000, 0x0000000083b00000, 0x0000000083b00000|100%| O|  |TAMS 0x0000000083b00000, 0x0000000083a00000| Untracked 
|  59|0x0000000083b00000, 0x0000000083c00000, 0x0000000083c00000|100%| O|  |TAMS 0x0000000083c00000, 0x0000000083b00000| Untracked 
|  60|0x0000000083c00000, 0x0000000083d00000, 0x0000000083d00000|100%| O|  |TAMS 0x0000000083d00000, 0x0000000083c00000| Untracked 
|  61|0x0000000083d00000, 0x0000000083e00000, 0x0000000083e00000|100%| O|  |TAMS 0x0000000083e00000, 0x0000000083d00000| Untracked 
|  62|0x0000000083e00000, 0x0000000083f00000, 0x0000000083f00000|100%| O|  |TAMS 0x0000000083f00000, 0x0000000083e00000| Untracked 
|  63|0x0000000083f00000, 0x0000000084000000, 0x0000000084000000|100%| O|  |TAMS 0x0000000084000000, 0x0000000083f00000| Untracked 
|  64|0x0000000084000000, 0x0000000084100000, 0x0000000084100000|100%| O|  |TAMS 0x0000000084100000, 0x0000000084000000| Untracked 
|  65|0x0000000084100000, 0x0000000084200000, 0x0000000084200000|100%| O|  |TAMS 0x0000000084200000, 0x0000000084100000| Untracked 
|  66|0x0000000084200000, 0x0000000084300000, 0x0000000084300000|100%| O|  |TAMS 0x0000000084300000, 0x0000000084200000| Untracked 
|  67|0x0000000084300000, 0x0000000084400000, 0x0000000084400000|100%| O|  |TAMS 0x0000000084400000, 0x0000000084300000| Untracked 
|  68|0x0000000084400000, 0x0000000084500000, 0x0000000084500000|100%|HS|  |TAMS 0x0000000084500000, 0x0000000084400000| Complete 
|  69|0x0000000084500000, 0x0000000084600000, 0x0000000084600000|100%|HS|  |TAMS 0x0000000084600000, 0x0000000084500000| Complete 
|  70|0x0000000084600000, 0x0000000084700000, 0x0000000084700000|100%|HS|  |TAMS 0x0000000084700000, 0x0000000084600000| Complete 
|  71|0x0000000084700000, 0x0000000084800000, 0x0000000084800000|100%| O|  |TAMS 0x0000000084800000, 0x0000000084700000| Untracked 
|  72|0x0000000084800000, 0x0000000084900000, 0x0000000084900000|100%|HS|  |TAMS 0x0000000084900000, 0x0000000084800000| Complete 
|  73|0x0000000084900000, 0x0000000084a00000, 0x0000000084a00000|100%| O|  |TAMS 0x0000000084a00000, 0x0000000084900000| Untracked 
|  74|0x0000000084a00000, 0x0000000084b00000, 0x0000000084b00000|100%| O|  |TAMS 0x0000000084b00000, 0x0000000084a00000| Untracked 
|  75|0x0000000084b00000, 0x0000000084c00000, 0x0000000084c00000|100%| O|  |TAMS 0x0000000084c00000, 0x0000000084b00000| Untracked 
|  76|0x0000000084c00000, 0x0000000084d00000, 0x0000000084d00000|100%| O|  |TAMS 0x0000000084d00000, 0x0000000084c00000| Untracked 
|  77|0x0000000084d00000, 0x0000000084e00000, 0x0000000084e00000|100%| O|  |TAMS 0x0000000084e00000, 0x0000000084d00000| Untracked 
|  78|0x0000000084e00000, 0x0000000084f00000, 0x0000000084f00000|100%| O|  |TAMS 0x0000000084f00000, 0x0000000084e00000| Untracked 
|  79|0x0000000084f00000, 0x0000000085000000, 0x0000000085000000|100%| O|  |TAMS 0x0000000085000000, 0x0000000084f00000| Untracked 
|  80|0x0000000085000000, 0x0000000085100000, 0x0000000085100000|100%| O|  |TAMS 0x0000000085100000, 0x0000000085000000| Untracked 
|  81|0x0000000085100000, 0x0000000085200000, 0x0000000085200000|100%| O|  |TAMS 0x0000000085200000, 0x0000000085100000| Untracked 
|  82|0x0000000085200000, 0x0000000085300000, 0x0000000085300000|100%| O|  |TAMS 0x0000000085300000, 0x0000000085200000| Untracked 
|  83|0x0000000085300000, 0x0000000085400000, 0x0000000085400000|100%| O|  |TAMS 0x0000000085400000, 0x0000000085300000| Untracked 
|  84|0x0000000085400000, 0x0000000085500000, 0x0000000085500000|100%| O|  |TAMS 0x0000000085400000, 0x0000000085400000| Untracked 
|  85|0x0000000085500000, 0x0000000085600000, 0x0000000085600000|100%| O|  |TAMS 0x0000000085600000, 0x0000000085500000| Untracked 
|  86|0x0000000085600000, 0x0000000085700000, 0x0000000085700000|100%| O|  |TAMS 0x0000000085700000, 0x0000000085600000| Untracked 
|  87|0x0000000085700000, 0x0000000085800000, 0x0000000085800000|100%| O|  |TAMS 0x0000000085800000, 0x0000000085700000| Untracked 
|  88|0x0000000085800000, 0x0000000085900000, 0x0000000085900000|100%| O|  |TAMS 0x0000000085900000, 0x0000000085800000| Untracked 
|  89|0x0000000085900000, 0x0000000085a00000, 0x0000000085a00000|100%| O|  |TAMS 0x0000000085a00000, 0x0000000085900000| Untracked 
|  90|0x0000000085a00000, 0x0000000085b00000, 0x0000000085b00000|100%| O|  |TAMS 0x0000000085b00000, 0x0000000085a00000| Untracked 
|  91|0x0000000085b00000, 0x0000000085c00000, 0x0000000085c00000|100%| O|  |TAMS 0x0000000085c00000, 0x0000000085b00000| Untracked 
|  92|0x0000000085c00000, 0x0000000085d00000, 0x0000000085d00000|100%| O|  |TAMS 0x0000000085d00000, 0x0000000085c00000| Untracked 
|  93|0x0000000085d00000, 0x0000000085e00000, 0x0000000085e00000|100%| O|  |TAMS 0x0000000085e00000, 0x0000000085d00000| Untracked 
|  94|0x0000000085e00000, 0x0000000085f00000, 0x0000000085f00000|100%| O|  |TAMS 0x0000000085f00000, 0x0000000085e00000| Untracked 
|  95|0x0000000085f00000, 0x0000000086000000, 0x0000000086000000|100%| O|  |TAMS 0x0000000086000000, 0x0000000085f00000| Untracked 
|  96|0x0000000086000000, 0x0000000086100000, 0x0000000086100000|100%| O|  |TAMS 0x0000000086100000, 0x0000000086000000| Untracked 
|  97|0x0000000086100000, 0x0000000086200000, 0x0000000086200000|100%| O|  |TAMS 0x0000000086200000, 0x0000000086100000| Untracked 
|  98|0x0000000086200000, 0x0000000086300000, 0x0000000086300000|100%|HS|  |TAMS 0x0000000086300000, 0x0000000086200000| Complete 
|  99|0x0000000086300000, 0x0000000086400000, 0x0000000086400000|100%|HS|  |TAMS 0x0000000086400000, 0x0000000086300000| Complete 
| 100|0x0000000086400000, 0x0000000086500000, 0x0000000086500000|100%| O|  |TAMS 0x0000000086400000, 0x0000000086400000| Untracked 
| 101|0x0000000086500000, 0x0000000086600000, 0x0000000086600000|100%|HS|  |TAMS 0x0000000086600000, 0x0000000086500000| Complete 
| 102|0x0000000086600000, 0x0000000086700000, 0x0000000086700000|100%|HC|  |TAMS 0x0000000086700000, 0x0000000086600000| Complete 
| 103|0x0000000086700000, 0x0000000086800000, 0x0000000086800000|100%| O|  |TAMS 0x0000000086800000, 0x0000000086700000| Untracked 
| 104|0x0000000086800000, 0x0000000086900000, 0x0000000086900000|100%| O|  |TAMS 0x0000000086900000, 0x0000000086800000| Untracked 
| 105|0x0000000086900000, 0x0000000086a00000, 0x0000000086a00000|100%| O|  |TAMS 0x0000000086a00000, 0x0000000086900000| Untracked 
| 106|0x0000000086a00000, 0x0000000086b00000, 0x0000000086b00000|100%| O|  |TAMS 0x0000000086b00000, 0x0000000086a00000| Untracked 
| 107|0x0000000086b00000, 0x0000000086c00000, 0x0000000086c00000|100%| O|  |TAMS 0x0000000086c00000, 0x0000000086b00000| Untracked 
| 108|0x0000000086c00000, 0x0000000086d00000, 0x0000000086d00000|100%| O|  |TAMS 0x0000000086d00000, 0x0000000086c00000| Untracked 
| 109|0x0000000086d00000, 0x0000000086e00000, 0x0000000086e00000|100%| O|  |TAMS 0x0000000086d9de00, 0x0000000086d00000| Untracked 
| 110|0x0000000086e00000, 0x0000000086f00000, 0x0000000086f00000|100%| O|  |TAMS 0x0000000086e00000, 0x0000000086e00000| Untracked 
| 111|0x0000000086f00000, 0x0000000087000000, 0x0000000087000000|100%| O|  |TAMS 0x0000000086f00000, 0x0000000086f00000| Untracked 
| 112|0x0000000087000000, 0x0000000087100000, 0x0000000087100000|100%| O|  |TAMS 0x0000000087000000, 0x0000000087000000| Untracked 
| 113|0x0000000087100000, 0x0000000087200000, 0x0000000087200000|100%| O|  |TAMS 0x0000000087100000, 0x0000000087100000| Untracked 
| 114|0x0000000087200000, 0x0000000087300000, 0x0000000087300000|100%| O|  |TAMS 0x0000000087200000, 0x0000000087200000| Untracked 
| 115|0x0000000087300000, 0x0000000087400000, 0x0000000087400000|100%| O|  |TAMS 0x0000000087300000, 0x0000000087300000| Untracked 
| 116|0x0000000087400000, 0x0000000087500000, 0x0000000087500000|100%| O|  |TAMS 0x0000000087400000, 0x0000000087400000| Untracked 
| 117|0x0000000087500000, 0x0000000087600000, 0x0000000087600000|100%| O|  |TAMS 0x0000000087500000, 0x0000000087500000| Untracked 
| 118|0x0000000087600000, 0x0000000087700000, 0x0000000087700000|100%| O|  |TAMS 0x0000000087600000, 0x0000000087600000| Untracked 
| 119|0x0000000087700000, 0x0000000087800000, 0x0000000087800000|100%| O|  |TAMS 0x0000000087700000, 0x0000000087700000| Untracked 
| 120|0x0000000087800000, 0x0000000087900000, 0x0000000087900000|100%| O|  |TAMS 0x0000000087800000, 0x0000000087800000| Untracked 
| 121|0x0000000087900000, 0x0000000087a00000, 0x0000000087a00000|100%| O|  |TAMS 0x0000000087900000, 0x0000000087900000| Untracked 
| 122|0x0000000087a00000, 0x0000000087b00000, 0x0000000087b00000|100%| O|  |TAMS 0x0000000087a00000, 0x0000000087a00000| Untracked 
| 123|0x0000000087b00000, 0x0000000087c00000, 0x0000000087c00000|100%| O|  |TAMS 0x0000000087b00000, 0x0000000087b00000| Untracked 
| 124|0x0000000087c00000, 0x0000000087d00000, 0x0000000087d00000|100%| O|  |TAMS 0x0000000087c00000, 0x0000000087c00000| Untracked 
| 125|0x0000000087d00000, 0x0000000087e00000, 0x0000000087e00000|100%| O|  |TAMS 0x0000000087d00000, 0x0000000087d00000| Untracked 
| 126|0x0000000087e00000, 0x0000000087f00000, 0x0000000087f00000|100%| O|  |TAMS 0x0000000087e00000, 0x0000000087e00000| Untracked 
| 127|0x0000000087f00000, 0x0000000088000000, 0x0000000088000000|100%| O|  |TAMS 0x0000000087f00000, 0x0000000087f00000| Untracked 
| 128|0x0000000088000000, 0x0000000088100000, 0x0000000088100000|100%| O|  |TAMS 0x0000000088000000, 0x0000000088000000| Untracked 
| 129|0x0000000088100000, 0x0000000088200000, 0x0000000088200000|100%| O|  |TAMS 0x0000000088100000, 0x0000000088100000| Untracked 
| 130|0x0000000088200000, 0x0000000088300000, 0x0000000088300000|100%| O|  |TAMS 0x0000000088200000, 0x0000000088200000| Untracked 
| 131|0x0000000088300000, 0x0000000088400000, 0x0000000088400000|100%|HS|  |TAMS 0x0000000088300000, 0x0000000088300000| Complete 
| 132|0x0000000088400000, 0x0000000088500000, 0x0000000088500000|100%| O|  |TAMS 0x0000000088400000, 0x0000000088400000| Untracked 
| 133|0x0000000088500000, 0x0000000088600000, 0x0000000088600000|100%| O|  |TAMS 0x0000000088500000, 0x0000000088500000| Untracked 
| 134|0x0000000088600000, 0x0000000088700000, 0x0000000088700000|100%| O|  |TAMS 0x0000000088600000, 0x0000000088600000| Untracked 
| 135|0x0000000088700000, 0x0000000088800000, 0x0000000088800000|100%| O|  |TAMS 0x0000000088700000, 0x0000000088700000| Untracked 
| 136|0x0000000088800000, 0x0000000088900000, 0x0000000088900000|100%| O|  |TAMS 0x0000000088800000, 0x0000000088800000| Untracked 
| 137|0x0000000088900000, 0x0000000088a00000, 0x0000000088a00000|100%| O|  |TAMS 0x0000000088900000, 0x0000000088900000| Untracked 
| 138|0x0000000088a00000, 0x0000000088b00000, 0x0000000088b00000|100%| O|  |TAMS 0x0000000088a00000, 0x0000000088a00000| Untracked 
| 139|0x0000000088b00000, 0x0000000088c00000, 0x0000000088c00000|100%| O|  |TAMS 0x0000000088b00000, 0x0000000088b00000| Untracked 
| 140|0x0000000088c00000, 0x0000000088d00000, 0x0000000088d00000|100%| O|  |TAMS 0x0000000088c00000, 0x0000000088c00000| Untracked 
| 141|0x0000000088d00000, 0x0000000088e00000, 0x0000000088e00000|100%| O|  |TAMS 0x0000000088d00000, 0x0000000088d00000| Untracked 
| 142|0x0000000088e00000, 0x0000000088f00000, 0x0000000088f00000|100%| O|  |TAMS 0x0000000088e00000, 0x0000000088e00000| Untracked 
| 143|0x0000000088f00000, 0x0000000089000000, 0x0000000089000000|100%| O|  |TAMS 0x0000000088f00000, 0x0000000088f00000| Untracked 
| 144|0x0000000089000000, 0x0000000089100000, 0x0000000089100000|100%| O|  |TAMS 0x0000000089000000, 0x0000000089000000| Untracked 
| 145|0x0000000089100000, 0x0000000089200000, 0x0000000089200000|100%| O|  |TAMS 0x0000000089100000, 0x0000000089100000| Untracked 
| 146|0x0000000089200000, 0x0000000089300000, 0x0000000089300000|100%| O|  |TAMS 0x0000000089200000, 0x0000000089200000| Untracked 
| 147|0x0000000089300000, 0x0000000089400000, 0x0000000089400000|100%|HS|  |TAMS 0x0000000089300000, 0x0000000089300000| Complete 
| 148|0x0000000089400000, 0x0000000089500000, 0x0000000089500000|100%|HS|  |TAMS 0x0000000089400000, 0x0000000089400000| Complete 
| 149|0x0000000089500000, 0x0000000089600000, 0x0000000089600000|100%| O|  |TAMS 0x0000000089500000, 0x0000000089500000| Untracked 
| 150|0x0000000089600000, 0x0000000089700000, 0x0000000089700000|100%| O|  |TAMS 0x0000000089600000, 0x0000000089600000| Untracked 
| 151|0x0000000089700000, 0x0000000089800000, 0x0000000089800000|100%| O|  |TAMS 0x0000000089700000, 0x0000000089700000| Untracked 
| 152|0x0000000089800000, 0x0000000089900000, 0x0000000089900000|100%| O|  |TAMS 0x0000000089800000, 0x0000000089800000| Untracked 
| 153|0x0000000089900000, 0x0000000089a00000, 0x0000000089a00000|100%| O|  |TAMS 0x0000000089900000, 0x0000000089900000| Untracked 
| 154|0x0000000089a00000, 0x0000000089b00000, 0x0000000089b00000|100%| O|  |TAMS 0x0000000089a00000, 0x0000000089a00000| Untracked 
| 155|0x0000000089b00000, 0x0000000089c00000, 0x0000000089c00000|100%| O|  |TAMS 0x0000000089b00000, 0x0000000089b00000| Untracked 
| 156|0x0000000089c00000, 0x0000000089d00000, 0x0000000089d00000|100%| O|  |TAMS 0x0000000089c00000, 0x0000000089c00000| Untracked 
| 157|0x0000000089d00000, 0x0000000089e00000, 0x0000000089e00000|100%| O|  |TAMS 0x0000000089d00000, 0x0000000089d00000| Untracked 
| 158|0x0000000089e00000, 0x0000000089f00000, 0x0000000089f00000|100%| O|  |TAMS 0x0000000089e00000, 0x0000000089e00000| Untracked 
| 159|0x0000000089f00000, 0x000000008a000000, 0x000000008a000000|100%| O|  |TAMS 0x0000000089f00000, 0x0000000089f00000| Untracked 
| 160|0x000000008a000000, 0x000000008a100000, 0x000000008a100000|100%| O|  |TAMS 0x000000008a000000, 0x000000008a000000| Untracked 
| 161|0x000000008a100000, 0x000000008a200000, 0x000000008a200000|100%| O|  |TAMS 0x000000008a100000, 0x000000008a100000| Untracked 
| 162|0x000000008a200000, 0x000000008a300000, 0x000000008a300000|100%| O|  |TAMS 0x000000008a200000, 0x000000008a200000| Untracked 
| 163|0x000000008a300000, 0x000000008a400000, 0x000000008a400000|100%| O|  |TAMS 0x000000008a300000, 0x000000008a300000| Untracked 
| 164|0x000000008a400000, 0x000000008a500000, 0x000000008a500000|100%| O|  |TAMS 0x000000008a400000, 0x000000008a400000| Untracked 
| 165|0x000000008a500000, 0x000000008a600000, 0x000000008a600000|100%| O|  |TAMS 0x000000008a500000, 0x000000008a500000| Untracked 
| 166|0x000000008a600000, 0x000000008a700000, 0x000000008a700000|100%| O|  |TAMS 0x000000008a600000, 0x000000008a600000| Untracked 
| 167|0x000000008a700000, 0x000000008a800000, 0x000000008a800000|100%| O|  |TAMS 0x000000008a700000, 0x000000008a700000| Untracked 
| 168|0x000000008a800000, 0x000000008a900000, 0x000000008a900000|100%| O|  |TAMS 0x000000008a800000, 0x000000008a800000| Untracked 
| 169|0x000000008a900000, 0x000000008aa00000, 0x000000008aa00000|100%| O|  |TAMS 0x000000008a900000, 0x000000008a900000| Untracked 
| 170|0x000000008aa00000, 0x000000008ab00000, 0x000000008ab00000|100%| O|  |TAMS 0x000000008aa00000, 0x000000008aa00000| Untracked 
| 171|0x000000008ab00000, 0x000000008ac00000, 0x000000008ac00000|100%| O|  |TAMS 0x000000008ab00000, 0x000000008ab00000| Untracked 
| 172|0x000000008ac00000, 0x000000008ad00000, 0x000000008ad00000|100%| O|  |TAMS 0x000000008ac00000, 0x000000008ac00000| Untracked 
| 173|0x000000008ad00000, 0x000000008ae00000, 0x000000008ae00000|100%| O|  |TAMS 0x000000008ad00000, 0x000000008ad00000| Untracked 
| 174|0x000000008ae00000, 0x000000008af00000, 0x000000008af00000|100%| O|  |TAMS 0x000000008ae00000, 0x000000008ae00000| Untracked 
| 175|0x000000008af00000, 0x000000008b000000, 0x000000008b000000|100%| O|  |TAMS 0x000000008af00000, 0x000000008af00000| Untracked 
| 176|0x000000008b000000, 0x000000008b100000, 0x000000008b100000|100%| O|  |TAMS 0x000000008b000000, 0x000000008b000000| Untracked 
| 177|0x000000008b100000, 0x000000008b200000, 0x000000008b200000|100%| O|  |TAMS 0x000000008b100000, 0x000000008b100000| Untracked 
| 178|0x000000008b200000, 0x000000008b278e00, 0x000000008b300000| 47%| O|  |TAMS 0x000000008b200000, 0x000000008b200000| Untracked 
| 179|0x000000008b300000, 0x000000008b300000, 0x000000008b400000|  0%| F|  |TAMS 0x000000008b300000, 0x000000008b300000| Untracked 
| 180|0x000000008b400000, 0x000000008b400000, 0x000000008b500000|  0%| F|  |TAMS 0x000000008b400000, 0x000000008b400000| Untracked 
| 181|0x000000008b500000, 0x000000008b500000, 0x000000008b600000|  0%| F|  |TAMS 0x000000008b500000, 0x000000008b500000| Untracked 
| 182|0x000000008b600000, 0x000000008b600000, 0x000000008b700000|  0%| F|  |TAMS 0x000000008b600000, 0x000000008b600000| Untracked 
| 183|0x000000008b700000, 0x000000008b700000, 0x000000008b800000|  0%| F|  |TAMS 0x000000008b700000, 0x000000008b700000| Untracked 
| 184|0x000000008b800000, 0x000000008b800000, 0x000000008b900000|  0%| F|  |TAMS 0x000000008b800000, 0x000000008b800000| Untracked 
| 185|0x000000008b900000, 0x000000008b900000, 0x000000008ba00000|  0%| F|  |TAMS 0x000000008b900000, 0x000000008b900000| Untracked 
| 186|0x000000008ba00000, 0x000000008ba00000, 0x000000008bb00000|  0%| F|  |TAMS 0x000000008ba00000, 0x000000008ba00000| Untracked 
| 187|0x000000008bb00000, 0x000000008bb00000, 0x000000008bc00000|  0%| F|  |TAMS 0x000000008bb00000, 0x000000008bb00000| Untracked 
| 188|0x000000008bc00000, 0x000000008bc00000, 0x000000008bd00000|  0%| F|  |TAMS 0x000000008bc00000, 0x000000008bc00000| Untracked 
| 189|0x000000008bd00000, 0x000000008bd00000, 0x000000008be00000|  0%| F|  |TAMS 0x000000008bd00000, 0x000000008bd00000| Untracked 
| 190|0x000000008be00000, 0x000000008be00000, 0x000000008bf00000|  0%| F|  |TAMS 0x000000008be00000, 0x000000008be00000| Untracked 
| 191|0x000000008bf00000, 0x000000008bf00000, 0x000000008c000000|  0%| F|  |TAMS 0x000000008bf00000, 0x000000008bf00000| Untracked 
| 192|0x000000008c000000, 0x000000008c000000, 0x000000008c100000|  0%| F|  |TAMS 0x000000008c000000, 0x000000008c000000| Untracked 
| 193|0x000000008c100000, 0x000000008c100000, 0x000000008c200000|  0%| F|  |TAMS 0x000000008c100000, 0x000000008c100000| Untracked 
| 194|0x000000008c200000, 0x000000008c200000, 0x000000008c300000|  0%| F|  |TAMS 0x000000008c200000, 0x000000008c200000| Untracked 
| 195|0x000000008c300000, 0x000000008c300000, 0x000000008c400000|  0%| F|  |TAMS 0x000000008c300000, 0x000000008c300000| Untracked 
| 196|0x000000008c400000, 0x000000008c400000, 0x000000008c500000|  0%| F|  |TAMS 0x000000008c400000, 0x000000008c400000| Untracked 
| 197|0x000000008c500000, 0x000000008c500000, 0x000000008c600000|  0%| F|  |TAMS 0x000000008c500000, 0x000000008c500000| Untracked 
| 198|0x000000008c600000, 0x000000008c600000, 0x000000008c700000|  0%| F|  |TAMS 0x000000008c600000, 0x000000008c600000| Untracked 
| 199|0x000000008c700000, 0x000000008c700000, 0x000000008c800000|  0%| F|  |TAMS 0x000000008c700000, 0x000000008c700000| Untracked 
| 200|0x000000008c800000, 0x000000008c800000, 0x000000008c900000|  0%| F|  |TAMS 0x000000008c800000, 0x000000008c800000| Untracked 
| 201|0x000000008c900000, 0x000000008c900000, 0x000000008ca00000|  0%| F|  |TAMS 0x000000008c900000, 0x000000008c900000| Untracked 
| 202|0x000000008ca00000, 0x000000008ca00000, 0x000000008cb00000|  0%| F|  |TAMS 0x000000008ca00000, 0x000000008ca00000| Untracked 
| 203|0x000000008cb00000, 0x000000008cb00000, 0x000000008cc00000|  0%| F|  |TAMS 0x000000008cb00000, 0x000000008cb00000| Untracked 
| 204|0x000000008cc00000, 0x000000008cc00000, 0x000000008cd00000|  0%| F|  |TAMS 0x000000008cc00000, 0x000000008cc00000| Untracked 
| 205|0x000000008cd00000, 0x000000008cd00000, 0x000000008ce00000|  0%| F|  |TAMS 0x000000008cd00000, 0x000000008cd00000| Untracked 
| 206|0x000000008ce00000, 0x000000008ce00000, 0x000000008cf00000|  0%| F|  |TAMS 0x000000008ce00000, 0x000000008ce00000| Untracked 
| 207|0x000000008cf00000, 0x000000008cf00000, 0x000000008d000000|  0%| F|  |TAMS 0x000000008cf00000, 0x000000008cf00000| Untracked 
| 208|0x000000008d000000, 0x000000008d000000, 0x000000008d100000|  0%| F|  |TAMS 0x000000008d000000, 0x000000008d000000| Untracked 
| 209|0x000000008d100000, 0x000000008d100000, 0x000000008d200000|  0%| F|  |TAMS 0x000000008d100000, 0x000000008d100000| Untracked 
| 210|0x000000008d200000, 0x000000008d200000, 0x000000008d300000|  0%| F|  |TAMS 0x000000008d200000, 0x000000008d200000| Untracked 
| 211|0x000000008d300000, 0x000000008d300000, 0x000000008d400000|  0%| F|  |TAMS 0x000000008d300000, 0x000000008d300000| Untracked 
| 212|0x000000008d400000, 0x000000008d500000, 0x000000008d500000|100%| S|CS|TAMS 0x000000008d400000, 0x000000008d400000| Complete 
| 213|0x000000008d500000, 0x000000008d600000, 0x000000008d600000|100%| S|CS|TAMS 0x000000008d500000, 0x000000008d500000| Complete 
| 214|0x000000008d600000, 0x000000008d700000, 0x000000008d700000|100%| S|CS|TAMS 0x000000008d600000, 0x000000008d600000| Complete 
| 215|0x000000008d700000, 0x000000008d800000, 0x000000008d800000|100%| S|CS|TAMS 0x000000008d700000, 0x000000008d700000| Complete 
| 216|0x000000008d800000, 0x000000008d900000, 0x000000008d900000|100%| S|CS|TAMS 0x000000008d800000, 0x000000008d800000| Complete 
| 217|0x000000008d900000, 0x000000008d900000, 0x000000008da00000|  0%| F|  |TAMS 0x000000008d900000, 0x000000008d900000| Untracked 
| 218|0x000000008da00000, 0x000000008da00000, 0x000000008db00000|  0%| F|  |TAMS 0x000000008da00000, 0x000000008da00000| Untracked 
| 219|0x000000008db00000, 0x000000008db00000, 0x000000008dc00000|  0%| F|  |TAMS 0x000000008db00000, 0x000000008db00000| Untracked 
| 220|0x000000008dc00000, 0x000000008dc00000, 0x000000008dd00000|  0%| F|  |TAMS 0x000000008dc00000, 0x000000008dc00000| Untracked 
| 221|0x000000008dd00000, 0x000000008dd00000, 0x000000008de00000|  0%| F|  |TAMS 0x000000008dd00000, 0x000000008dd00000| Untracked 
| 222|0x000000008de00000, 0x000000008de00000, 0x000000008df00000|  0%| F|  |TAMS 0x000000008de00000, 0x000000008de00000| Untracked 
| 223|0x000000008df00000, 0x000000008df00000, 0x000000008e000000|  0%| F|  |TAMS 0x000000008df00000, 0x000000008df00000| Untracked 
| 224|0x000000008e000000, 0x000000008e000000, 0x000000008e100000|  0%| F|  |TAMS 0x000000008e000000, 0x000000008e000000| Untracked 
| 225|0x000000008e100000, 0x000000008e100000, 0x000000008e200000|  0%| F|  |TAMS 0x000000008e100000, 0x000000008e100000| Untracked 
| 226|0x000000008e200000, 0x000000008e200000, 0x000000008e300000|  0%| F|  |TAMS 0x000000008e200000, 0x000000008e200000| Untracked 
| 227|0x000000008e300000, 0x000000008e300000, 0x000000008e400000|  0%| F|  |TAMS 0x000000008e300000, 0x000000008e300000| Untracked 
| 228|0x000000008e400000, 0x000000008e400000, 0x000000008e500000|  0%| F|  |TAMS 0x000000008e400000, 0x000000008e400000| Untracked 
| 229|0x000000008e500000, 0x000000008e500000, 0x000000008e600000|  0%| F|  |TAMS 0x000000008e500000, 0x000000008e500000| Untracked 
| 230|0x000000008e600000, 0x000000008e600000, 0x000000008e700000|  0%| F|  |TAMS 0x000000008e600000, 0x000000008e600000| Untracked 
| 231|0x000000008e700000, 0x000000008e700000, 0x000000008e800000|  0%| F|  |TAMS 0x000000008e700000, 0x000000008e700000| Untracked 
| 232|0x000000008e800000, 0x000000008e800000, 0x000000008e900000|  0%| F|  |TAMS 0x000000008e800000, 0x000000008e800000| Untracked 
| 233|0x000000008e900000, 0x000000008e900000, 0x000000008ea00000|  0%| F|  |TAMS 0x000000008e900000, 0x000000008e900000| Untracked 
| 234|0x000000008ea00000, 0x000000008ea00000, 0x000000008eb00000|  0%| F|  |TAMS 0x000000008ea00000, 0x000000008ea00000| Untracked 
| 235|0x000000008eb00000, 0x000000008eb00000, 0x000000008ec00000|  0%| F|  |TAMS 0x000000008eb00000, 0x000000008eb00000| Untracked 
| 236|0x000000008ec00000, 0x000000008ec00000, 0x000000008ed00000|  0%| F|  |TAMS 0x000000008ec00000, 0x000000008ec00000| Untracked 
| 237|0x000000008ed00000, 0x000000008edd0c40, 0x000000008ee00000| 81%| E|  |TAMS 0x000000008ed00000, 0x000000008ed00000| Complete 
| 238|0x000000008ee00000, 0x000000008ef00000, 0x000000008ef00000|100%| E|CS|TAMS 0x000000008ee00000, 0x000000008ee00000| Complete 
| 239|0x000000008ef00000, 0x000000008f000000, 0x000000008f000000|100%| E|CS|TAMS 0x000000008ef00000, 0x000000008ef00000| Complete 
| 240|0x000000008f000000, 0x000000008f100000, 0x000000008f100000|100%| E|CS|TAMS 0x000000008f000000, 0x000000008f000000| Complete 
| 241|0x000000008f100000, 0x000000008f200000, 0x000000008f200000|100%| E|CS|TAMS 0x000000008f100000, 0x000000008f100000| Complete 
| 242|0x000000008f200000, 0x000000008f300000, 0x000000008f300000|100%| E|CS|TAMS 0x000000008f200000, 0x000000008f200000| Complete 
| 243|0x000000008f300000, 0x000000008f400000, 0x000000008f400000|100%| E|CS|TAMS 0x000000008f300000, 0x000000008f300000| Complete 
| 244|0x000000008f400000, 0x000000008f500000, 0x000000008f500000|100%| E|CS|TAMS 0x000000008f400000, 0x000000008f400000| Complete 
| 245|0x000000008f500000, 0x000000008f600000, 0x000000008f600000|100%| E|CS|TAMS 0x000000008f500000, 0x000000008f500000| Complete 
| 246|0x000000008f600000, 0x000000008f700000, 0x000000008f700000|100%| E|CS|TAMS 0x000000008f600000, 0x000000008f600000| Complete 
| 247|0x000000008f700000, 0x000000008f800000, 0x000000008f800000|100%| E|CS|TAMS 0x000000008f700000, 0x000000008f700000| Complete 
| 248|0x000000008f800000, 0x000000008f900000, 0x000000008f900000|100%| E|CS|TAMS 0x000000008f800000, 0x000000008f800000| Complete 
| 249|0x000000008f900000, 0x000000008fa00000, 0x000000008fa00000|100%| E|CS|TAMS 0x000000008f900000, 0x000000008f900000| Complete 
| 250|0x000000008fa00000, 0x000000008fb00000, 0x000000008fb00000|100%| E|CS|TAMS 0x000000008fa00000, 0x000000008fa00000| Complete 
| 251|0x000000008fb00000, 0x000000008fc00000, 0x000000008fc00000|100%| E|CS|TAMS 0x000000008fb00000, 0x000000008fb00000| Complete 
| 252|0x000000008fc00000, 0x000000008fd00000, 0x000000008fd00000|100%| E|CS|TAMS 0x000000008fc00000, 0x000000008fc00000| Complete 
| 253|0x000000008fd00000, 0x000000008fe00000, 0x000000008fe00000|100%| E|CS|TAMS 0x000000008fd00000, 0x000000008fd00000| Complete 
| 254|0x000000008fe00000, 0x000000008ff00000, 0x000000008ff00000|100%| E|CS|TAMS 0x000000008fe00000, 0x000000008fe00000| Complete 

Card table byte_map: [0x0000018267db0000,0x00000182681b0000] _byte_map_base: 0x00000182679b0000

Marking Bits (Prev, Next): (CMBitMap*) 0x00000182508f58e0, (CMBitMap*) 0x00000182508f5920
 Prev Bits: [0x00000182685b0000, 0x000001826a5b0000)
 Next Bits: [0x000001826a5b0000, 0x000001826c5b0000)

Polling page: 0x000001824f060000

Metaspace:

Usage:
  Non-class:     86.48 MB used.
      Class:     14.11 MB used.
       Both:    100.59 MB used.

Virtual space:
  Non-class space:      128.00 MB reserved,      87.12 MB ( 68%) committed,  2 nodes.
      Class space:      416.00 MB reserved,      14.62 MB (  4%) committed,  1 nodes.
             Both:      544.00 MB reserved,     101.75 MB ( 19%) committed. 

Chunk freelists:
   Non-Class:  8.17 MB
       Class:  1.29 MB
        Both:  9.46 MB

MaxMetaspaceSize: 512.00 MB
CompressedClassSpaceSize: 416.00 MB
Initial GC threshold: 21.00 MB
Current GC threshold: 146.25 MB
CDS: on
MetaspaceReclaimPolicy: balanced
 - commit_granule_bytes: 65536.
 - commit_granule_words: 8192.
 - virtual_space_node_default_size: 8388608.
 - enlarge_chunks_in_place: 1.
 - new_chunks_are_fully_committed: 0.
 - uncommit_free_chunks: 1.
 - use_allocation_guard: 0.
 - handle_deallocations: 1.


Internal statistics:

num_allocs_failed_limit: 6.
num_arena_births: 1448.
num_arena_deaths: 0.
num_vsnodes_births: 3.
num_vsnodes_deaths: 0.
num_space_committed: 1628.
num_space_uncommitted: 0.
num_chunks_returned_to_freelist: 6.
num_chunks_taken_from_freelist: 6063.
num_chunk_merges: 6.
num_chunk_splits: 3885.
num_chunks_enlarged: 2442.
num_inconsistent_stats: 0.

CodeHeap 'non-profiled nmethods': size=120000Kb used=9877Kb max_used=9877Kb free=110122Kb
 bounds [0x000001825fe60000, 0x0000018260810000, 0x0000018267390000]
CodeHeap 'profiled nmethods': size=120000Kb used=26206Kb max_used=26234Kb free=93793Kb
 bounds [0x0000018258390000, 0x0000018259d30000, 0x000001825f8c0000]
CodeHeap 'non-nmethods': size=5760Kb used=2413Kb max_used=2579Kb free=3346Kb
 bounds [0x000001825f8c0000, 0x000001825fb50000, 0x000001825fe60000]
 total_blobs=14435 nmethods=13486 adapters=861
 compilation: enabled
              stopped_count=0, restarted_count=0
 full_count=0

Compilation events (20 events):
Event: 54.593 Thread 0x000001826ebfb940 nmethod 15618 0x0000018260801c10 code [0x0000018260801d80, 0x0000018260801df8]
Event: 54.595 Thread 0x00000182790c4470 nmethod 15617 0x0000018260801f10 code [0x00000182608020a0, 0x0000018260802358]
Event: 54.597 Thread 0x00000182790c4470 15619       4       java.util.concurrent.FutureTask::report (37 bytes)
Event: 54.597 Thread 0x000001826ebfb940 15620       4       java.util.concurrent.FutureTask::get (23 bytes)
Event: 54.597 Thread 0x00000182790c4470 nmethod 15619 0x0000018260802590 code [0x0000018260802700, 0x0000018260802798]
Event: 54.603 Thread 0x000001826ebfb940 nmethod 15620 0x0000018260802890 code [0x0000018260802a20, 0x0000018260803268]
Event: 54.606 Thread 0x000001826ebfb940 15621       4       org.gradle.internal.file.impl.DefaultFileMetadata::file (15 bytes)
Event: 54.607 Thread 0x000001826ebfb940 nmethod 15621 0x0000018260803510 code [0x00000182608036a0, 0x0000018260803778]
Event: 54.643 Thread 0x000001826ebfb940 15622       4       sun.security.provider.DigestBase::implCompressMultiBlockCheck (67 bytes)
Event: 54.643 Thread 0x000001826ebfb940 nmethod 15622 0x0000018260803810 code [0x00000182608039a0, 0x0000018260803ad8]
Event: 54.656 Thread 0x000001826ebfb940 15623       4       java.util.ArrayDeque::peekLast (19 bytes)
Event: 54.657 Thread 0x000001826ebfb940 nmethod 15623 0x0000018260803c10 code [0x0000018260803d80, 0x0000018260803e38]
Event: 54.660 Thread 0x00000182790c4470 15624   !   4       java.nio.file.FileTreeWalker::next (144 bytes)
Event: 54.668 Thread 0x000001826ebfb940 15625       4       org.gradle.internal.io.StreamByteBuffer$StreamByteBufferInputStream::read (8 bytes)
Event: 54.668 Thread 0x000001826ebfb940 nmethod 15625 0x0000018260803f10 code [0x00000182608040a0, 0x0000018260804148]
Event: 54.668 Thread 0x000001826ebfb940 15626   !   4       org.gradle.internal.serialize.kryo.KryoBackedDecoder::readLong (15 bytes)
Event: 54.672 Thread 0x000001826ebfb940 nmethod 15626 0x0000018260804210 code [0x00000182608043c0, 0x0000018260804948]
Event: 54.674 Thread 0x000001826ebfb940 15627       4       org.gradle.cache.internal.DefaultFileLockManager$DefaultFileLock::assertOpenAndIntegral (41 bytes)
Event: 54.674 Thread 0x000001826ebfb940 nmethod 15627 0x0000018260804e10 code [0x0000018260804fa0, 0x00000182608050d8]
Event: 54.678 Thread 0x000001826ebfb940 15628   !   4       org.gradle.cache.internal.DefaultMultiProcessSafeIndexedCache::getIfPresent (25 bytes)

GC Heap History (20 events):
Event: 47.995 GC heap before
{Heap before GC invocations=62 (full 0):
 garbage-first heap   total 206848K, used 169340K [0x0000000080000000, 0x0000000100000000)
  region size 1024K, 48 young (49152K), 5 survivors (5120K)
 Metaspace       used 94745K, committed 95616K, reserved 557056K
  class space    used 13408K, committed 13824K, reserved 425984K
}
Event: 48.006 GC heap after
{Heap after GC invocations=63 (full 0):
 garbage-first heap   total 206848K, used 132228K [0x0000000080000000, 0x0000000100000000)
  region size 1024K, 6 young (6144K), 6 survivors (6144K)
 Metaspace       used 94745K, committed 95616K, reserved 557056K
  class space    used 13408K, committed 13824K, reserved 425984K
}
Event: 48.205 GC heap before
{Heap before GC invocations=63 (full 0):
 garbage-first heap   total 206848K, used 170116K [0x0000000080000000, 0x0000000100000000)
  region size 1024K, 43 young (44032K), 6 survivors (6144K)
 Metaspace       used 94797K, committed 95680K, reserved 557056K
  class space    used 13412K, committed 13824K, reserved 425984K
}
Event: 48.214 GC heap after
{Heap after GC invocations=64 (full 0):
 garbage-first heap   total 206848K, used 139483K [0x0000000080000000, 0x0000000100000000)
  region size 1024K, 6 young (6144K), 6 survivors (6144K)
 Metaspace       used 94797K, committed 95680K, reserved 557056K
  class space    used 13412K, committed 13824K, reserved 425984K
}
Event: 48.607 GC heap before
{Heap before GC invocations=64 (full 0):
 garbage-first heap   total 206848K, used 172251K [0x0000000080000000, 0x0000000100000000)
  region size 1024K, 37 young (37888K), 6 survivors (6144K)
 Metaspace       used 95242K, committed 96256K, reserved 557056K
  class space    used 13461K, committed 13888K, reserved 425984K
}
Event: 48.616 GC heap after
{Heap after GC invocations=65 (full 0):
 garbage-first heap   total 206848K, used 145015K [0x0000000080000000, 0x0000000100000000)
  region size 1024K, 5 young (5120K), 5 survivors (5120K)
 Metaspace       used 95242K, committed 96256K, reserved 557056K
  class space    used 13461K, committed 13888K, reserved 425984K
}
Event: 49.048 GC heap before
{Heap before GC invocations=65 (full 0):
 garbage-first heap   total 206848K, used 172663K [0x0000000080000000, 0x0000000100000000)
  region size 1024K, 32 young (32768K), 5 survivors (5120K)
 Metaspace       used 95537K, committed 96576K, reserved 557056K
  class space    used 13489K, committed 13952K, reserved 425984K
}
Event: 49.056 GC heap after
{Heap after GC invocations=66 (full 0):
 garbage-first heap   total 261120K, used 153911K [0x0000000080000000, 0x0000000100000000)
  region size 1024K, 4 young (4096K), 4 survivors (4096K)
 Metaspace       used 95537K, committed 96576K, reserved 557056K
  class space    used 13489K, committed 13952K, reserved 425984K
}
Event: 49.781 GC heap before
{Heap before GC invocations=66 (full 0):
 garbage-first heap   total 261120K, used 207159K [0x0000000080000000, 0x0000000100000000)
  region size 1024K, 55 young (56320K), 4 survivors (4096K)
 Metaspace       used 96675K, committed 97728K, reserved 557056K
  class space    used 13649K, committed 14144K, reserved 425984K
}
Event: 49.790 GC heap after
{Heap after GC invocations=67 (full 0):
 garbage-first heap   total 261120K, used 166283K [0x0000000080000000, 0x0000000100000000)
  region size 1024K, 7 young (7168K), 7 survivors (7168K)
 Metaspace       used 96675K, committed 97728K, reserved 557056K
  class space    used 13649K, committed 14144K, reserved 425984K
}
Event: 50.436 GC heap before
{Heap before GC invocations=67 (full 0):
 garbage-first heap   total 261120K, used 210315K [0x0000000080000000, 0x0000000100000000)
  region size 1024K, 50 young (51200K), 7 survivors (7168K)
 Metaspace       used 100749K, committed 101888K, reserved 557056K
  class space    used 14208K, committed 14720K, reserved 425984K
}
Event: 50.447 GC heap after
{Heap after GC invocations=68 (full 0):
 garbage-first heap   total 261120K, used 170470K [0x0000000080000000, 0x0000000100000000)
  region size 1024K, 4 young (4096K), 4 survivors (4096K)
 Metaspace       used 100749K, committed 101888K, reserved 557056K
  class space    used 14208K, committed 14720K, reserved 425984K
}
Event: 51.827 GC heap before
{Heap before GC invocations=68 (full 0):
 garbage-first heap   total 261120K, used 213478K [0x0000000080000000, 0x0000000100000000)
  region size 1024K, 46 young (47104K), 4 survivors (4096K)
 Metaspace       used 101576K, committed 102656K, reserved 557056K
  class space    used 14279K, committed 14784K, reserved 425984K
}
Event: 51.837 GC heap after
{Heap after GC invocations=69 (full 0):
 garbage-first heap   total 261120K, used 176128K [0x0000000080000000, 0x0000000100000000)
  region size 1024K, 6 young (6144K), 6 survivors (6144K)
 Metaspace       used 101576K, committed 102656K, reserved 557056K
  class space    used 14279K, committed 14784K, reserved 425984K
}
Event: 52.719 GC heap before
{Heap before GC invocations=69 (full 0):
 garbage-first heap   total 261120K, used 216064K [0x0000000080000000, 0x0000000100000000)
  region size 1024K, 45 young (46080K), 6 survivors (6144K)
 Metaspace       used 101819K, committed 102912K, reserved 557056K
  class space    used 14294K, committed 14784K, reserved 425984K
}
Event: 52.733 GC heap after
{Heap after GC invocations=70 (full 0):
 garbage-first heap   total 261120K, used 181586K [0x0000000080000000, 0x0000000100000000)
  region size 1024K, 5 young (5120K), 5 survivors (5120K)
 Metaspace       used 101819K, committed 102912K, reserved 557056K
  class space    used 14294K, committed 14784K, reserved 425984K
}
Event: 53.710 GC heap before
{Heap before GC invocations=70 (full 0):
 garbage-first heap   total 261120K, used 216402K [0x0000000080000000, 0x0000000100000000)
  region size 1024K, 40 young (40960K), 5 survivors (5120K)
 Metaspace       used 102587K, committed 103680K, reserved 557056K
  class space    used 14401K, committed 14912K, reserved 425984K
}
Event: 53.719 GC heap after
{Heap after GC invocations=71 (full 0):
 garbage-first heap   total 261120K, used 184023K [0x0000000080000000, 0x0000000100000000)
  region size 1024K, 3 young (3072K), 3 survivors (3072K)
 Metaspace       used 102587K, committed 103680K, reserved 557056K
  class space    used 14401K, committed 14912K, reserved 425984K
}
Event: 54.402 GC heap before
{Heap before GC invocations=71 (full 0):
 garbage-first heap   total 261120K, used 219863K [0x0000000080000000, 0x0000000100000000)
  region size 1024K, 38 young (38912K), 3 survivors (3072K)
 Metaspace       used 102977K, committed 104128K, reserved 557056K
  class space    used 14447K, committed 14976K, reserved 425984K
}
Event: 54.410 GC heap after
{Heap after GC invocations=72 (full 0):
 garbage-first heap   total 261120K, used 187875K [0x0000000080000000, 0x0000000100000000)
  region size 1024K, 5 young (5120K), 5 survivors (5120K)
 Metaspace       used 102977K, committed 104128K, reserved 557056K
  class space    used 14447K, committed 14976K, reserved 425984K
}

Dll operation events (14 events):
Event: 0.015 Loaded shared library C:\Program Files\Microsoft\jdk-17.0.8.7-hotspot\bin\java.dll
Event: 0.032 Loaded shared library C:\Program Files\Microsoft\jdk-17.0.8.7-hotspot\bin\jsvml.dll
Event: 0.068 Loaded shared library C:\Program Files\Microsoft\jdk-17.0.8.7-hotspot\bin\zip.dll
Event: 0.071 Loaded shared library C:\Program Files\Microsoft\jdk-17.0.8.7-hotspot\bin\instrument.dll
Event: 0.075 Loaded shared library C:\Program Files\Microsoft\jdk-17.0.8.7-hotspot\bin\net.dll
Event: 0.076 Loaded shared library C:\Program Files\Microsoft\jdk-17.0.8.7-hotspot\bin\nio.dll
Event: 0.078 Loaded shared library C:\Program Files\Microsoft\jdk-17.0.8.7-hotspot\bin\zip.dll
Event: 0.197 Loaded shared library C:\Program Files\Microsoft\jdk-17.0.8.7-hotspot\bin\jimage.dll
Event: 0.326 Loaded shared library C:\Program Files\Microsoft\jdk-17.0.8.7-hotspot\bin\verify.dll
Event: 0.579 Loaded shared library C:\Users\Gabriel\.gradle\native\68d5fa5c4cc2d200863cafc0d521ce42e7d3e7ee720ec0a83991735586a16f82\windows-amd64\native-platform.dll
Event: 0.615 Loaded shared library C:\Users\Gabriel\.gradle\native\e376f236ea51e6404a007f0833ffe2c6e607c4080706a723a18a27aeea778392\windows-amd64\native-platform-file-events.dll
Event: 2.251 Loaded shared library C:\Program Files\Microsoft\jdk-17.0.8.7-hotspot\bin\management.dll
Event: 2.253 Loaded shared library C:\Program Files\Microsoft\jdk-17.0.8.7-hotspot\bin\management_ext.dll
Event: 2.824 Loaded shared library C:\Program Files\Microsoft\jdk-17.0.8.7-hotspot\bin\sunmscapi.dll

Deoptimization events (20 events):
Event: 54.304 Thread 0x00000182777231d0 Uncommon trap: trap_request=0xffffffc6 fr.pc=0x0000018260776478 relative=0x00000000000005b8
Event: 54.304 Thread 0x00000182777231d0 Uncommon trap: reason=bimorphic_or_optimized_type_check action=maybe_recompile pc=0x0000018260776478 method=java.io.DataOutputStream.writeInt(I)V @ 53 c2
Event: 54.304 Thread 0x00000182777231d0 DEOPT PACKING pc=0x0000018260776478 sp=0x00000064dcffc160
Event: 54.304 Thread 0x00000182777231d0 DEOPT UNPACKING pc=0x000001825f9169a3 sp=0x00000064dcffc128 mode 2
Event: 54.311 Thread 0x00000182777231d0 Uncommon trap: trap_request=0xffffffc6 fr.pc=0x00000182607c35c8 relative=0x00000000000000a8
Event: 54.311 Thread 0x00000182777231d0 Uncommon trap: reason=bimorphic_or_optimized_type_check action=maybe_recompile pc=0x00000182607c35c8 method=org.gradle.execution.plan.ActionNode.hasPendingPreExecutionNodes()Z @ 11 c2
Event: 54.311 Thread 0x00000182777231d0 DEOPT PACKING pc=0x00000182607c35c8 sp=0x00000064dcffeb00
Event: 54.311 Thread 0x00000182777231d0 DEOPT UNPACKING pc=0x000001825f9169a3 sp=0x00000064dcffea88 mode 2
Event: 54.346 Thread 0x00000182777231d0 Uncommon trap: trap_request=0xffffffc6 fr.pc=0x00000182607c35c8 relative=0x00000000000000a8
Event: 54.346 Thread 0x00000182777231d0 Uncommon trap: reason=bimorphic_or_optimized_type_check action=maybe_recompile pc=0x00000182607c35c8 method=org.gradle.execution.plan.ActionNode.hasPendingPreExecutionNodes()Z @ 11 c2
Event: 54.346 Thread 0x00000182777231d0 DEOPT PACKING pc=0x00000182607c35c8 sp=0x00000064dcffeb00
Event: 54.346 Thread 0x00000182777231d0 DEOPT UNPACKING pc=0x000001825f9169a3 sp=0x00000064dcffea88 mode 2
Event: 54.350 Thread 0x00000182777231d0 Uncommon trap: trap_request=0xffffffc6 fr.pc=0x00000182607c35c8 relative=0x00000000000000a8
Event: 54.350 Thread 0x00000182777231d0 Uncommon trap: reason=bimorphic_or_optimized_type_check action=maybe_recompile pc=0x00000182607c35c8 method=org.gradle.execution.plan.ActionNode.hasPendingPreExecutionNodes()Z @ 11 c2
Event: 54.350 Thread 0x00000182777231d0 DEOPT PACKING pc=0x00000182607c35c8 sp=0x00000064dcffeb00
Event: 54.350 Thread 0x00000182777231d0 DEOPT UNPACKING pc=0x000001825f9169a3 sp=0x00000064dcffea88 mode 2
Event: 54.355 Thread 0x00000182777231d0 Uncommon trap: trap_request=0xffffffc6 fr.pc=0x00000182607c35c8 relative=0x00000000000000a8
Event: 54.355 Thread 0x00000182777231d0 Uncommon trap: reason=bimorphic_or_optimized_type_check action=maybe_recompile pc=0x00000182607c35c8 method=org.gradle.execution.plan.ActionNode.hasPendingPreExecutionNodes()Z @ 11 c2
Event: 54.355 Thread 0x00000182777231d0 DEOPT PACKING pc=0x00000182607c35c8 sp=0x00000064dcffeb00
Event: 54.355 Thread 0x00000182777231d0 DEOPT UNPACKING pc=0x000001825f9169a3 sp=0x00000064dcffea88 mode 2

Classes unloaded (0 events):
No events

Classes redefined (0 events):
No events

Internal exceptions (20 events):
Event: 50.216 Thread 0x00000182748823a0 Implicit null exception at 0x000001826060b309 to 0x000001826060bb2c
Event: 50.447 Thread 0x000001826ebd4540 Implicit null exception at 0x0000018260323700 to 0x0000018260323e88
Event: 51.216 Thread 0x00000182748823a0 Exception <a 'java/lang/IncompatibleClassChangeError'{0x000000008e724250}: Found class java.lang.Object, but interface was expected> (0x000000008e724250) 
thrown [s\src\hotspot\share\interpreter\linkResolver.cpp, line 826]
Event: 51.425 Thread 0x00000182748823a0 Exception <a 'sun/nio/fs/WindowsException'{0x000000008df8ff40}> (0x000000008df8ff40) 
thrown [s\src\hotspot\share\prims\jni.cpp, line 516]
Event: 51.425 Thread 0x00000182748823a0 Exception <a 'sun/nio/fs/WindowsException'{0x000000008df91590}> (0x000000008df91590) 
thrown [s\src\hotspot\share\prims\jni.cpp, line 516]
Event: 51.426 Thread 0x00000182748823a0 Exception <a 'sun/nio/fs/WindowsException'{0x000000008df92c30}> (0x000000008df92c30) 
thrown [s\src\hotspot\share\prims\jni.cpp, line 516]
Event: 51.426 Thread 0x00000182748823a0 Exception <a 'sun/nio/fs/WindowsException'{0x000000008df942d0}> (0x000000008df942d0) 
thrown [s\src\hotspot\share\prims\jni.cpp, line 516]
Event: 52.931 Thread 0x0000018277399810 Exception <a 'java/lang/NoSuchMethodError'{0x000000008f42c088}: 'void java.lang.invoke.DirectMethodHandle$Holder.invokeStatic(java.lang.Object, java.lang.Object, java.lang.Object, java.lang.Object, int, java.lang.Object, java.lang.Object)'> (0x000000008f42c088) 
thrown [s\src\hotspot\share\interpreter\linkResolver.cpp, line 759]
Event: 52.966 Thread 0x00000182733c82e0 Exception <a 'java/lang/NoSuchMethodError'{0x000000008f3ad8a8}: 'java.lang.Object java.lang.invoke.DirectMethodHandle$Holder.invokeSpecialIFC(java.lang.Object, java.lang.Object, java.lang.Object)'> (0x000000008f3ad8a8) 
thrown [s\src\hotspot\share\interpreter\linkResolver.cpp, line 759]
Event: 52.966 Thread 0x00000182733cab60 Exception <a 'java/lang/NoSuchMethodError'{0x000000008f3ce4a8}: 'java.lang.Object java.lang.invoke.DirectMethodHandle$Holder.invokeSpecialIFC(java.lang.Object, java.lang.Object, java.lang.Object)'> (0x000000008f3ce4a8) 
thrown [s\src\hotspot\share\interpreter\linkResolver.cpp, line 759]
Event: 52.966 Thread 0x00000182733c73b0 Exception <a 'java/lang/NoSuchMethodError'{0x000000008f3a05b8}: 'java.lang.Object java.lang.invoke.DirectMethodHandle$Holder.invokeSpecialIFC(java.lang.Object, java.lang.Object, java.lang.Object)'> (0x000000008f3a05b8) 
thrown [s\src\hotspot\share\interpreter\linkResolver.cpp, line 759]
Event: 53.419 Thread 0x00000182733c73b0 Exception <a 'java/lang/NoSuchMethodError'{0x000000008e618390}: 'void java.lang.invoke.DirectMethodHandle$Holder.invokeVirtual(java.lang.Object, java.lang.Object)'> (0x000000008e618390) 
thrown [s\src\hotspot\share\interpreter\linkResolver.cpp, line 759]
Event: 53.419 Thread 0x00000182733cab60 Exception <a 'java/lang/NoSuchMethodError'{0x000000008e65f8c8}: 'void java.lang.invoke.DirectMethodHandle$Holder.invokeVirtual(java.lang.Object, java.lang.Object)'> (0x000000008e65f8c8) 
thrown [s\src\hotspot\share\interpreter\linkResolver.cpp, line 759]
Event: 54.264 Thread 0x00000182777231d0 Exception <a 'java/lang/ClassNotFoundException'{0x000000008e68de70}: groovy/util/FileTreeBuilderBeanInfo> (0x000000008e68de70) 
thrown [s\src\hotspot\share\classfile\systemDictionary.cpp, line 256]
Event: 54.265 Thread 0x00000182777231d0 Exception <a 'java/lang/ClassNotFoundException'{0x000000008e6f24f0}: groovy/util/FileTreeBuilderCustomizer> (0x000000008e6f24f0) 
thrown [s\src\hotspot\share\classfile\systemDictionary.cpp, line 256]
Event: 54.282 Thread 0x00000182777231d0 Exception <a 'java/lang/ClassNotFoundException'{0x000000008e52ad80}: java/io/BufferedWriterBeanInfo> (0x000000008e52ad80) 
thrown [s\src\hotspot\share\classfile\systemDictionary.cpp, line 256]
Event: 54.282 Thread 0x00000182777231d0 Exception <a 'java/lang/ClassNotFoundException'{0x000000008e530670}: java/io/WriterBeanInfo> (0x000000008e530670) 
thrown [s\src\hotspot\share\classfile\systemDictionary.cpp, line 256]
Event: 54.282 Thread 0x00000182777231d0 Exception <a 'java/lang/ClassNotFoundException'{0x000000008e535d60}: java/io/WriterCustomizer> (0x000000008e535d60) 
thrown [s\src\hotspot\share\classfile\systemDictionary.cpp, line 256]
Event: 54.282 Thread 0x00000182777231d0 Exception <a 'java/lang/ClassNotFoundException'{0x000000008e544aa0}: java/io/BufferedWriterCustomizer> (0x000000008e544aa0) 
thrown [s\src\hotspot\share\classfile\systemDictionary.cpp, line 256]
Event: 54.304 Thread 0x00000182777231d0 Exception <a 'java/lang/NoSuchMethodError'{0x000000008e5dd3f8}: static Lcom/android/build/api/variant/BuildConfigField;.<clinit>()V> (0x000000008e5dd3f8) 
thrown [s\src\hotspot\share\prims\jni.cpp, line 1107]

VM Operations (20 events):
Event: 52.938 Executing VM operation: HandshakeAllThreads
Event: 52.938 Executing VM operation: HandshakeAllThreads done
Event: 53.004 Executing VM operation: HandshakeAllThreads
Event: 53.004 Executing VM operation: HandshakeAllThreads done
Event: 53.006 Executing VM operation: HandshakeAllThreads
Event: 53.006 Executing VM operation: HandshakeAllThreads done
Event: 53.011 Executing VM operation: ICBufferFull
Event: 53.012 Executing VM operation: ICBufferFull done
Event: 53.568 Executing VM operation: ICBufferFull
Event: 53.569 Executing VM operation: ICBufferFull done
Event: 53.709 Executing VM operation: G1CollectForAllocation
Event: 53.719 Executing VM operation: G1CollectForAllocation done
Event: 54.321 Executing VM operation: ICBufferFull
Event: 54.321 Executing VM operation: ICBufferFull done
Event: 54.402 Executing VM operation: G1CollectForAllocation
Event: 54.410 Executing VM operation: G1CollectForAllocation done
Event: 54.674 Executing VM operation: HandshakeAllThreads
Event: 54.675 Executing VM operation: HandshakeAllThreads done
Event: 54.690 Executing VM operation: ICBufferFull
Event: 54.690 Executing VM operation: ICBufferFull done

Events (20 events):
Event: 54.282 loading class java/io/WriterCustomizer
Event: 54.282 loading class java/io/WriterCustomizer done
Event: 54.282 loading class java/io/WriterCustomizer
Event: 54.282 loading class java/io/WriterCustomizer done
Event: 54.282 loading class java/io/BufferedWriterCustomizer
Event: 54.282 loading class java/io/BufferedWriterCustomizer done
Event: 54.282 loading class java/io/BufferedWriterCustomizer
Event: 54.282 loading class java/io/BufferedWriterCustomizer done
Event: 54.679 Thread 0x000001826ec0ba90 flushing nmethod 0x00000182583e3c90
Event: 54.679 Thread 0x000001826ec0ba90 flushing nmethod 0x000001825842e690
Event: 54.681 Thread 0x000001826ec0ba90 flushing nmethod 0x0000018258765590
Event: 54.681 Thread 0x000001826ec0ba90 flushing nmethod 0x000001825879a590
Event: 54.682 Thread 0x000001826ec0ba90 flushing nmethod 0x00000182589ea010
Event: 54.682 Thread 0x000001826ec0ba90 flushing nmethod 0x0000018258b4da90
Event: 54.683 Thread 0x000001826ec0ba90 flushing nmethod 0x0000018258bae110
Event: 54.685 Thread 0x000001826ec0ba90 flushing nmethod 0x0000018259066790
Event: 54.685 Thread 0x000001826ec0ba90 flushing nmethod 0x000001825906b410
Event: 54.685 Thread 0x000001826ec0ba90 flushing nmethod 0x000001825907d310
Event: 54.685 Thread 0x000001826ec0ba90 flushing nmethod 0x000001825907d790
Event: 54.686 Thread 0x000001826ec0ba90 flushing nmethod 0x00000182591bc410


Dynamic libraries:
0x00007ff765c00000 - 0x00007ff765c0e000 	C:\Program Files\Microsoft\jdk-17.0.8.7-hotspot\bin\java.exe
0x00007ffed68a0000 - 0x00007ffed6ae7000 	C:\WINDOWS\SYSTEM32\ntdll.dll
0x00007ffed56c0000 - 0x00007ffed578a000 	C:\WINDOWS\System32\KERNEL32.DLL
0x00007ffed3e20000 - 0x00007ffed4197000 	C:\WINDOWS\System32\KERNELBASE.dll
0x00007ffed41a0000 - 0x00007ffed42dc000 	C:\WINDOWS\System32\ucrtbase.dll
0x00007ffeb5630000 - 0x00007ffeb5647000 	C:\Program Files\Microsoft\jdk-17.0.8.7-hotspot\bin\jli.dll
0x00007ffea83c0000 - 0x00007ffea83db000 	C:\Program Files\Microsoft\jdk-17.0.8.7-hotspot\bin\VCRUNTIME140.dll
0x00007ffed6280000 - 0x00007ffed6441000 	C:\WINDOWS\System32\USER32.dll
0x00007ffeb9720000 - 0x00007ffeb99b1000 	C:\WINDOWS\WinSxS\amd64_microsoft.windows.common-controls_6595b64144ccf1df_6.0.26020.1000_none_3bd837a8e6b1a503\COMCTL32.dll
0x00007ffed42e0000 - 0x00007ffed4307000 	C:\WINDOWS\System32\win32u.dll
0x00007ffed64e0000 - 0x00007ffed6587000 	C:\WINDOWS\System32\msvcrt.dll
0x00007ffed5810000 - 0x00007ffed583a000 	C:\WINDOWS\System32\GDI32.dll
0x00007ffed4310000 - 0x00007ffed4430000 	C:\WINDOWS\System32\gdi32full.dll
0x00007ffed3d70000 - 0x00007ffed3e15000 	C:\WINDOWS\System32\msvcp_win.dll
0x00007ffed6820000 - 0x00007ffed6851000 	C:\WINDOWS\System32\IMM32.DLL
0x00007ffeb6570000 - 0x00007ffeb657c000 	C:\Program Files\Microsoft\jdk-17.0.8.7-hotspot\bin\vcruntime140_1.dll
0x00007ffe56570000 - 0x00007ffe565fd000 	C:\Program Files\Microsoft\jdk-17.0.8.7-hotspot\bin\msvcp140.dll
0x00007ffe54910000 - 0x00007ffe55575000 	C:\Program Files\Microsoft\jdk-17.0.8.7-hotspot\bin\server\jvm.dll
0x00007ffed55d0000 - 0x00007ffed5682000 	C:\WINDOWS\System32\ADVAPI32.dll
0x00007ffed5190000 - 0x00007ffed5235000 	C:\WINDOWS\System32\sechost.dll
0x00007ffed3d40000 - 0x00007ffed3d66000 	C:\WINDOWS\System32\bcrypt.dll
0x00007ffed6070000 - 0x00007ffed6186000 	C:\WINDOWS\System32\RPCRT4.dll
0x00007ffed3aa0000 - 0x00007ffed3aef000 	C:\WINDOWS\SYSTEM32\POWRPROF.dll
0x00007ffeceb30000 - 0x00007ffeceb3a000 	C:\WINDOWS\SYSTEM32\WSOCK32.dll
0x00007ffecea70000 - 0x00007ffecea7b000 	C:\WINDOWS\SYSTEM32\VERSION.dll
0x00007ffeccd80000 - 0x00007ffeccdb5000 	C:\WINDOWS\SYSTEM32\WINMM.dll
0x00007ffed66f0000 - 0x00007ffed6764000 	C:\WINDOWS\System32\WS2_32.dll
0x00007ffed39d0000 - 0x00007ffed39e5000 	C:\WINDOWS\SYSTEM32\UMPDC.dll
0x00007ffed2ad0000 - 0x00007ffed2ae9000 	C:\WINDOWS\SYSTEM32\kernel.appcore.dll
0x00007ffeb5ac0000 - 0x00007ffeb5aca000 	C:\Program Files\Microsoft\jdk-17.0.8.7-hotspot\bin\jimage.dll
0x00007ffed14a0000 - 0x00007ffed16d7000 	C:\WINDOWS\SYSTEM32\DBGHELP.DLL
0x00007ffed5cf0000 - 0x00007ffed6060000 	C:\WINDOWS\System32\combase.dll
0x00007ffed50b0000 - 0x00007ffed5186000 	C:\WINDOWS\System32\OLEAUT32.dll
0x00007ffe840c0000 - 0x00007ffe840f9000 	C:\WINDOWS\SYSTEM32\dbgcore.DLL
0x00007ffed4440000 - 0x00007ffed44d4000 	C:\WINDOWS\System32\bcryptPrimitives.dll
0x00007ffeb37c0000 - 0x00007ffeb37ce000 	C:\Program Files\Microsoft\jdk-17.0.8.7-hotspot\bin\instrument.dll
0x00007ffea0280000 - 0x00007ffea02a5000 	C:\Program Files\Microsoft\jdk-17.0.8.7-hotspot\bin\java.dll
0x00007ffe56490000 - 0x00007ffe56567000 	C:\Program Files\Microsoft\jdk-17.0.8.7-hotspot\bin\jsvml.dll
0x00007ffed4660000 - 0x00007ffed4e1f000 	C:\WINDOWS\System32\SHELL32.dll
0x00007ffed1ac0000 - 0x00007ffed2318000 	C:\WINDOWS\SYSTEM32\windows.storage.dll
0x00007ffed6610000 - 0x00007ffed66e7000 	C:\WINDOWS\System32\SHCORE.dll
0x00007ffed6590000 - 0x00007ffed65ed000 	C:\WINDOWS\System32\shlwapi.dll
0x00007ffed3b20000 - 0x00007ffed3b44000 	C:\WINDOWS\SYSTEM32\profapi.dll
0x00007ffea0100000 - 0x00007ffea0118000 	C:\Program Files\Microsoft\jdk-17.0.8.7-hotspot\bin\zip.dll
0x00007ffea3aa0000 - 0x00007ffea3ab9000 	C:\Program Files\Microsoft\jdk-17.0.8.7-hotspot\bin\net.dll
0x00007ffeccfa0000 - 0x00007ffecd0bd000 	C:\WINDOWS\SYSTEM32\WINHTTP.dll
0x00007ffed2f60000 - 0x00007ffed2fc8000 	C:\WINDOWS\system32\mswsock.dll
0x00007ffea1450000 - 0x00007ffea1466000 	C:\Program Files\Microsoft\jdk-17.0.8.7-hotspot\bin\nio.dll
0x00007ffeb5820000 - 0x00007ffeb5830000 	C:\Program Files\Microsoft\jdk-17.0.8.7-hotspot\bin\verify.dll
0x00007ffe5f120000 - 0x00007ffe5f147000 	C:\Users\Gabriel\.gradle\native\68d5fa5c4cc2d200863cafc0d521ce42e7d3e7ee720ec0a83991735586a16f82\windows-amd64\native-platform.dll
0x00007ffe547c0000 - 0x00007ffe54904000 	C:\Users\Gabriel\.gradle\native\e376f236ea51e6404a007f0833ffe2c6e607c4080706a723a18a27aeea778392\windows-amd64\native-platform-file-events.dll
0x00007ffeb5710000 - 0x00007ffeb5719000 	C:\Program Files\Microsoft\jdk-17.0.8.7-hotspot\bin\management.dll
0x00007ffeb5620000 - 0x00007ffeb562b000 	C:\Program Files\Microsoft\jdk-17.0.8.7-hotspot\bin\management_ext.dll
0x00007ffed5ce0000 - 0x00007ffed5ce8000 	C:\WINDOWS\System32\PSAPI.DLL
0x00007ffed3230000 - 0x00007ffed324c000 	C:\WINDOWS\SYSTEM32\CRYPTSP.dll
0x00007ffed2a30000 - 0x00007ffed2a68000 	C:\WINDOWS\system32\rsaenh.dll
0x00007ffed3020000 - 0x00007ffed304b000 	C:\WINDOWS\SYSTEM32\USERENV.dll
0x00007ffed3250000 - 0x00007ffed325c000 	C:\WINDOWS\SYSTEM32\CRYPTBASE.dll
0x00007ffed2530000 - 0x00007ffed2560000 	C:\WINDOWS\SYSTEM32\IPHLPAPI.DLL
0x00007ffed5460000 - 0x00007ffed546a000 	C:\WINDOWS\System32\NSI.dll
0x00007ffeccbf0000 - 0x00007ffeccc0d000 	C:\WINDOWS\SYSTEM32\dhcpcsvc6.DLL
0x00007ffeccbc0000 - 0x00007ffeccbe0000 	C:\WINDOWS\SYSTEM32\dhcpcsvc.DLL
0x00007ffed25b0000 - 0x00007ffed26c8000 	C:\WINDOWS\SYSTEM32\DNSAPI.dll
0x00007ffecd6e0000 - 0x00007ffecd6ee000 	C:\Program Files\Microsoft\jdk-17.0.8.7-hotspot\bin\sunmscapi.dll
0x00007ffed44e0000 - 0x00007ffed4656000 	C:\WINDOWS\System32\CRYPT32.dll
0x00007ffed3430000 - 0x00007ffed3460000 	C:\WINDOWS\SYSTEM32\ncrypt.dll
0x00007ffed33e0000 - 0x00007ffed341f000 	C:\WINDOWS\SYSTEM32\NTASN1.dll
0x00007ffecd6d0000 - 0x00007ffecd6d8000 	C:\WINDOWS\system32\wshunix.dll
0x00007ffea3e90000 - 0x00007ffea3ea8000 	C:\WINDOWS\system32\napinsp.dll
0x00007ffea3e70000 - 0x00007ffea3e83000 	C:\WINDOWS\System32\winrnr.dll
0x00007ffea3e40000 - 0x00007ffea3e62000 	C:\WINDOWS\system32\nlansp_c.dll
0x00007ffeaadd0000 - 0x00007ffeaade6000 	C:\WINDOWS\system32\wshbth.dll
0x00007ffecabc0000 - 0x00007ffecabcb000 	C:\Windows\System32\rasadhlp.dll
0x00007ffecc6b0000 - 0x00007ffecc735000 	C:\WINDOWS\System32\fwpuclnt.dll

dbghelp: loaded successfully - version: 4.0.5 - missing functions: none
symbol engine: initialized successfully - sym options: 0x614 - pdb path: .;C:\Program Files\Microsoft\jdk-17.0.8.7-hotspot\bin;C:\WINDOWS\SYSTEM32;C:\WINDOWS\WinSxS\amd64_microsoft.windows.common-controls_6595b64144ccf1df_6.0.26020.1000_none_3bd837a8e6b1a503;C:\Program Files\Microsoft\jdk-17.0.8.7-hotspot\bin\server;C:\Users\Gabriel\.gradle\native\68d5fa5c4cc2d200863cafc0d521ce42e7d3e7ee720ec0a83991735586a16f82\windows-amd64;C:\Users\Gabriel\.gradle\native\e376f236ea51e6404a007f0833ffe2c6e607c4080706a723a18a27aeea778392\windows-amd64

VM Arguments:
jvm_args: -XX:MaxMetaspaceSize=512m --add-opens=java.base/java.util=ALL-UNNAMED --add-opens=java.base/java.lang=ALL-UNNAMED --add-opens=java.base/java.lang.invoke=ALL-UNNAMED --add-opens=java.prefs/java.util.prefs=ALL-UNNAMED --add-opens=java.base/java.nio.charset=ALL-UNNAMED --add-opens=java.base/java.net=ALL-UNNAMED --add-opens=java.base/java.util.concurrent.atomic=ALL-UNNAMED -Xmx2048m -Dfile.encoding=windows-1252 -Duser.country=US -Duser.language=en -Duser.variant -javaagent:C:\Users\Gabriel\.gradle\wrapper\dists\gradle-8.3-all\6en3ugtfdg5xnpx44z4qbwgas\gradle-8.3\lib\agents\gradle-instrumentation-agent-8.3.jar 
java_command: org.gradle.launcher.daemon.bootstrap.GradleDaemon 8.3
java_class_path (initial): C:\Users\Gabriel\.gradle\wrapper\dists\gradle-8.3-all\6en3ugtfdg5xnpx44z4qbwgas\gradle-8.3\lib\gradle-launcher-8.3.jar
Launcher Type: SUN_STANDARD

[Global flags]
     intx CICompilerCount                          = 3                                         {product} {ergonomic}
   size_t CompressedClassSpaceSize                 = 436207616                                 {product} {ergonomic}
     uint ConcGCThreads                            = 1                                         {product} {ergonomic}
     uint G1ConcRefinementThreads                  = 4                                         {product} {ergonomic}
   size_t G1HeapRegionSize                         = 1048576                                   {product} {ergonomic}
    uintx GCDrainStackTargetSize                   = 64                                        {product} {ergonomic}
   size_t InitialHeapSize                          = 134217728                                 {product} {ergonomic}
   size_t MarkStackSize                            = 4194304                                   {product} {ergonomic}
   size_t MaxHeapSize                              = 2147483648                                {product} {command line}
   size_t MaxMetaspaceSize                         = 536870912                                 {product} {command line}
   size_t MaxNewSize                               = 1287651328                                {product} {ergonomic}
   size_t MinHeapDeltaBytes                        = 1048576                                   {product} {ergonomic}
   size_t MinHeapSize                              = 8388608                                   {product} {ergonomic}
    uintx NonNMethodCodeHeapSize                   = 5832780                                {pd product} {ergonomic}
    uintx NonProfiledCodeHeapSize                  = 122912730                              {pd product} {ergonomic}
    uintx ProfiledCodeHeapSize                     = 122912730                              {pd product} {ergonomic}
    uintx ReservedCodeCacheSize                    = 251658240                              {pd product} {ergonomic}
     bool SegmentedCodeCache                       = true                                      {product} {ergonomic}
   size_t SoftMaxHeapSize                          = 2147483648                             {manageable} {ergonomic}
     bool UseCompressedClassPointers               = true                           {product lp64_product} {ergonomic}
     bool UseCompressedOops                        = true                           {product lp64_product} {ergonomic}
     bool UseG1GC                                  = true                                      {product} {ergonomic}
     bool UseLargePagesIndividualAllocation        = false                                  {pd product} {ergonomic}

Logging:
Log output configuration:
 #0: stdout all=warning uptime,level,tags
 #1: stderr all=off uptime,level,tags

Environment Variables:
JAVA_HOME=C:\Program Files\Microsoft\jdk-17.0.8.7-hotspot
CLASSPATH=C:\Users\Gabriel\OneDrive\Documentos\ReactNative\UniversoCognitivo\android\\gradle\wrapper\gradle-wrapper.jar
PATH=C:\Users\Gabriel\OneDrive\Documentos\ReactNative\UniversoCognitivo\node_modules\.bin;C:\Users\Gabriel\OneDrive\Documentos\ReactNative\UniversoCognitivo\node_modules\.bin;C:\Users\Gabriel\OneDrive\Documentos\ReactNative\node_modules\.bin;C:\Users\Gabriel\OneDrive\Documentos\node_modules\.bin;C:\Users\Gabriel\OneDrive\node_modules\.bin;C:\Users\Gabriel\node_modules\.bin;C:\Users\node_modules\.bin;C:\node_modules\.bin;C:\Users\Gabriel\AppData\Roaming\npm\node_modules\npm\node_modules\@npmcli\run-script\lib\node-gyp-bin;C:\Users\Gabriel\OneDrive\Documentos\ReactNative\UniversoCognitivo\node_modules\.bin;C:\Users\Gabriel\OneDrive\Documentos\ReactNative\UniversoCognitivo\node_modules\.bin;C:\Users\Gabriel\OneDrive\Documentos\ReactNative\node_modules\.bin;C:\Users\Gabriel\OneDrive\Documentos\node_modules\.bin;C:\Users\Gabriel\OneDrive\node_modules\.bin;C:\Users\Gabriel\node_modules\.bin;C:\Users\node_modules\.bin;C:\node_modules\.bin;C:\Users\Gabriel\AppData\Roaming\npm\node_modules\npm\node_modules\@npmcli\run-script\lib\node-gyp-bin;C:\Program Files\Microsoft\jdk-17.0.8.7-hotspot\bin;C:\Python27\;C:\Python27\Scripts;C:\Program Files\Eclipse Adoptium\jdk-11.0.21.9-hotspot\bin;C:\Program Files\Common Files\Oracle\Java\javapath;C:\Program Files (x86)\Common Files\Oracle\Java\javapath;C:\WINDOWS\system32;C:\WINDOWS;C:\WINDOWS\System32\Wbem;C:\WINDOWS\System32\WindowsPowerShell\v1.0\;C:\WINDOWS\System32\OpenSSH\;C:\Program Files\dotnet\;C:\ProgramData\UNIVALI\Portugol Studio;C:\Program Files\NVIDIA Corporation\NVIDIA NvDLISR;C:\Program Files (x86)\NVIDIA Corporation\PhysX\Common;C:\xampp\php;C:\Program Files\Git\cmd;C:\ProgramData\chocolatey\bin;C:\Users\Gabriel\AppData\Local\Microsoft\WindowsApps;C:\Users\Gabriel\AppData\Local\Programs\Microsoft VS Code Insiders\bin;C:\Users\Gabriel\.dotnet\tools;C:\Users\Gabriel\AppData\Local\Programs\Microsoft VS Code\bin;C:\Users\Gabriel\AppData\Local\GitHubDesktop\bin;C:\Users\Gabriel\AppData\Local\Programs\Hyper\resources\bin;C:\Users
USERNAME=Gabriel
LANG=en_US.UTF-8
OS=Windows_NT
PROCESSOR_IDENTIFIER=Intel64 Family 6 Model 158 Stepping 10, GenuineIntel
TMP=C:\Users\Gabriel\AppData\Local\Temp
TEMP=C:\Users\Gabriel\AppData\Local\Temp



---------------  S Y S T E M  ---------------

OS:
 Windows 11 , 64 bit Build 26020 (10.0.26020.1000)
OS uptime: 0 days 0:04 hours

CPU: total 4 (initial active 4) (4 cores per cpu, 1 threads per core) family 6 model 158 stepping 10 microcode 0xde, cx8, cmov, fxsr, mmx, 3dnowpref, sse, sse2, sse3, ssse3, sse4.1, sse4.2, popcnt, lzcnt, tsc, tscinvbit, avx, avx2, aes, erms, clmul, bmi1, bmi2, adx, fma, vzeroupper, clflush, clflushopt
Processor Information for all 4 processors :
  Max Mhz: 3600, Current Mhz: 3600, Mhz Limit: 3600

Memory: 4k page, system-wide physical 8126M (661M free)
TotalPageFile size 17342M (AvailPageFile size 8058M)
current process WorkingSet (physical memory assigned to process): 578M, peak: 584M
current process commit charge ("private bytes"): 616M, peak: 621M

vm_info: OpenJDK 64-Bit Server VM (17.0.8+7-LTS) for windows-amd64 JRE (17.0.8+7-LTS), built on Jul  7 2023 17:21:55 by "MicrosoftCorporation" with MS VC++ 16.10 / 16.11 (VS2019)

END.
